-------------------------------------------------------------------------------
Test set: org.ssoup.denv.server.test.DenvClientTest
-------------------------------------------------------------------------------
Tests run: 5, Failures: 0, Errors: 5, Skipped: 0, Time elapsed: 21.082 sec <<< FAILURE!
runFigAndPanamaxApps(org.ssoup.denv.server.test.DenvClientTest)  Time elapsed: 8.881 sec  <<< ERROR!
java.lang.IllegalStateException: Failed to load ApplicationContext
	at org.springframework.test.context.CacheAwareContextLoaderDelegate.loadContext(CacheAwareContextLoaderDelegate.java:99)
	at org.springframework.test.context.DefaultTestContext.getApplicationContext(DefaultTestContext.java:101)
	at org.springframework.test.context.support.DependencyInjectionTestExecutionListener.injectDependencies(DependencyInjectionTestExecutionListener.java:109)
	at org.springframework.test.context.support.DependencyInjectionTestExecutionListener.prepareTestInstance(DependencyInjectionTestExecutionListener.java:75)
	at org.springframework.test.context.TestContextManager.prepareTestInstance(TestContextManager.java:331)
	at org.springframework.test.context.junit4.SpringJUnit4ClassRunner.createTest(SpringJUnit4ClassRunner.java:213)
	at org.springframework.test.context.junit4.SpringJUnit4ClassRunner$1.runReflectiveCall(SpringJUnit4ClassRunner.java:290)
	at org.junit.internal.runners.model.ReflectiveCallable.run(ReflectiveCallable.java:12)
	at org.springframework.test.context.junit4.SpringJUnit4ClassRunner.methodBlock(SpringJUnit4ClassRunner.java:292)
	at org.springframework.test.context.junit4.SpringJUnit4ClassRunner.runChild(SpringJUnit4ClassRunner.java:233)
	at org.springframework.test.context.junit4.SpringJUnit4ClassRunner.runChild(SpringJUnit4ClassRunner.java:87)
	at org.junit.runners.ParentRunner$3.run(ParentRunner.java:238)
	at org.junit.runners.ParentRunner$1.schedule(ParentRunner.java:63)
	at org.junit.runners.ParentRunner.runChildren(ParentRunner.java:236)
	at org.junit.runners.ParentRunner.access$000(ParentRunner.java:53)
	at org.junit.runners.ParentRunner$2.evaluate(ParentRunner.java:229)
	at org.springframework.test.context.junit4.statements.RunBeforeTestClassCallbacks.evaluate(RunBeforeTestClassCallbacks.java:61)
	at org.springframework.test.context.junit4.statements.RunAfterTestClassCallbacks.evaluate(RunAfterTestClassCallbacks.java:71)
	at org.junit.runners.ParentRunner.run(ParentRunner.java:309)
	at org.springframework.test.context.junit4.SpringJUnit4ClassRunner.run(SpringJUnit4ClassRunner.java:176)
	at org.apache.maven.surefire.junit4.JUnit4TestSet.execute(JUnit4TestSet.java:62)
	at org.apache.maven.surefire.suite.AbstractDirectoryTestSuite.executeTestSet(AbstractDirectoryTestSuite.java:140)
	at org.apache.maven.surefire.suite.AbstractDirectoryTestSuite.execute(AbstractDirectoryTestSuite.java:127)
	at org.apache.maven.surefire.Surefire.run(Surefire.java:177)
	at sun.reflect.NativeMethodAccessorImpl.invoke0(Native Method)
	at sun.reflect.NativeMethodAccessorImpl.invoke(NativeMethodAccessorImpl.java:39)
	at sun.reflect.DelegatingMethodAccessorImpl.invoke(DelegatingMethodAccessorImpl.java:25)
	at java.lang.reflect.Method.invoke(Method.java:597)
	at org.apache.maven.surefire.booter.SurefireBooter.runSuitesInProcess(SurefireBooter.java:345)
	at org.apache.maven.surefire.booter.SurefireBooter.main(SurefireBooter.java:1009)
Caused by: org.springframework.context.ApplicationContextException: Unable to start embedded container; nested exception is org.springframework.boot.context.embedded.EmbeddedServletContainerException: Unable to start embedded Tomcat
	at org.springframework.boot.context.embedded.EmbeddedWebApplicationContext.onRefresh(EmbeddedWebApplicationContext.java:135)
	at org.springframework.context.support.AbstractApplicationContext.refresh(AbstractApplicationContext.java:476)
	at org.springframework.boot.context.embedded.EmbeddedWebApplicationContext.refresh(EmbeddedWebApplicationContext.java:120)
	at org.springframework.boot.SpringApplication.refresh(SpringApplication.java:691)
	at org.springframework.boot.SpringApplication.run(SpringApplication.java:320)
	at org.springframework.boot.test.SpringApplicationContextLoader.loadContext(SpringApplicationContextLoader.java:107)
	at org.springframework.test.context.CacheAwareContextLoaderDelegate.loadContextInternal(CacheAwareContextLoaderDelegate.java:64)
	at org.springframework.test.context.CacheAwareContextLoaderDelegate.loadContext(CacheAwareContextLoaderDelegate.java:91)
	... 29 more
Caused by: org.springframework.boot.context.embedded.EmbeddedServletContainerException: Unable to start embedded Tomcat
	at org.springframework.boot.context.embedded.tomcat.TomcatEmbeddedServletContainer.initialize(TomcatEmbeddedServletContainer.java:100)
	at org.springframework.boot.context.embedded.tomcat.TomcatEmbeddedServletContainer.<init>(TomcatEmbeddedServletContainer.java:74)
	at org.springframework.boot.context.embedded.tomcat.TomcatEmbeddedServletContainerFactory.getTomcatEmbeddedServletContainer(TomcatEmbeddedServletContainerFactory.java:289)
	at org.springframework.boot.context.embedded.tomcat.TomcatEmbeddedServletContainerFactory.getEmbeddedServletContainer(TomcatEmbeddedServletContainerFactory.java:146)
	at org.springframework.boot.context.embedded.EmbeddedWebApplicationContext.createEmbeddedServletContainer(EmbeddedWebApplicationContext.java:159)
	at org.springframework.boot.context.embedded.EmbeddedWebApplicationContext.onRefresh(EmbeddedWebApplicationContext.java:132)
	... 36 more
Caused by: org.springframework.beans.factory.BeanCreationException: Error creating bean with name 'org.springframework.security.config.annotation.web.configuration.WebSecurityConfiguration': Injection of autowired dependencies failed; nested exception is org.springframework.beans.factory.BeanCreationException: Could not autowire method: public void org.springframework.security.config.annotation.web.configuration.WebSecurityConfiguration.setFilterChainProxySecurityConfigurer(org.springframework.security.config.annotation.ObjectPostProcessor,java.util.List) throws java.lang.Exception; nested exception is org.springframework.beans.factory.BeanExpressionException: Expression parsing failed; nested exception is org.springframework.beans.factory.BeanCreationException: Error creating bean with name 'securityConfig': Injection of autowired dependencies failed; nested exception is org.springframework.beans.factory.BeanCreationException: Could not autowire method: public void org.springframework.security.config.annotation.web.configuration.WebSecurityConfigurerAdapter.setContentNegotationStrategy(org.springframework.web.accept.ContentNegotiationStrategy); nested exception is org.springframework.beans.factory.BeanCreationException: Error creating bean with name 'org.springframework.web.servlet.config.annotation.DelegatingWebMvcConfiguration': Injection of autowired dependencies failed; nested exception is org.springframework.beans.factory.BeanCreationException: Could not autowire method: public void org.springframework.web.servlet.config.annotation.DelegatingWebMvcConfiguration.setConfigurers(java.util.List); nested exception is org.springframework.beans.factory.BeanCreationException: Error creating bean with name 'org.springframework.boot.autoconfigure.web.WebMvcAutoConfiguration$WebMvcAutoConfigurationAdapter': Injection of autowired dependencies failed; nested exception is org.springframework.beans.factory.BeanCreationException: Could not autowire field: private org.springframework.boot.autoconfigure.web.HttpMessageConverters org.springframework.boot.autoconfigure.web.WebMvcAutoConfiguration$WebMvcAutoConfigurationAdapter.messageConverters; nested exception is org.springframework.beans.factory.BeanCreationException: Error creating bean with name 'org.springframework.boot.autoconfigure.web.HttpMessageConvertersAutoConfiguration': Injection of autowired dependencies failed; nested exception is org.springframework.beans.factory.BeanCreationException: Could not autowire field: private final java.util.List org.springframework.boot.autoconfigure.web.HttpMessageConvertersAutoConfiguration.converters; nested exception is org.springframework.beans.factory.BeanCreationException: Error creating bean with name 'jacksonHttpMessageConverter' defined in class path resource [org/springframework/data/rest/webmvc/config/RepositoryRestMvcConfiguration.class]: Instantiation of bean failed; nested exception is org.springframework.beans.factory.BeanDefinitionStoreException: Factory method [public org.springframework.http.converter.json.MappingJackson2HttpMessageConverter org.springframework.data.rest.webmvc.config.RepositoryRestMvcConfiguration.jacksonHttpMessageConverter()] threw exception; nested exception is org.springframework.beans.factory.BeanCreationException: Error creating bean with name 'config' defined in class path resource [org/springframework/data/rest/webmvc/config/RepositoryRestMvcConfiguration.class]: Instantiation of bean failed; nested exception is org.springframework.beans.factory.BeanDefinitionStoreException: Factory method [public org.springframework.data.rest.core.config.RepositoryRestConfiguration org.springframework.data.rest.webmvc.config.RepositoryRestMvcConfiguration.config()] threw exception; nested exception is org.springframework.beans.factory.BeanCreationException: Error creating bean with name 'repositories' defined in class path resource [org/springframework/data/rest/webmvc/config/RepositoryRestMvcConfiguration.class]: Instantiation of bean failed; nested exception is org.springframework.beans.factory.BeanDefinitionStoreException: Factory method [public org.springframework.data.repository.support.Repositories org.springframework.data.rest.webmvc.config.RepositoryRestMvcConfiguration.repositories()] threw exception; nested exception is org.springframework.beans.factory.UnsatisfiedDependencyException: Error creating bean with name 'mongoDBEnvironmentRepositoryImpl' defined in URL [jar:file:/C:/workspaces/denv/denv-server-mongodb/target/denv-server-mongodb-0.1.0.jar!/org/ssoup/denv/server/persistence/mongodb/repository/MongoDBEnvironmentRepositoryImpl.class]: Unsatisfied dependency expressed through constructor argument with index 1 of type [org.ssoup.denv.server.persistence.ApplicationConfigRepository]: : No qualifying bean of type [org.ssoup.denv.server.persistence.ApplicationConfigRepository] is defined: expected single matching bean but found 2: mongoDBImageRepository,mongoDBApplicationConfigRepository; nested exception is org.springframework.beans.factory.NoUniqueBeanDefinitionException: No qualifying bean of type [org.ssoup.denv.server.persistence.ApplicationConfigRepository] is defined: expected single matching bean but found 2: mongoDBImageRepository,mongoDBApplicationConfigRepository
	at org.springframework.beans.factory.annotation.AutowiredAnnotationBeanPostProcessor.postProcessPropertyValues(AutowiredAnnotationBeanPostProcessor.java:292)
	at org.springframework.beans.factory.support.AbstractAutowireCapableBeanFactory.populateBean(AbstractAutowireCapableBeanFactory.java:1185)
	at org.springframework.beans.factory.support.AbstractAutowireCapableBeanFactory.doCreateBean(AbstractAutowireCapableBeanFactory.java:537)
	at org.springframework.beans.factory.support.AbstractAutowireCapableBeanFactory.createBean(AbstractAutowireCapableBeanFactory.java:475)
	at org.springframework.beans.factory.support.AbstractBeanFactory$1.getObject(AbstractBeanFactory.java:302)
	at org.springframework.beans.factory.support.DefaultSingletonBeanRegistry.getSingleton(DefaultSingletonBeanRegistry.java:228)
	at org.springframework.beans.factory.support.AbstractBeanFactory.doGetBean(AbstractBeanFactory.java:298)
	at org.springframework.beans.factory.support.AbstractBeanFactory.getBean(AbstractBeanFactory.java:193)
	at org.springframework.beans.factory.support.ConstructorResolver.instantiateUsingFactoryMethod(ConstructorResolver.java:370)
	at org.springframework.beans.factory.support.AbstractAutowireCapableBeanFactory.instantiateUsingFactoryMethod(AbstractAutowireCapableBeanFactory.java:1094)
	at org.springframework.beans.factory.support.AbstractAutowireCapableBeanFactory.createBeanInstance(AbstractAutowireCapableBeanFactory.java:989)
	at org.springframework.beans.factory.support.AbstractAutowireCapableBeanFactory.doCreateBean(AbstractAutowireCapableBeanFactory.java:504)
	at org.springframework.beans.factory.support.AbstractAutowireCapableBeanFactory.createBean(AbstractAutowireCapableBeanFactory.java:475)
	at org.springframework.beans.factory.support.AbstractBeanFactory$1.getObject(AbstractBeanFactory.java:302)
	at org.springframework.beans.factory.support.DefaultSingletonBeanRegistry.getSingleton(DefaultSingletonBeanRegistry.java:228)
	at org.springframework.beans.factory.support.AbstractBeanFactory.doGetBean(AbstractBeanFactory.java:298)
	at org.springframework.beans.factory.support.AbstractBeanFactory.getBean(AbstractBeanFactory.java:198)
	at org.springframework.boot.context.embedded.EmbeddedWebApplicationContext.getOrderedBeansOfType(EmbeddedWebApplicationContext.java:367)
	at org.springframework.boot.context.embedded.EmbeddedWebApplicationContext.getServletContextInitializerBeans(EmbeddedWebApplicationContext.java:268)
	at org.springframework.boot.context.embedded.EmbeddedWebApplicationContext$1.onStartup(EmbeddedWebApplicationContext.java:213)
	at org.springframework.boot.context.embedded.tomcat.ServletContextInitializerLifecycleListener.lifecycleEvent(ServletContextInitializerLifecycleListener.java:64)
	at org.apache.catalina.util.LifecycleSupport.fireLifecycleEvent(LifecycleSupport.java:117)
	at org.apache.catalina.util.LifecycleBase.fireLifecycleEvent(LifecycleBase.java:90)
	at org.apache.catalina.core.StandardContext.startInternal(StandardContext.java:5355)
	at org.apache.catalina.util.LifecycleBase.start(LifecycleBase.java:150)
	at org.apache.catalina.core.ContainerBase$StartChild.call(ContainerBase.java:1559)
	at org.apache.catalina.core.ContainerBase$StartChild.call(ContainerBase.java:1549)
	at java.util.concurrent.FutureTask$Sync.innerRun(FutureTask.java:303)
	at java.util.concurrent.FutureTask.run(FutureTask.java:138)
	at java.util.concurrent.ThreadPoolExecutor$Worker.runTask(ThreadPoolExecutor.java:886)
	at java.util.concurrent.ThreadPoolExecutor$Worker.run(ThreadPoolExecutor.java:908)
	at java.lang.Thread.run(Thread.java:662)
Caused by: org.springframework.beans.factory.BeanCreationException: Could not autowire method: public void org.springframework.security.config.annotation.web.configuration.WebSecurityConfiguration.setFilterChainProxySecurityConfigurer(org.springframework.security.config.annotation.ObjectPostProcessor,java.util.List) throws java.lang.Exception; nested exception is org.springframework.beans.factory.BeanExpressionException: Expression parsing failed; nested exception is org.springframework.beans.factory.BeanCreationException: Error creating bean with name 'securityConfig': Injection of autowired dependencies failed; nested exception is org.springframework.beans.factory.BeanCreationException: Could not autowire method: public void org.springframework.security.config.annotation.web.configuration.WebSecurityConfigurerAdapter.setContentNegotationStrategy(org.springframework.web.accept.ContentNegotiationStrategy); nested exception is org.springframework.beans.factory.BeanCreationException: Error creating bean with name 'org.springframework.web.servlet.config.annotation.DelegatingWebMvcConfiguration': Injection of autowired dependencies failed; nested exception is org.springframework.beans.factory.BeanCreationException: Could not autowire method: public void org.springframework.web.servlet.config.annotation.DelegatingWebMvcConfiguration.setConfigurers(java.util.List); nested exception is org.springframework.beans.factory.BeanCreationException: Error creating bean with name 'org.springframework.boot.autoconfigure.web.WebMvcAutoConfiguration$WebMvcAutoConfigurationAdapter': Injection of autowired dependencies failed; nested exception is org.springframework.beans.factory.BeanCreationException: Could not autowire field: private org.springframework.boot.autoconfigure.web.HttpMessageConverters org.springframework.boot.autoconfigure.web.WebMvcAutoConfiguration$WebMvcAutoConfigurationAdapter.messageConverters; nested exception is org.springframework.beans.factory.BeanCreationException: Error creating bean with name 'org.springframework.boot.autoconfigure.web.HttpMessageConvertersAutoConfiguration': Injection of autowired dependencies failed; nested exception is org.springframework.beans.factory.BeanCreationException: Could not autowire field: private final java.util.List org.springframework.boot.autoconfigure.web.HttpMessageConvertersAutoConfiguration.converters; nested exception is org.springframework.beans.factory.BeanCreationException: Error creating bean with name 'jacksonHttpMessageConverter' defined in class path resource [org/springframework/data/rest/webmvc/config/RepositoryRestMvcConfiguration.class]: Instantiation of bean failed; nested exception is org.springframework.beans.factory.BeanDefinitionStoreException: Factory method [public org.springframework.http.converter.json.MappingJackson2HttpMessageConverter org.springframework.data.rest.webmvc.config.RepositoryRestMvcConfiguration.jacksonHttpMessageConverter()] threw exception; nested exception is org.springframework.beans.factory.BeanCreationException: Error creating bean with name 'config' defined in class path resource [org/springframework/data/rest/webmvc/config/RepositoryRestMvcConfiguration.class]: Instantiation of bean failed; nested exception is org.springframework.beans.factory.BeanDefinitionStoreException: Factory method [public org.springframework.data.rest.core.config.RepositoryRestConfiguration org.springframework.data.rest.webmvc.config.RepositoryRestMvcConfiguration.config()] threw exception; nested exception is org.springframework.beans.factory.BeanCreationException: Error creating bean with name 'repositories' defined in class path resource [org/springframework/data/rest/webmvc/config/RepositoryRestMvcConfiguration.class]: Instantiation of bean failed; nested exception is org.springframework.beans.factory.BeanDefinitionStoreException: Factory method [public org.springframework.data.repository.support.Repositories org.springframework.data.rest.webmvc.config.RepositoryRestMvcConfiguration.repositories()] threw exception; nested exception is org.springframework.beans.factory.UnsatisfiedDependencyException: Error creating bean with name 'mongoDBEnvironmentRepositoryImpl' defined in URL [jar:file:/C:/workspaces/denv/denv-server-mongodb/target/denv-server-mongodb-0.1.0.jar!/org/ssoup/denv/server/persistence/mongodb/repository/MongoDBEnvironmentRepositoryImpl.class]: Unsatisfied dependency expressed through constructor argument with index 1 of type [org.ssoup.denv.server.persistence.ApplicationConfigRepository]: : No qualifying bean of type [org.ssoup.denv.server.persistence.ApplicationConfigRepository] is defined: expected single matching bean but found 2: mongoDBImageRepository,mongoDBApplicationConfigRepository; nested exception is org.springframework.beans.factory.NoUniqueBeanDefinitionException: No qualifying bean of type [org.ssoup.denv.server.persistence.ApplicationConfigRepository] is defined: expected single matching bean but found 2: mongoDBImageRepository,mongoDBApplicationConfigRepository
	at org.springframework.beans.factory.annotation.AutowiredAnnotationBeanPostProcessor$AutowiredMethodElement.inject(AutowiredAnnotationBeanPostProcessor.java:596)
	at org.springframework.beans.factory.annotation.InjectionMetadata.inject(InjectionMetadata.java:87)
	at org.springframework.beans.factory.annotation.AutowiredAnnotationBeanPostProcessor.postProcessPropertyValues(AutowiredAnnotationBeanPostProcessor.java:289)
	... 31 more
Caused by: org.springframework.beans.factory.BeanExpressionException: Expression parsing failed; nested exception is org.springframework.beans.factory.BeanCreationException: Error creating bean with name 'securityConfig': Injection of autowired dependencies failed; nested exception is org.springframework.beans.factory.BeanCreationException: Could not autowire method: public void org.springframework.security.config.annotation.web.configuration.WebSecurityConfigurerAdapter.setContentNegotationStrategy(org.springframework.web.accept.ContentNegotiationStrategy); nested exception is org.springframework.beans.factory.BeanCreationException: Error creating bean with name 'org.springframework.web.servlet.config.annotation.DelegatingWebMvcConfiguration': Injection of autowired dependencies failed; nested exception is org.springframework.beans.factory.BeanCreationException: Could not autowire method: public void org.springframework.web.servlet.config.annotation.DelegatingWebMvcConfiguration.setConfigurers(java.util.List); nested exception is org.springframework.beans.factory.BeanCreationException: Error creating bean with name 'org.springframework.boot.autoconfigure.web.WebMvcAutoConfiguration$WebMvcAutoConfigurationAdapter': Injection of autowired dependencies failed; nested exception is org.springframework.beans.factory.BeanCreationException: Could not autowire field: private org.springframework.boot.autoconfigure.web.HttpMessageConverters org.springframework.boot.autoconfigure.web.WebMvcAutoConfiguration$WebMvcAutoConfigurationAdapter.messageConverters; nested exception is org.springframework.beans.factory.BeanCreationException: Error creating bean with name 'org.springframework.boot.autoconfigure.web.HttpMessageConvertersAutoConfiguration': Injection of autowired dependencies failed; nested exception is org.springframework.beans.factory.BeanCreationException: Could not autowire field: private final java.util.List org.springframework.boot.autoconfigure.web.HttpMessageConvertersAutoConfiguration.converters; nested exception is org.springframework.beans.factory.BeanCreationException: Error creating bean with name 'jacksonHttpMessageConverter' defined in class path resource [org/springframework/data/rest/webmvc/config/RepositoryRestMvcConfiguration.class]: Instantiation of bean failed; nested exception is org.springframework.beans.factory.BeanDefinitionStoreException: Factory method [public org.springframework.http.converter.json.MappingJackson2HttpMessageConverter org.springframework.data.rest.webmvc.config.RepositoryRestMvcConfiguration.jacksonHttpMessageConverter()] threw exception; nested exception is org.springframework.beans.factory.BeanCreationException: Error creating bean with name 'config' defined in class path resource [org/springframework/data/rest/webmvc/config/RepositoryRestMvcConfiguration.class]: Instantiation of bean failed; nested exception is org.springframework.beans.factory.BeanDefinitionStoreException: Factory method [public org.springframework.data.rest.core.config.RepositoryRestConfiguration org.springframework.data.rest.webmvc.config.RepositoryRestMvcConfiguration.config()] threw exception; nested exception is org.springframework.beans.factory.BeanCreationException: Error creating bean with name 'repositories' defined in class path resource [org/springframework/data/rest/webmvc/config/RepositoryRestMvcConfiguration.class]: Instantiation of bean failed; nested exception is org.springframework.beans.factory.BeanDefinitionStoreException: Factory method [public org.springframework.data.repository.support.Repositories org.springframework.data.rest.webmvc.config.RepositoryRestMvcConfiguration.repositories()] threw exception; nested exception is org.springframework.beans.factory.UnsatisfiedDependencyException: Error creating bean with name 'mongoDBEnvironmentRepositoryImpl' defined in URL [jar:file:/C:/workspaces/denv/denv-server-mongodb/target/denv-server-mongodb-0.1.0.jar!/org/ssoup/denv/server/persistence/mongodb/repository/MongoDBEnvironmentRepositoryImpl.class]: Unsatisfied dependency expressed through constructor argument with index 1 of type [org.ssoup.denv.server.persistence.ApplicationConfigRepository]: : No qualifying bean of type [org.ssoup.denv.server.persistence.ApplicationConfigRepository] is defined: expected single matching bean but found 2: mongoDBImageRepository,mongoDBApplicationConfigRepository; nested exception is org.springframework.beans.factory.NoUniqueBeanDefinitionException: No qualifying bean of type [org.ssoup.denv.server.persistence.ApplicationConfigRepository] is defined: expected single matching bean but found 2: mongoDBImageRepository,mongoDBApplicationConfigRepository
	at org.springframework.context.expression.StandardBeanExpressionResolver.evaluate(StandardBeanExpressionResolver.java:146)
	at org.springframework.beans.factory.support.AbstractBeanFactory.evaluateBeanDefinitionString(AbstractBeanFactory.java:1362)
	at org.springframework.beans.factory.support.DefaultListableBeanFactory.doResolveDependency(DefaultListableBeanFactory.java:873)
	at org.springframework.beans.factory.support.DefaultListableBeanFactory.resolveDependency(DefaultListableBeanFactory.java:858)
	at org.springframework.beans.factory.annotation.AutowiredAnnotationBeanPostProcessor$AutowiredMethodElement.inject(AutowiredAnnotationBeanPostProcessor.java:553)
	... 33 more
Caused by: org.springframework.beans.factory.BeanCreationException: Error creating bean with name 'securityConfig': Injection of autowired dependencies failed; nested exception is org.springframework.beans.factory.BeanCreationException: Could not autowire method: public void org.springframework.security.config.annotation.web.configuration.WebSecurityConfigurerAdapter.setContentNegotationStrategy(org.springframework.web.accept.ContentNegotiationStrategy); nested exception is org.springframework.beans.factory.BeanCreationException: Error creating bean with name 'org.springframework.web.servlet.config.annotation.DelegatingWebMvcConfiguration': Injection of autowired dependencies failed; nested exception is org.springframework.beans.factory.BeanCreationException: Could not autowire method: public void org.springframework.web.servlet.config.annotation.DelegatingWebMvcConfiguration.setConfigurers(java.util.List); nested exception is org.springframework.beans.factory.BeanCreationException: Error creating bean with name 'org.springframework.boot.autoconfigure.web.WebMvcAutoConfiguration$WebMvcAutoConfigurationAdapter': Injection of autowired dependencies failed; nested exception is org.springframework.beans.factory.BeanCreationException: Could not autowire field: private org.springframework.boot.autoconfigure.web.HttpMessageConverters org.springframework.boot.autoconfigure.web.WebMvcAutoConfiguration$WebMvcAutoConfigurationAdapter.messageConverters; nested exception is org.springframework.beans.factory.BeanCreationException: Error creating bean with name 'org.springframework.boot.autoconfigure.web.HttpMessageConvertersAutoConfiguration': Injection of autowired dependencies failed; nested exception is org.springframework.beans.factory.BeanCreationException: Could not autowire field: private final java.util.List org.springframework.boot.autoconfigure.web.HttpMessageConvertersAutoConfiguration.converters; nested exception is org.springframework.beans.factory.BeanCreationException: Error creating bean with name 'jacksonHttpMessageConverter' defined in class path resource [org/springframework/data/rest/webmvc/config/RepositoryRestMvcConfiguration.class]: Instantiation of bean failed; nested exception is org.springframework.beans.factory.BeanDefinitionStoreException: Factory method [public org.springframework.http.converter.json.MappingJackson2HttpMessageConverter org.springframework.data.rest.webmvc.config.RepositoryRestMvcConfiguration.jacksonHttpMessageConverter()] threw exception; nested exception is org.springframework.beans.factory.BeanCreationException: Error creating bean with name 'config' defined in class path resource [org/springframework/data/rest/webmvc/config/RepositoryRestMvcConfiguration.class]: Instantiation of bean failed; nested exception is org.springframework.beans.factory.BeanDefinitionStoreException: Factory method [public org.springframework.data.rest.core.config.RepositoryRestConfiguration org.springframework.data.rest.webmvc.config.RepositoryRestMvcConfiguration.config()] threw exception; nested exception is org.springframework.beans.factory.BeanCreationException: Error creating bean with name 'repositories' defined in class path resource [org/springframework/data/rest/webmvc/config/RepositoryRestMvcConfiguration.class]: Instantiation of bean failed; nested exception is org.springframework.beans.factory.BeanDefinitionStoreException: Factory method [public org.springframework.data.repository.support.Repositories org.springframework.data.rest.webmvc.config.RepositoryRestMvcConfiguration.repositories()] threw exception; nested exception is org.springframework.beans.factory.UnsatisfiedDependencyException: Error creating bean with name 'mongoDBEnvironmentRepositoryImpl' defined in URL [jar:file:/C:/workspaces/denv/denv-server-mongodb/target/denv-server-mongodb-0.1.0.jar!/org/ssoup/denv/server/persistence/mongodb/repository/MongoDBEnvironmentRepositoryImpl.class]: Unsatisfied dependency expressed through constructor argument with index 1 of type [org.ssoup.denv.server.persistence.ApplicationConfigRepository]: : No qualifying bean of type [org.ssoup.denv.server.persistence.ApplicationConfigRepository] is defined: expected single matching bean but found 2: mongoDBImageRepository,mongoDBApplicationConfigRepository; nested exception is org.springframework.beans.factory.NoUniqueBeanDefinitionException: No qualifying bean of type [org.ssoup.denv.server.persistence.ApplicationConfigRepository] is defined: expected single matching bean but found 2: mongoDBImageRepository,mongoDBApplicationConfigRepository
	at org.springframework.beans.factory.annotation.AutowiredAnnotationBeanPostProcessor.postProcessPropertyValues(AutowiredAnnotationBeanPostProcessor.java:292)
	at org.springframework.beans.factory.support.AbstractAutowireCapableBeanFactory.populateBean(AbstractAutowireCapableBeanFactory.java:1185)
	at org.springframework.beans.factory.support.AbstractAutowireCapableBeanFactory.doCreateBean(AbstractAutowireCapableBeanFactory.java:537)
	at org.springframework.beans.factory.support.AbstractAutowireCapableBeanFactory.createBean(AbstractAutowireCapableBeanFactory.java:475)
	at org.springframework.beans.factory.support.AbstractBeanFactory$1.getObject(AbstractBeanFactory.java:302)
	at org.springframework.beans.factory.support.DefaultSingletonBeanRegistry.getSingleton(DefaultSingletonBeanRegistry.java:228)
	at org.springframework.beans.factory.support.AbstractBeanFactory.doGetBean(AbstractBeanFactory.java:298)
	at org.springframework.beans.factory.support.AbstractBeanFactory.getBean(AbstractBeanFactory.java:198)
	at org.springframework.beans.factory.support.DefaultListableBeanFactory.getBeansOfType(DefaultListableBeanFactory.java:470)
	at org.springframework.beans.factory.support.DefaultListableBeanFactory.getBeansOfType(DefaultListableBeanFactory.java:459)
	at org.springframework.security.config.annotation.web.configuration.AutowiredWebSecurityConfigurersIgnoreParents.getWebSecurityConfigurers(AutowiredWebSecurityConfigurersIgnoreParents.java:52)
	at sun.reflect.NativeMethodAccessorImpl.invoke0(Native Method)
	at sun.reflect.NativeMethodAccessorImpl.invoke(NativeMethodAccessorImpl.java:39)
	at sun.reflect.DelegatingMethodAccessorImpl.invoke(DelegatingMethodAccessorImpl.java:25)
	at java.lang.reflect.Method.invoke(Method.java:597)
	at org.springframework.expression.spel.support.ReflectiveMethodExecutor.execute(ReflectiveMethodExecutor.java:63)
	at org.springframework.expression.spel.ast.MethodReference.getValueInternal(MethodReference.java:122)
	at org.springframework.expression.spel.ast.MethodReference.access$000(MethodReference.java:44)
	at org.springframework.expression.spel.ast.MethodReference$MethodValueRef.getValue(MethodReference.java:258)
	at org.springframework.expression.spel.ast.CompoundExpression.getValueInternal(CompoundExpression.java:84)
	at org.springframework.expression.spel.ast.SpelNodeImpl.getValue(SpelNodeImpl.java:103)
	at org.springframework.expression.spel.standard.SpelExpression.getValue(SpelExpression.java:94)
	at org.springframework.context.expression.StandardBeanExpressionResolver.evaluate(StandardBeanExpressionResolver.java:143)
	... 37 more
Caused by: org.springframework.beans.factory.BeanCreationException: Could not autowire method: public void org.springframework.security.config.annotation.web.configuration.WebSecurityConfigurerAdapter.setContentNegotationStrategy(org.springframework.web.accept.ContentNegotiationStrategy); nested exception is org.springframework.beans.factory.BeanCreationException: Error creating bean with name 'org.springframework.web.servlet.config.annotation.DelegatingWebMvcConfiguration': Injection of autowired dependencies failed; nested exception is org.springframework.beans.factory.BeanCreationException: Could not autowire method: public void org.springframework.web.servlet.config.annotation.DelegatingWebMvcConfiguration.setConfigurers(java.util.List); nested exception is org.springframework.beans.factory.BeanCreationException: Error creating bean with name 'org.springframework.boot.autoconfigure.web.WebMvcAutoConfiguration$WebMvcAutoConfigurationAdapter': Injection of autowired dependencies failed; nested exception is org.springframework.beans.factory.BeanCreationException: Could not autowire field: private org.springframework.boot.autoconfigure.web.HttpMessageConverters org.springframework.boot.autoconfigure.web.WebMvcAutoConfiguration$WebMvcAutoConfigurationAdapter.messageConverters; nested exception is org.springframework.beans.factory.BeanCreationException: Error creating bean with name 'org.springframework.boot.autoconfigure.web.HttpMessageConvertersAutoConfiguration': Injection of autowired dependencies failed; nested exception is org.springframework.beans.factory.BeanCreationException: Could not autowire field: private final java.util.List org.springframework.boot.autoconfigure.web.HttpMessageConvertersAutoConfiguration.converters; nested exception is org.springframework.beans.factory.BeanCreationException: Error creating bean with name 'jacksonHttpMessageConverter' defined in class path resource [org/springframework/data/rest/webmvc/config/RepositoryRestMvcConfiguration.class]: Instantiation of bean failed; nested exception is org.springframework.beans.factory.BeanDefinitionStoreException: Factory method [public org.springframework.http.converter.json.MappingJackson2HttpMessageConverter org.springframework.data.rest.webmvc.config.RepositoryRestMvcConfiguration.jacksonHttpMessageConverter()] threw exception; nested exception is org.springframework.beans.factory.BeanCreationException: Error creating bean with name 'config' defined in class path resource [org/springframework/data/rest/webmvc/config/RepositoryRestMvcConfiguration.class]: Instantiation of bean failed; nested exception is org.springframework.beans.factory.BeanDefinitionStoreException: Factory method [public org.springframework.data.rest.core.config.RepositoryRestConfiguration org.springframework.data.rest.webmvc.config.RepositoryRestMvcConfiguration.config()] threw exception; nested exception is org.springframework.beans.factory.BeanCreationException: Error creating bean with name 'repositories' defined in class path resource [org/springframework/data/rest/webmvc/config/RepositoryRestMvcConfiguration.class]: Instantiation of bean failed; nested exception is org.springframework.beans.factory.BeanDefinitionStoreException: Factory method [public org.springframework.data.repository.support.Repositories org.springframework.data.rest.webmvc.config.RepositoryRestMvcConfiguration.repositories()] threw exception; nested exception is org.springframework.beans.factory.UnsatisfiedDependencyException: Error creating bean with name 'mongoDBEnvironmentRepositoryImpl' defined in URL [jar:file:/C:/workspaces/denv/denv-server-mongodb/target/denv-server-mongodb-0.1.0.jar!/org/ssoup/denv/server/persistence/mongodb/repository/MongoDBEnvironmentRepositoryImpl.class]: Unsatisfied dependency expressed through constructor argument with index 1 of type [org.ssoup.denv.server.persistence.ApplicationConfigRepository]: : No qualifying bean of type [org.ssoup.denv.server.persistence.ApplicationConfigRepository] is defined: expected single matching bean but found 2: mongoDBImageRepository,mongoDBApplicationConfigRepository; nested exception is org.springframework.beans.factory.NoUniqueBeanDefinitionException: No qualifying bean of type [org.ssoup.denv.server.persistence.ApplicationConfigRepository] is defined: expected single matching bean but found 2: mongoDBImageRepository,mongoDBApplicationConfigRepository
	at org.springframework.beans.factory.annotation.AutowiredAnnotationBeanPostProcessor$AutowiredMethodElement.inject(AutowiredAnnotationBeanPostProcessor.java:596)
	at org.springframework.beans.factory.annotation.InjectionMetadata.inject(InjectionMetadata.java:87)
	at org.springframework.beans.factory.annotation.AutowiredAnnotationBeanPostProcessor.postProcessPropertyValues(AutowiredAnnotationBeanPostProcessor.java:289)
	... 59 more
Caused by: org.springframework.beans.factory.BeanCreationException: Error creating bean with name 'org.springframework.web.servlet.config.annotation.DelegatingWebMvcConfiguration': Injection of autowired dependencies failed; nested exception is org.springframework.beans.factory.BeanCreationException: Could not autowire method: public void org.springframework.web.servlet.config.annotation.DelegatingWebMvcConfiguration.setConfigurers(java.util.List); nested exception is org.springframework.beans.factory.BeanCreationException: Error creating bean with name 'org.springframework.boot.autoconfigure.web.WebMvcAutoConfiguration$WebMvcAutoConfigurationAdapter': Injection of autowired dependencies failed; nested exception is org.springframework.beans.factory.BeanCreationException: Could not autowire field: private org.springframework.boot.autoconfigure.web.HttpMessageConverters org.springframework.boot.autoconfigure.web.WebMvcAutoConfiguration$WebMvcAutoConfigurationAdapter.messageConverters; nested exception is org.springframework.beans.factory.BeanCreationException: Error creating bean with name 'org.springframework.boot.autoconfigure.web.HttpMessageConvertersAutoConfiguration': Injection of autowired dependencies failed; nested exception is org.springframework.beans.factory.BeanCreationException: Could not autowire field: private final java.util.List org.springframework.boot.autoconfigure.web.HttpMessageConvertersAutoConfiguration.converters; nested exception is org.springframework.beans.factory.BeanCreationException: Error creating bean with name 'jacksonHttpMessageConverter' defined in class path resource [org/springframework/data/rest/webmvc/config/RepositoryRestMvcConfiguration.class]: Instantiation of bean failed; nested exception is org.springframework.beans.factory.BeanDefinitionStoreException: Factory method [public org.springframework.http.converter.json.MappingJackson2HttpMessageConverter org.springframework.data.rest.webmvc.config.RepositoryRestMvcConfiguration.jacksonHttpMessageConverter()] threw exception; nested exception is org.springframework.beans.factory.BeanCreationException: Error creating bean with name 'config' defined in class path resource [org/springframework/data/rest/webmvc/config/RepositoryRestMvcConfiguration.class]: Instantiation of bean failed; nested exception is org.springframework.beans.factory.BeanDefinitionStoreException: Factory method [public org.springframework.data.rest.core.config.RepositoryRestConfiguration org.springframework.data.rest.webmvc.config.RepositoryRestMvcConfiguration.config()] threw exception; nested exception is org.springframework.beans.factory.BeanCreationException: Error creating bean with name 'repositories' defined in class path resource [org/springframework/data/rest/webmvc/config/RepositoryRestMvcConfiguration.class]: Instantiation of bean failed; nested exception is org.springframework.beans.factory.BeanDefinitionStoreException: Factory method [public org.springframework.data.repository.support.Repositories org.springframework.data.rest.webmvc.config.RepositoryRestMvcConfiguration.repositories()] threw exception; nested exception is org.springframework.beans.factory.UnsatisfiedDependencyException: Error creating bean with name 'mongoDBEnvironmentRepositoryImpl' defined in URL [jar:file:/C:/workspaces/denv/denv-server-mongodb/target/denv-server-mongodb-0.1.0.jar!/org/ssoup/denv/server/persistence/mongodb/repository/MongoDBEnvironmentRepositoryImpl.class]: Unsatisfied dependency expressed through constructor argument with index 1 of type [org.ssoup.denv.server.persistence.ApplicationConfigRepository]: : No qualifying bean of type [org.ssoup.denv.server.persistence.ApplicationConfigRepository] is defined: expected single matching bean but found 2: mongoDBImageRepository,mongoDBApplicationConfigRepository; nested exception is org.springframework.beans.factory.NoUniqueBeanDefinitionException: No qualifying bean of type [org.ssoup.denv.server.persistence.ApplicationConfigRepository] is defined: expected single matching bean but found 2: mongoDBImageRepository,mongoDBApplicationConfigRepository
	at org.springframework.beans.factory.annotation.AutowiredAnnotationBeanPostProcessor.postProcessPropertyValues(AutowiredAnnotationBeanPostProcessor.java:292)
	at org.springframework.beans.factory.support.AbstractAutowireCapableBeanFactory.populateBean(AbstractAutowireCapableBeanFactory.java:1185)
	at org.springframework.beans.factory.support.AbstractAutowireCapableBeanFactory.doCreateBean(AbstractAutowireCapableBeanFactory.java:537)
	at org.springframework.beans.factory.support.AbstractAutowireCapableBeanFactory.createBean(AbstractAutowireCapableBeanFactory.java:475)
	at org.springframework.beans.factory.support.AbstractBeanFactory$1.getObject(AbstractBeanFactory.java:302)
	at org.springframework.beans.factory.support.DefaultSingletonBeanRegistry.getSingleton(DefaultSingletonBeanRegistry.java:228)
	at org.springframework.beans.factory.support.AbstractBeanFactory.doGetBean(AbstractBeanFactory.java:298)
	at org.springframework.beans.factory.support.AbstractBeanFactory.getBean(AbstractBeanFactory.java:193)
	at org.springframework.beans.factory.support.ConstructorResolver.instantiateUsingFactoryMethod(ConstructorResolver.java:370)
	at org.springframework.beans.factory.support.AbstractAutowireCapableBeanFactory.instantiateUsingFactoryMethod(AbstractAutowireCapableBeanFactory.java:1094)
	at org.springframework.beans.factory.support.AbstractAutowireCapableBeanFactory.createBeanInstance(AbstractAutowireCapableBeanFactory.java:989)
	at org.springframework.beans.factory.support.AbstractAutowireCapableBeanFactory.doCreateBean(AbstractAutowireCapableBeanFactory.java:504)
	at org.springframework.beans.factory.support.AbstractAutowireCapableBeanFactory.createBean(AbstractAutowireCapableBeanFactory.java:475)
	at org.springframework.beans.factory.support.AbstractBeanFactory$1.getObject(AbstractBeanFactory.java:302)
	at org.springframework.beans.factory.support.DefaultSingletonBeanRegistry.getSingleton(DefaultSingletonBeanRegistry.java:228)
	at org.springframework.beans.factory.support.AbstractBeanFactory.doGetBean(AbstractBeanFactory.java:298)
	at org.springframework.beans.factory.support.AbstractBeanFactory.getBean(AbstractBeanFactory.java:193)
	at org.springframework.beans.factory.support.DefaultListableBeanFactory.findAutowireCandidates(DefaultListableBeanFactory.java:1017)
	at org.springframework.beans.factory.support.DefaultListableBeanFactory.doResolveDependency(DefaultListableBeanFactory.java:960)
	at org.springframework.beans.factory.support.DefaultListableBeanFactory.resolveDependency(DefaultListableBeanFactory.java:858)
	at org.springframework.beans.factory.annotation.AutowiredAnnotationBeanPostProcessor$AutowiredMethodElement.inject(AutowiredAnnotationBeanPostProcessor.java:553)
	... 61 more
Caused by: org.springframework.beans.factory.BeanCreationException: Could not autowire method: public void org.springframework.web.servlet.config.annotation.DelegatingWebMvcConfiguration.setConfigurers(java.util.List); nested exception is org.springframework.beans.factory.BeanCreationException: Error creating bean with name 'org.springframework.boot.autoconfigure.web.WebMvcAutoConfiguration$WebMvcAutoConfigurationAdapter': Injection of autowired dependencies failed; nested exception is org.springframework.beans.factory.BeanCreationException: Could not autowire field: private org.springframework.boot.autoconfigure.web.HttpMessageConverters org.springframework.boot.autoconfigure.web.WebMvcAutoConfiguration$WebMvcAutoConfigurationAdapter.messageConverters; nested exception is org.springframework.beans.factory.BeanCreationException: Error creating bean with name 'org.springframework.boot.autoconfigure.web.HttpMessageConvertersAutoConfiguration': Injection of autowired dependencies failed; nested exception is org.springframework.beans.factory.BeanCreationException: Could not autowire field: private final java.util.List org.springframework.boot.autoconfigure.web.HttpMessageConvertersAutoConfiguration.converters; nested exception is org.springframework.beans.factory.BeanCreationException: Error creating bean with name 'jacksonHttpMessageConverter' defined in class path resource [org/springframework/data/rest/webmvc/config/RepositoryRestMvcConfiguration.class]: Instantiation of bean failed; nested exception is org.springframework.beans.factory.BeanDefinitionStoreException: Factory method [public org.springframework.http.converter.json.MappingJackson2HttpMessageConverter org.springframework.data.rest.webmvc.config.RepositoryRestMvcConfiguration.jacksonHttpMessageConverter()] threw exception; nested exception is org.springframework.beans.factory.BeanCreationException: Error creating bean with name 'config' defined in class path resource [org/springframework/data/rest/webmvc/config/RepositoryRestMvcConfiguration.class]: Instantiation of bean failed; nested exception is org.springframework.beans.factory.BeanDefinitionStoreException: Factory method [public org.springframework.data.rest.core.config.RepositoryRestConfiguration org.springframework.data.rest.webmvc.config.RepositoryRestMvcConfiguration.config()] threw exception; nested exception is org.springframework.beans.factory.BeanCreationException: Error creating bean with name 'repositories' defined in class path resource [org/springframework/data/rest/webmvc/config/RepositoryRestMvcConfiguration.class]: Instantiation of bean failed; nested exception is org.springframework.beans.factory.BeanDefinitionStoreException: Factory method [public org.springframework.data.repository.support.Repositories org.springframework.data.rest.webmvc.config.RepositoryRestMvcConfiguration.repositories()] threw exception; nested exception is org.springframework.beans.factory.UnsatisfiedDependencyException: Error creating bean with name 'mongoDBEnvironmentRepositoryImpl' defined in URL [jar:file:/C:/workspaces/denv/denv-server-mongodb/target/denv-server-mongodb-0.1.0.jar!/org/ssoup/denv/server/persistence/mongodb/repository/MongoDBEnvironmentRepositoryImpl.class]: Unsatisfied dependency expressed through constructor argument with index 1 of type [org.ssoup.denv.server.persistence.ApplicationConfigRepository]: : No qualifying bean of type [org.ssoup.denv.server.persistence.ApplicationConfigRepository] is defined: expected single matching bean but found 2: mongoDBImageRepository,mongoDBApplicationConfigRepository; nested exception is org.springframework.beans.factory.NoUniqueBeanDefinitionException: No qualifying bean of type [org.ssoup.denv.server.persistence.ApplicationConfigRepository] is defined: expected single matching bean but found 2: mongoDBImageRepository,mongoDBApplicationConfigRepository
	at org.springframework.beans.factory.annotation.AutowiredAnnotationBeanPostProcessor$AutowiredMethodElement.inject(AutowiredAnnotationBeanPostProcessor.java:596)
	at org.springframework.beans.factory.annotation.InjectionMetadata.inject(InjectionMetadata.java:87)
	at org.springframework.beans.factory.annotation.AutowiredAnnotationBeanPostProcessor.postProcessPropertyValues(AutowiredAnnotationBeanPostProcessor.java:289)
	... 81 more
Caused by: org.springframework.beans.factory.BeanCreationException: Error creating bean with name 'org.springframework.boot.autoconfigure.web.WebMvcAutoConfiguration$WebMvcAutoConfigurationAdapter': Injection of autowired dependencies failed; nested exception is org.springframework.beans.factory.BeanCreationException: Could not autowire field: private org.springframework.boot.autoconfigure.web.HttpMessageConverters org.springframework.boot.autoconfigure.web.WebMvcAutoConfiguration$WebMvcAutoConfigurationAdapter.messageConverters; nested exception is org.springframework.beans.factory.BeanCreationException: Error creating bean with name 'org.springframework.boot.autoconfigure.web.HttpMessageConvertersAutoConfiguration': Injection of autowired dependencies failed; nested exception is org.springframework.beans.factory.BeanCreationException: Could not autowire field: private final java.util.List org.springframework.boot.autoconfigure.web.HttpMessageConvertersAutoConfiguration.converters; nested exception is org.springframework.beans.factory.BeanCreationException: Error creating bean with name 'jacksonHttpMessageConverter' defined in class path resource [org/springframework/data/rest/webmvc/config/RepositoryRestMvcConfiguration.class]: Instantiation of bean failed; nested exception is org.springframework.beans.factory.BeanDefinitionStoreException: Factory method [public org.springframework.http.converter.json.MappingJackson2HttpMessageConverter org.springframework.data.rest.webmvc.config.RepositoryRestMvcConfiguration.jacksonHttpMessageConverter()] threw exception; nested exception is org.springframework.beans.factory.BeanCreationException: Error creating bean with name 'config' defined in class path resource [org/springframework/data/rest/webmvc/config/RepositoryRestMvcConfiguration.class]: Instantiation of bean failed; nested exception is org.springframework.beans.factory.BeanDefinitionStoreException: Factory method [public org.springframework.data.rest.core.config.RepositoryRestConfiguration org.springframework.data.rest.webmvc.config.RepositoryRestMvcConfiguration.config()] threw exception; nested exception is org.springframework.beans.factory.BeanCreationException: Error creating bean with name 'repositories' defined in class path resource [org/springframework/data/rest/webmvc/config/RepositoryRestMvcConfiguration.class]: Instantiation of bean failed; nested exception is org.springframework.beans.factory.BeanDefinitionStoreException: Factory method [public org.springframework.data.repository.support.Repositories org.springframework.data.rest.webmvc.config.RepositoryRestMvcConfiguration.repositories()] threw exception; nested exception is org.springframework.beans.factory.UnsatisfiedDependencyException: Error creating bean with name 'mongoDBEnvironmentRepositoryImpl' defined in URL [jar:file:/C:/workspaces/denv/denv-server-mongodb/target/denv-server-mongodb-0.1.0.jar!/org/ssoup/denv/server/persistence/mongodb/repository/MongoDBEnvironmentRepositoryImpl.class]: Unsatisfied dependency expressed through constructor argument with index 1 of type [org.ssoup.denv.server.persistence.ApplicationConfigRepository]: : No qualifying bean of type [org.ssoup.denv.server.persistence.ApplicationConfigRepository] is defined: expected single matching bean but found 2: mongoDBImageRepository,mongoDBApplicationConfigRepository; nested exception is org.springframework.beans.factory.NoUniqueBeanDefinitionException: No qualifying bean of type [org.ssoup.denv.server.persistence.ApplicationConfigRepository] is defined: expected single matching bean but found 2: mongoDBImageRepository,mongoDBApplicationConfigRepository
	at org.springframework.beans.factory.annotation.AutowiredAnnotationBeanPostProcessor.postProcessPropertyValues(AutowiredAnnotationBeanPostProcessor.java:292)
	at org.springframework.beans.factory.support.AbstractAutowireCapableBeanFactory.populateBean(AbstractAutowireCapableBeanFactory.java:1185)
	at org.springframework.beans.factory.support.AbstractAutowireCapableBeanFactory.doCreateBean(AbstractAutowireCapableBeanFactory.java:537)
	at org.springframework.beans.factory.support.AbstractAutowireCapableBeanFactory.createBean(AbstractAutowireCapableBeanFactory.java:475)
	at org.springframework.beans.factory.support.AbstractBeanFactory$1.getObject(AbstractBeanFactory.java:302)
	at org.springframework.beans.factory.support.DefaultSingletonBeanRegistry.getSingleton(DefaultSingletonBeanRegistry.java:228)
	at org.springframework.beans.factory.support.AbstractBeanFactory.doGetBean(AbstractBeanFactory.java:298)
	at org.springframework.beans.factory.support.AbstractBeanFactory.getBean(AbstractBeanFactory.java:193)
	at org.springframework.beans.factory.support.DefaultListableBeanFactory.findAutowireCandidates(DefaultListableBeanFactory.java:1017)
	at org.springframework.beans.factory.support.DefaultListableBeanFactory.doResolveDependency(DefaultListableBeanFactory.java:912)
	at org.springframework.beans.factory.support.DefaultListableBeanFactory.resolveDependency(DefaultListableBeanFactory.java:858)
	at org.springframework.beans.factory.annotation.AutowiredAnnotationBeanPostProcessor$AutowiredMethodElement.inject(AutowiredAnnotationBeanPostProcessor.java:553)
	... 83 more
Caused by: org.springframework.beans.factory.BeanCreationException: Could not autowire field: private org.springframework.boot.autoconfigure.web.HttpMessageConverters org.springframework.boot.autoconfigure.web.WebMvcAutoConfiguration$WebMvcAutoConfigurationAdapter.messageConverters; nested exception is org.springframework.beans.factory.BeanCreationException: Error creating bean with name 'org.springframework.boot.autoconfigure.web.HttpMessageConvertersAutoConfiguration': Injection of autowired dependencies failed; nested exception is org.springframework.beans.factory.BeanCreationException: Could not autowire field: private final java.util.List org.springframework.boot.autoconfigure.web.HttpMessageConvertersAutoConfiguration.converters; nested exception is org.springframework.beans.factory.BeanCreationException: Error creating bean with name 'jacksonHttpMessageConverter' defined in class path resource [org/springframework/data/rest/webmvc/config/RepositoryRestMvcConfiguration.class]: Instantiation of bean failed; nested exception is org.springframework.beans.factory.BeanDefinitionStoreException: Factory method [public org.springframework.http.converter.json.MappingJackson2HttpMessageConverter org.springframework.data.rest.webmvc.config.RepositoryRestMvcConfiguration.jacksonHttpMessageConverter()] threw exception; nested exception is org.springframework.beans.factory.BeanCreationException: Error creating bean with name 'config' defined in class path resource [org/springframework/data/rest/webmvc/config/RepositoryRestMvcConfiguration.class]: Instantiation of bean failed; nested exception is org.springframework.beans.factory.BeanDefinitionStoreException: Factory method [public org.springframework.data.rest.core.config.RepositoryRestConfiguration org.springframework.data.rest.webmvc.config.RepositoryRestMvcConfiguration.config()] threw exception; nested exception is org.springframework.beans.factory.BeanCreationException: Error creating bean with name 'repositories' defined in class path resource [org/springframework/data/rest/webmvc/config/RepositoryRestMvcConfiguration.class]: Instantiation of bean failed; nested exception is org.springframework.beans.factory.BeanDefinitionStoreException: Factory method [public org.springframework.data.repository.support.Repositories org.springframework.data.rest.webmvc.config.RepositoryRestMvcConfiguration.repositories()] threw exception; nested exception is org.springframework.beans.factory.UnsatisfiedDependencyException: Error creating bean with name 'mongoDBEnvironmentRepositoryImpl' defined in URL [jar:file:/C:/workspaces/denv/denv-server-mongodb/target/denv-server-mongodb-0.1.0.jar!/org/ssoup/denv/server/persistence/mongodb/repository/MongoDBEnvironmentRepositoryImpl.class]: Unsatisfied dependency expressed through constructor argument with index 1 of type [org.ssoup.denv.server.persistence.ApplicationConfigRepository]: : No qualifying bean of type [org.ssoup.denv.server.persistence.ApplicationConfigRepository] is defined: expected single matching bean but found 2: mongoDBImageRepository,mongoDBApplicationConfigRepository; nested exception is org.springframework.beans.factory.NoUniqueBeanDefinitionException: No qualifying bean of type [org.ssoup.denv.server.persistence.ApplicationConfigRepository] is defined: expected single matching bean but found 2: mongoDBImageRepository,mongoDBApplicationConfigRepository
	at org.springframework.beans.factory.annotation.AutowiredAnnotationBeanPostProcessor$AutowiredFieldElement.inject(AutowiredAnnotationBeanPostProcessor.java:508)
	at org.springframework.beans.factory.annotation.InjectionMetadata.inject(InjectionMetadata.java:87)
	at org.springframework.beans.factory.annotation.AutowiredAnnotationBeanPostProcessor.postProcessPropertyValues(AutowiredAnnotationBeanPostProcessor.java:289)
	... 94 more
Caused by: org.springframework.beans.factory.BeanCreationException: Error creating bean with name 'org.springframework.boot.autoconfigure.web.HttpMessageConvertersAutoConfiguration': Injection of autowired dependencies failed; nested exception is org.springframework.beans.factory.BeanCreationException: Could not autowire field: private final java.util.List org.springframework.boot.autoconfigure.web.HttpMessageConvertersAutoConfiguration.converters; nested exception is org.springframework.beans.factory.BeanCreationException: Error creating bean with name 'jacksonHttpMessageConverter' defined in class path resource [org/springframework/data/rest/webmvc/config/RepositoryRestMvcConfiguration.class]: Instantiation of bean failed; nested exception is org.springframework.beans.factory.BeanDefinitionStoreException: Factory method [public org.springframework.http.converter.json.MappingJackson2HttpMessageConverter org.springframework.data.rest.webmvc.config.RepositoryRestMvcConfiguration.jacksonHttpMessageConverter()] threw exception; nested exception is org.springframework.beans.factory.BeanCreationException: Error creating bean with name 'config' defined in class path resource [org/springframework/data/rest/webmvc/config/RepositoryRestMvcConfiguration.class]: Instantiation of bean failed; nested exception is org.springframework.beans.factory.BeanDefinitionStoreException: Factory method [public org.springframework.data.rest.core.config.RepositoryRestConfiguration org.springframework.data.rest.webmvc.config.RepositoryRestMvcConfiguration.config()] threw exception; nested exception is org.springframework.beans.factory.BeanCreationException: Error creating bean with name 'repositories' defined in class path resource [org/springframework/data/rest/webmvc/config/RepositoryRestMvcConfiguration.class]: Instantiation of bean failed; nested exception is org.springframework.beans.factory.BeanDefinitionStoreException: Factory method [public org.springframework.data.repository.support.Repositories org.springframework.data.rest.webmvc.config.RepositoryRestMvcConfiguration.repositories()] threw exception; nested exception is org.springframework.beans.factory.UnsatisfiedDependencyException: Error creating bean with name 'mongoDBEnvironmentRepositoryImpl' defined in URL [jar:file:/C:/workspaces/denv/denv-server-mongodb/target/denv-server-mongodb-0.1.0.jar!/org/ssoup/denv/server/persistence/mongodb/repository/MongoDBEnvironmentRepositoryImpl.class]: Unsatisfied dependency expressed through constructor argument with index 1 of type [org.ssoup.denv.server.persistence.ApplicationConfigRepository]: : No qualifying bean of type [org.ssoup.denv.server.persistence.ApplicationConfigRepository] is defined: expected single matching bean but found 2: mongoDBImageRepository,mongoDBApplicationConfigRepository; nested exception is org.springframework.beans.factory.NoUniqueBeanDefinitionException: No qualifying bean of type [org.ssoup.denv.server.persistence.ApplicationConfigRepository] is defined: expected single matching bean but found 2: mongoDBImageRepository,mongoDBApplicationConfigRepository
	at org.springframework.beans.factory.annotation.AutowiredAnnotationBeanPostProcessor.postProcessPropertyValues(AutowiredAnnotationBeanPostProcessor.java:292)
	at org.springframework.beans.factory.support.AbstractAutowireCapableBeanFactory.populateBean(AbstractAutowireCapableBeanFactory.java:1185)
	at org.springframework.beans.factory.support.AbstractAutowireCapableBeanFactory.doCreateBean(AbstractAutowireCapableBeanFactory.java:537)
	at org.springframework.beans.factory.support.AbstractAutowireCapableBeanFactory.createBean(AbstractAutowireCapableBeanFactory.java:475)
	at org.springframework.beans.factory.support.AbstractBeanFactory$1.getObject(AbstractBeanFactory.java:302)
	at org.springframework.beans.factory.support.DefaultSingletonBeanRegistry.getSingleton(DefaultSingletonBeanRegistry.java:228)
	at org.springframework.beans.factory.support.AbstractBeanFactory.doGetBean(AbstractBeanFactory.java:298)
	at org.springframework.beans.factory.support.AbstractBeanFactory.getBean(AbstractBeanFactory.java:193)
	at org.springframework.beans.factory.support.ConstructorResolver.instantiateUsingFactoryMethod(ConstructorResolver.java:370)
	at org.springframework.beans.factory.support.AbstractAutowireCapableBeanFactory.instantiateUsingFactoryMethod(AbstractAutowireCapableBeanFactory.java:1094)
	at org.springframework.beans.factory.support.AbstractAutowireCapableBeanFactory.createBeanInstance(AbstractAutowireCapableBeanFactory.java:989)
	at org.springframework.beans.factory.support.AbstractAutowireCapableBeanFactory.doCreateBean(AbstractAutowireCapableBeanFactory.java:504)
	at org.springframework.beans.factory.support.AbstractAutowireCapableBeanFactory.createBean(AbstractAutowireCapableBeanFactory.java:475)
	at org.springframework.beans.factory.support.AbstractBeanFactory$1.getObject(AbstractBeanFactory.java:302)
	at org.springframework.beans.factory.support.DefaultSingletonBeanRegistry.getSingleton(DefaultSingletonBeanRegistry.java:228)
	at org.springframework.beans.factory.support.AbstractBeanFactory.doGetBean(AbstractBeanFactory.java:298)
	at org.springframework.beans.factory.support.AbstractBeanFactory.getBean(AbstractBeanFactory.java:193)
	at org.springframework.beans.factory.support.DefaultListableBeanFactory.findAutowireCandidates(DefaultListableBeanFactory.java:1017)
	at org.springframework.beans.factory.support.DefaultListableBeanFactory.doResolveDependency(DefaultListableBeanFactory.java:960)
	at org.springframework.beans.factory.support.DefaultListableBeanFactory.resolveDependency(DefaultListableBeanFactory.java:858)
	at org.springframework.beans.factory.annotation.AutowiredAnnotationBeanPostProcessor$AutowiredFieldElement.inject(AutowiredAnnotationBeanPostProcessor.java:480)
	... 96 more
Caused by: org.springframework.beans.factory.BeanCreationException: Could not autowire field: private final java.util.List org.springframework.boot.autoconfigure.web.HttpMessageConvertersAutoConfiguration.converters; nested exception is org.springframework.beans.factory.BeanCreationException: Error creating bean with name 'jacksonHttpMessageConverter' defined in class path resource [org/springframework/data/rest/webmvc/config/RepositoryRestMvcConfiguration.class]: Instantiation of bean failed; nested exception is org.springframework.beans.factory.BeanDefinitionStoreException: Factory method [public org.springframework.http.converter.json.MappingJackson2HttpMessageConverter org.springframework.data.rest.webmvc.config.RepositoryRestMvcConfiguration.jacksonHttpMessageConverter()] threw exception; nested exception is org.springframework.beans.factory.BeanCreationException: Error creating bean with name 'config' defined in class path resource [org/springframework/data/rest/webmvc/config/RepositoryRestMvcConfiguration.class]: Instantiation of bean failed; nested exception is org.springframework.beans.factory.BeanDefinitionStoreException: Factory method [public org.springframework.data.rest.core.config.RepositoryRestConfiguration org.springframework.data.rest.webmvc.config.RepositoryRestMvcConfiguration.config()] threw exception; nested exception is org.springframework.beans.factory.BeanCreationException: Error creating bean with name 'repositories' defined in class path resource [org/springframework/data/rest/webmvc/config/RepositoryRestMvcConfiguration.class]: Instantiation of bean failed; nested exception is org.springframework.beans.factory.BeanDefinitionStoreException: Factory method [public org.springframework.data.repository.support.Repositories org.springframework.data.rest.webmvc.config.RepositoryRestMvcConfiguration.repositories()] threw exception; nested exception is org.springframework.beans.factory.UnsatisfiedDependencyException: Error creating bean with name 'mongoDBEnvironmentRepositoryImpl' defined in URL [jar:file:/C:/workspaces/denv/denv-server-mongodb/target/denv-server-mongodb-0.1.0.jar!/org/ssoup/denv/server/persistence/mongodb/repository/MongoDBEnvironmentRepositoryImpl.class]: Unsatisfied dependency expressed through constructor argument with index 1 of type [org.ssoup.denv.server.persistence.ApplicationConfigRepository]: : No qualifying bean of type [org.ssoup.denv.server.persistence.ApplicationConfigRepository] is defined: expected single matching bean but found 2: mongoDBImageRepository,mongoDBApplicationConfigRepository; nested exception is org.springframework.beans.factory.NoUniqueBeanDefinitionException: No qualifying bean of type [org.ssoup.denv.server.persistence.ApplicationConfigRepository] is defined: expected single matching bean but found 2: mongoDBImageRepository,mongoDBApplicationConfigRepository
	at org.springframework.beans.factory.annotation.AutowiredAnnotationBeanPostProcessor$AutowiredFieldElement.inject(AutowiredAnnotationBeanPostProcessor.java:508)
	at org.springframework.beans.factory.annotation.InjectionMetadata.inject(InjectionMetadata.java:87)
	at org.springframework.beans.factory.annotation.AutowiredAnnotationBeanPostProcessor.postProcessPropertyValues(AutowiredAnnotationBeanPostProcessor.java:289)
	... 116 more
Caused by: org.springframework.beans.factory.BeanCreationException: Error creating bean with name 'jacksonHttpMessageConverter' defined in class path resource [org/springframework/data/rest/webmvc/config/RepositoryRestMvcConfiguration.class]: Instantiation of bean failed; nested exception is org.springframework.beans.factory.BeanDefinitionStoreException: Factory method [public org.springframework.http.converter.json.MappingJackson2HttpMessageConverter org.springframework.data.rest.webmvc.config.RepositoryRestMvcConfiguration.jacksonHttpMessageConverter()] threw exception; nested exception is org.springframework.beans.factory.BeanCreationException: Error creating bean with name 'config' defined in class path resource [org/springframework/data/rest/webmvc/config/RepositoryRestMvcConfiguration.class]: Instantiation of bean failed; nested exception is org.springframework.beans.factory.BeanDefinitionStoreException: Factory method [public org.springframework.data.rest.core.config.RepositoryRestConfiguration org.springframework.data.rest.webmvc.config.RepositoryRestMvcConfiguration.config()] threw exception; nested exception is org.springframework.beans.factory.BeanCreationException: Error creating bean with name 'repositories' defined in class path resource [org/springframework/data/rest/webmvc/config/RepositoryRestMvcConfiguration.class]: Instantiation of bean failed; nested exception is org.springframework.beans.factory.BeanDefinitionStoreException: Factory method [public org.springframework.data.repository.support.Repositories org.springframework.data.rest.webmvc.config.RepositoryRestMvcConfiguration.repositories()] threw exception; nested exception is org.springframework.beans.factory.UnsatisfiedDependencyException: Error creating bean with name 'mongoDBEnvironmentRepositoryImpl' defined in URL [jar:file:/C:/workspaces/denv/denv-server-mongodb/target/denv-server-mongodb-0.1.0.jar!/org/ssoup/denv/server/persistence/mongodb/repository/MongoDBEnvironmentRepositoryImpl.class]: Unsatisfied dependency expressed through constructor argument with index 1 of type [org.ssoup.denv.server.persistence.ApplicationConfigRepository]: : No qualifying bean of type [org.ssoup.denv.server.persistence.ApplicationConfigRepository] is defined: expected single matching bean but found 2: mongoDBImageRepository,mongoDBApplicationConfigRepository; nested exception is org.springframework.beans.factory.NoUniqueBeanDefinitionException: No qualifying bean of type [org.ssoup.denv.server.persistence.ApplicationConfigRepository] is defined: expected single matching bean but found 2: mongoDBImageRepository,mongoDBApplicationConfigRepository
	at org.springframework.beans.factory.support.ConstructorResolver.instantiateUsingFactoryMethod(ConstructorResolver.java:597)
	at org.springframework.beans.factory.support.AbstractAutowireCapableBeanFactory.instantiateUsingFactoryMethod(AbstractAutowireCapableBeanFactory.java:1094)
	at org.springframework.beans.factory.support.AbstractAutowireCapableBeanFactory.createBeanInstance(AbstractAutowireCapableBeanFactory.java:989)
	at org.springframework.beans.factory.support.AbstractAutowireCapableBeanFactory.doCreateBean(AbstractAutowireCapableBeanFactory.java:504)
	at org.springframework.beans.factory.support.AbstractAutowireCapableBeanFactory.createBean(AbstractAutowireCapableBeanFactory.java:475)
	at org.springframework.beans.factory.support.AbstractBeanFactory$1.getObject(AbstractBeanFactory.java:302)
	at org.springframework.beans.factory.support.DefaultSingletonBeanRegistry.getSingleton(DefaultSingletonBeanRegistry.java:228)
	at org.springframework.beans.factory.support.AbstractBeanFactory.doGetBean(AbstractBeanFactory.java:298)
	at org.springframework.beans.factory.support.AbstractBeanFactory.getBean(AbstractBeanFactory.java:193)
	at org.springframework.beans.factory.support.DefaultListableBeanFactory.findAutowireCandidates(DefaultListableBeanFactory.java:1017)
	at org.springframework.beans.factory.support.DefaultListableBeanFactory.doResolveDependency(DefaultListableBeanFactory.java:912)
	at org.springframework.beans.factory.support.DefaultListableBeanFactory.resolveDependency(DefaultListableBeanFactory.java:858)
	at org.springframework.beans.factory.annotation.AutowiredAnnotationBeanPostProcessor$AutowiredFieldElement.inject(AutowiredAnnotationBeanPostProcessor.java:480)
	... 118 more
Caused by: org.springframework.beans.factory.BeanDefinitionStoreException: Factory method [public org.springframework.http.converter.json.MappingJackson2HttpMessageConverter org.springframework.data.rest.webmvc.config.RepositoryRestMvcConfiguration.jacksonHttpMessageConverter()] threw exception; nested exception is org.springframework.beans.factory.BeanCreationException: Error creating bean with name 'config' defined in class path resource [org/springframework/data/rest/webmvc/config/RepositoryRestMvcConfiguration.class]: Instantiation of bean failed; nested exception is org.springframework.beans.factory.BeanDefinitionStoreException: Factory method [public org.springframework.data.rest.core.config.RepositoryRestConfiguration org.springframework.data.rest.webmvc.config.RepositoryRestMvcConfiguration.config()] threw exception; nested exception is org.springframework.beans.factory.BeanCreationException: Error creating bean with name 'repositories' defined in class path resource [org/springframework/data/rest/webmvc/config/RepositoryRestMvcConfiguration.class]: Instantiation of bean failed; nested exception is org.springframework.beans.factory.BeanDefinitionStoreException: Factory method [public org.springframework.data.repository.support.Repositories org.springframework.data.rest.webmvc.config.RepositoryRestMvcConfiguration.repositories()] threw exception; nested exception is org.springframework.beans.factory.UnsatisfiedDependencyException: Error creating bean with name 'mongoDBEnvironmentRepositoryImpl' defined in URL [jar:file:/C:/workspaces/denv/denv-server-mongodb/target/denv-server-mongodb-0.1.0.jar!/org/ssoup/denv/server/persistence/mongodb/repository/MongoDBEnvironmentRepositoryImpl.class]: Unsatisfied dependency expressed through constructor argument with index 1 of type [org.ssoup.denv.server.persistence.ApplicationConfigRepository]: : No qualifying bean of type [org.ssoup.denv.server.persistence.ApplicationConfigRepository] is defined: expected single matching bean but found 2: mongoDBImageRepository,mongoDBApplicationConfigRepository; nested exception is org.springframework.beans.factory.NoUniqueBeanDefinitionException: No qualifying bean of type [org.ssoup.denv.server.persistence.ApplicationConfigRepository] is defined: expected single matching bean but found 2: mongoDBImageRepository,mongoDBApplicationConfigRepository
	at org.springframework.beans.factory.support.SimpleInstantiationStrategy.instantiate(SimpleInstantiationStrategy.java:188)
	at org.springframework.beans.factory.support.ConstructorResolver.instantiateUsingFactoryMethod(ConstructorResolver.java:586)
	... 130 more
Caused by: org.springframework.beans.factory.BeanCreationException: Error creating bean with name 'config' defined in class path resource [org/springframework/data/rest/webmvc/config/RepositoryRestMvcConfiguration.class]: Instantiation of bean failed; nested exception is org.springframework.beans.factory.BeanDefinitionStoreException: Factory method [public org.springframework.data.rest.core.config.RepositoryRestConfiguration org.springframework.data.rest.webmvc.config.RepositoryRestMvcConfiguration.config()] threw exception; nested exception is org.springframework.beans.factory.BeanCreationException: Error creating bean with name 'repositories' defined in class path resource [org/springframework/data/rest/webmvc/config/RepositoryRestMvcConfiguration.class]: Instantiation of bean failed; nested exception is org.springframework.beans.factory.BeanDefinitionStoreException: Factory method [public org.springframework.data.repository.support.Repositories org.springframework.data.rest.webmvc.config.RepositoryRestMvcConfiguration.repositories()] threw exception; nested exception is org.springframework.beans.factory.UnsatisfiedDependencyException: Error creating bean with name 'mongoDBEnvironmentRepositoryImpl' defined in URL [jar:file:/C:/workspaces/denv/denv-server-mongodb/target/denv-server-mongodb-0.1.0.jar!/org/ssoup/denv/server/persistence/mongodb/repository/MongoDBEnvironmentRepositoryImpl.class]: Unsatisfied dependency expressed through constructor argument with index 1 of type [org.ssoup.denv.server.persistence.ApplicationConfigRepository]: : No qualifying bean of type [org.ssoup.denv.server.persistence.ApplicationConfigRepository] is defined: expected single matching bean but found 2: mongoDBImageRepository,mongoDBApplicationConfigRepository; nested exception is org.springframework.beans.factory.NoUniqueBeanDefinitionException: No qualifying bean of type [org.ssoup.denv.server.persistence.ApplicationConfigRepository] is defined: expected single matching bean but found 2: mongoDBImageRepository,mongoDBApplicationConfigRepository
	at org.springframework.beans.factory.support.ConstructorResolver.instantiateUsingFactoryMethod(ConstructorResolver.java:597)
	at org.springframework.beans.factory.support.AbstractAutowireCapableBeanFactory.instantiateUsingFactoryMethod(AbstractAutowireCapableBeanFactory.java:1094)
	at org.springframework.beans.factory.support.AbstractAutowireCapableBeanFactory.createBeanInstance(AbstractAutowireCapableBeanFactory.java:989)
	at org.springframework.beans.factory.support.AbstractAutowireCapableBeanFactory.doCreateBean(AbstractAutowireCapableBeanFactory.java:504)
	at org.springframework.beans.factory.support.AbstractAutowireCapableBeanFactory.createBean(AbstractAutowireCapableBeanFactory.java:475)
	at org.springframework.beans.factory.support.AbstractBeanFactory$1.getObject(AbstractBeanFactory.java:302)
	at org.springframework.beans.factory.support.DefaultSingletonBeanRegistry.getSingleton(DefaultSingletonBeanRegistry.java:228)
	at org.springframework.beans.factory.support.AbstractBeanFactory.doGetBean(AbstractBeanFactory.java:298)
	at org.springframework.beans.factory.support.AbstractBeanFactory.getBean(AbstractBeanFactory.java:193)
	at org.springframework.context.annotation.ConfigurationClassEnhancer$BeanMethodInterceptor.intercept(ConfigurationClassEnhancer.java:324)
	at org.springframework.data.rest.webmvc.config.RepositoryRestMvcConfiguration$$EnhancerBySpringCGLIB$$2cc48631.config(<generated>)
	at org.springframework.data.rest.webmvc.config.RepositoryRestMvcConfiguration.jacksonHttpMessageConverter(RepositoryRestMvcConfiguration.java:374)
	at org.springframework.data.rest.webmvc.config.RepositoryRestMvcConfiguration$$EnhancerBySpringCGLIB$$2cc48631.CGLIB$jacksonHttpMessageConverter$21(<generated>)
	at org.springframework.data.rest.webmvc.config.RepositoryRestMvcConfiguration$$EnhancerBySpringCGLIB$$2cc48631$$FastClassBySpringCGLIB$$1e60d3fc.invoke(<generated>)
	at org.springframework.cglib.proxy.MethodProxy.invokeSuper(MethodProxy.java:228)
	at org.springframework.context.annotation.ConfigurationClassEnhancer$BeanMethodInterceptor.intercept(ConfigurationClassEnhancer.java:312)
	at org.springframework.data.rest.webmvc.config.RepositoryRestMvcConfiguration$$EnhancerBySpringCGLIB$$2cc48631.jacksonHttpMessageConverter(<generated>)
	at sun.reflect.NativeMethodAccessorImpl.invoke0(Native Method)
	at sun.reflect.NativeMethodAccessorImpl.invoke(NativeMethodAccessorImpl.java:39)
	at sun.reflect.DelegatingMethodAccessorImpl.invoke(DelegatingMethodAccessorImpl.java:25)
	at java.lang.reflect.Method.invoke(Method.java:597)
	at org.springframework.beans.factory.support.SimpleInstantiationStrategy.instantiate(SimpleInstantiationStrategy.java:166)
	... 131 more
[...]
	... 118 more
Caused by: org.springframework.beans.factory.BeanDefinitionStoreException: Factory method [public org.springframework.http.converter.json.MappingJackson2HttpMessageConverter org.springframework.data.rest.webmvc.config.RepositoryRestMvcConfiguration.jacksonHttpMessageConverter()] threw exception; nested exception is org.springframework.beans.factory.BeanCreationException: Error creating bean with name 'config' defined in class path resource [org/springframework/data/rest/webmvc/config/RepositoryRestMvcConfiguration.class]: Instantiation of bean failed; nested exception is org.springframework.beans.factory.BeanDefinitionStoreException: Factory method [public org.springframework.data.rest.core.config.RepositoryRestConfiguration org.springframework.data.rest.webmvc.config.RepositoryRestMvcConfiguration.config()] threw exception; nested exception is org.springframework.beans.factory.BeanCreationException: Error creating bean with name 'repositories' defined in class path resource [org/springframework/data/rest/webmvc/config/RepositoryRestMvcConfiguration.class]: Instantiation of bean failed; nested exception is org.springframework.beans.factory.BeanDefinitionStoreException: Factory method [public org.springframework.data.repository.support.Repositories org.springframework.data.rest.webmvc.config.RepositoryRestMvcConfiguration.repositories()] threw exception; nested exception is org.springframework.beans.factory.UnsatisfiedDependencyException: Error creating bean with name 'mongoDBEnvironmentRepositoryImpl' defined in URL [jar:file:/C:/workspaces/denv/denv-server-mongodb/target/denv-server-mongodb-0.1.0.jar!/org/ssoup/denv/server/persistence/mongodb/repository/MongoDBEnvironmentRepositoryImpl.class]: Unsatisfied dependency expressed through constructor argument with index 1 of type [org.ssoup.denv.server.persistence.ApplicationConfigRepository]: : No qualifying bean of type [org.ssoup.denv.server.persistence.ApplicationConfigRepository] is defined: expected single matching bean but found 2: mongoDBImageRepository,mongoDBApplicationConfigRepository; nested exception is org.springframework.beans.factory.NoUniqueBeanDefinitionException: No qualifying bean of type [org.ssoup.denv.server.persistence.ApplicationConfigRepository] is defined: expected single matching bean but found 2: mongoDBImageRepository,mongoDBApplicationConfigRepository
	at org.springframework.beans.factory.support.SimpleInstantiationStrategy.instantiate(SimpleInstantiationStrategy.java:188)
	at org.springframework.beans.factory.support.ConstructorResolver.instantiateUsingFactoryMethod(ConstructorResolver.java:586)
	... 130 more
Caused by: org.springframework.beans.factory.BeanCreationException: Error creating bean with name 'config' defined in class path resource [org/springframework/data/rest/webmvc/config/RepositoryRestMvcConfiguration.class]: Instantiation of bean failed; nested exception is org.springframework.beans.factory.BeanDefinitionStoreException: Factory method [public org.springframework.data.rest.core.config.RepositoryRestConfiguration org.springframework.data.rest.webmvc.config.RepositoryRestMvcConfiguration.config()] threw exception; nested exception is org.springframework.beans.factory.BeanCreationException: Error creating bean with name 'repositories' defined in class path resource [org/springframework/data/rest/webmvc/config/RepositoryRestMvcConfiguration.class]: Instantiation of bean failed; nested exception is org.springframework.beans.factory.BeanDefinitionStoreException: Factory method [public org.springframework.data.repository.support.Repositories org.springframework.data.rest.webmvc.config.RepositoryRestMvcConfiguration.repositories()] threw exception; nested exception is org.springframework.beans.factory.UnsatisfiedDependencyException: Error creating bean with name 'mongoDBEnvironmentRepositoryImpl' defined in URL [jar:file:/C:/workspaces/denv/denv-server-mongodb/target/denv-server-mongodb-0.1.0.jar!/org/ssoup/denv/server/persistence/mongodb/repository/MongoDBEnvironmentRepositoryImpl.class]: Unsatisfied dependency expressed through constructor argument with index 1 of type [org.ssoup.denv.server.persistence.ApplicationConfigRepository]: : No qualifying bean of type [org.ssoup.denv.server.persistence.ApplicationConfigRepository] is defined: expected single matching bean but found 2: mongoDBImageRepository,mongoDBApplicationConfigRepository; nested exception is org.springframework.beans.factory.NoUniqueBeanDefinitionException: No qualifying bean of type [org.ssoup.denv.server.persistence.ApplicationConfigRepository] is defined: expected single matching bean but found 2: mongoDBImageRepository,mongoDBApplicationConfigRepository
	at org.springframework.beans.factory.support.ConstructorResolver.instantiateUsingFactoryMethod(ConstructorResolver.java:597)
	at org.springframework.beans.factory.support.AbstractAutowireCapableBeanFactory.instantiateUsingFactoryMethod(AbstractAutowireCapableBeanFactory.java:1094)
	at org.springframework.beans.factory.support.AbstractAutowireCapableBeanFactory.createBeanInstance(AbstractAutowireCapableBeanFactory.java:989)
	at org.springframework.beans.factory.support.AbstractAutowireCapableBeanFactory.doCreateBean(AbstractAutowireCapableBeanFactory.java:504)
	at org.springframework.beans.factory.support.AbstractAutowireCapableBeanFactory.createBean(AbstractAutowireCapableBeanFactory.java:475)
	at org.springframework.beans.factory.support.AbstractBeanFactory$1.getObject(AbstractBeanFactory.java:302)
	at org.springframework.beans.factory.support.DefaultSingletonBeanRegistry.getSingleton(DefaultSingletonBeanRegistry.java:228)
	at org.springframework.beans.factory.support.AbstractBeanFactory.doGetBean(AbstractBeanFactory.java:298)
	at org.springframework.beans.factory.support.AbstractBeanFactory.getBean(AbstractBeanFactory.java:193)
	at org.springframework.context.annotation.ConfigurationClassEnhancer$BeanMethodInterceptor.intercept(ConfigurationClassEnhancer.java:324)
	at org.springframework.data.rest.webmvc.config.RepositoryRestMvcConfiguration$$EnhancerBySpringCGLIB$$2cc48631.config(<generated>)
	at org.springframework.data.rest.webmvc.config.RepositoryRestMvcConfiguration.jacksonHttpMessageConverter(RepositoryRestMvcConfiguration.java:374)
	at org.springframework.data.rest.webmvc.config.RepositoryRestMvcConfiguration$$EnhancerBySpringCGLIB$$2cc48631.CGLIB$jacksonHttpMessageConverter$21(<generated>)
	at org.springframework.data.rest.webmvc.config.RepositoryRestMvcConfiguration$$EnhancerBySpringCGLIB$$2cc48631$$FastClassBySpringCGLIB$$1e60d3fc.invoke(<generated>)
	at org.springframework.cglib.proxy.MethodProxy.invokeSuper(MethodProxy.java:228)
	at org.springframework.context.annotation.ConfigurationClassEnhancer$BeanMethodInterceptor.intercept(ConfigurationClassEnhancer.java:312)
	at org.springframework.data.rest.webmvc.config.RepositoryRestMvcConfiguration$$EnhancerBySpringCGLIB$$2cc48631.jacksonHttpMessageConverter(<generated>)
	at sun.reflect.NativeMethodAccessorImpl.invoke0(Native Method)
	at sun.reflect.NativeMethodAccessorImpl.invoke(NativeMethodAccessorImpl.java:39)
	at sun.reflect.DelegatingMethodAccessorImpl.invoke(DelegatingMethodAccessorImpl.java:25)
	at java.lang.reflect.Method.invoke(Method.java:597)
	at org.springframework.beans.factory.support.SimpleInstantiationStrategy.instantiate(SimpleInstantiationStrategy.java:166)
	... 131 more
Caused by: org.springframework.beans.factory.BeanDefinitionStoreException: Factory method [public org.springframework.data.rest.core.config.RepositoryRestConfiguration org.springframework.data.rest.webmvc.config.RepositoryRestMvcConfiguration.config()] threw exception; nested exception is org.springframework.beans.factory.BeanCreationException: Error creating bean with name 'repositories' defined in class path resource [org/springframework/data/rest/webmvc/config/RepositoryRestMvcConfiguration.class]: Instantiation of bean failed; nested exception is org.springframework.beans.factory.BeanDefinitionStoreException: Factory method [public org.springframework.data.repository.support.Repositories org.springframework.data.rest.webmvc.config.RepositoryRestMvcConfiguration.repositories()] threw exception; nested exception is org.springframework.beans.factory.UnsatisfiedDependencyException: Error creating bean with name 'mongoDBEnvironmentRepositoryImpl' defined in URL [jar:file:/C:/workspaces/denv/denv-server-mongodb/target/denv-server-mongodb-0.1.0.jar!/org/ssoup/denv/server/persistence/mongodb/repository/MongoDBEnvironmentRepositoryImpl.class]: Unsatisfied dependency expressed through constructor argument with index 1 of type [org.ssoup.denv.server.persistence.ApplicationConfigRepository]: : No qualifying bean of type [org.ssoup.denv.server.persistence.ApplicationConfigRepository] is defined: expected single matching bean but found 2: mongoDBImageRepository,mongoDBApplicationConfigRepository; nested exception is org.springframework.beans.factory.NoUniqueBeanDefinitionException: No qualifying bean of type [org.ssoup.denv.server.persistence.ApplicationConfigRepository] is defined: expected single matching bean but found 2: mongoDBImageRepository,mongoDBApplicationConfigRepository
	at org.springframework.beans.factory.support.SimpleInstantiationStrategy.instantiate(SimpleInstantiationStrategy.java:188)
	at org.springframework.beans.factory.support.ConstructorResolver.instantiateUsingFactoryMethod(ConstructorResolver.java:586)
	... 152 more
Caused by: org.springframework.beans.factory.BeanCreationException: Error creating bean with name 'repositories' defined in class path resource [org/springframework/data/rest/webmvc/config/RepositoryRestMvcConfiguration.class]: Instantiation of bean failed; nested exception is org.springframework.beans.factory.BeanDefinitionStoreException: Factory method [public org.springframework.data.repository.support.Repositories org.springframework.data.rest.webmvc.config.RepositoryRestMvcConfiguration.repositories()] threw exception; nested exception is org.springframework.beans.factory.UnsatisfiedDependencyException: Error creating bean with name 'mongoDBEnvironmentRepositoryImpl' defined in URL [jar:file:/C:/workspaces/denv/denv-server-mongodb/target/denv-server-mongodb-0.1.0.jar!/org/ssoup/denv/server/persistence/mongodb/repository/MongoDBEnvironmentRepositoryImpl.class]: Unsatisfied dependency expressed through constructor argument with index 1 of type [org.ssoup.denv.server.persistence.ApplicationConfigRepository]: : No qualifying bean of type [org.ssoup.denv.server.persistence.ApplicationConfigRepository] is defined: expected single matching bean but found 2: mongoDBImageRepository,mongoDBApplicationConfigRepository; nested exception is org.springframework.beans.factory.NoUniqueBeanDefinitionException: No qualifying bean of type [org.ssoup.denv.server.persistence.ApplicationConfigRepository] is defined: expected single matching bean but found 2: mongoDBImageRepository,mongoDBApplicationConfigRepository
	at org.springframework.beans.factory.support.ConstructorResolver.instantiateUsingFactoryMethod(ConstructorResolver.java:597)
	at org.springframework.beans.factory.support.AbstractAutowireCapableBeanFactory.instantiateUsingFactoryMethod(AbstractAutowireCapableBeanFactory.java:1094)
	at org.springframework.beans.factory.support.AbstractAutowireCapableBeanFactory.createBeanInstance(AbstractAutowireCapableBeanFactory.java:989)
	at org.springframework.beans.factory.support.AbstractAutowireCapableBeanFactory.doCreateBean(AbstractAutowireCapableBeanFactory.java:504)
	at org.springframework.beans.factory.support.AbstractAutowireCapableBeanFactory.createBean(AbstractAutowireCapableBeanFactory.java:475)
	at org.springframework.beans.factory.support.AbstractBeanFactory$1.getObject(AbstractBeanFactory.java:302)
	at org.springframework.beans.factory.support.DefaultSingletonBeanRegistry.getSingleton(DefaultSingletonBeanRegistry.java:228)
	at org.springframework.beans.factory.support.AbstractBeanFactory.doGetBean(AbstractBeanFactory.java:298)
	at org.springframework.beans.factory.support.AbstractBeanFactory.getBean(AbstractBeanFactory.java:193)
	at org.springframework.context.annotation.ConfigurationClassEnhancer$BeanMethodInterceptor.intercept(ConfigurationClassEnhancer.java:324)
	at org.springframework.data.rest.webmvc.config.RepositoryRestMvcConfiguration$$EnhancerBySpringCGLIB$$2cc48631.repositories(<generated>)
	at org.springframework.data.rest.webmvc.config.RepositoryRestMvcConfiguration.getProjections(RepositoryRestMvcConfiguration.java:621)
	at org.springframework.data.rest.webmvc.config.RepositoryRestMvcConfiguration.config(RepositoryRestMvcConfiguration.java:224)
	at org.springframework.data.rest.webmvc.config.RepositoryRestMvcConfiguration$$EnhancerBySpringCGLIB$$2cc48631.CGLIB$config$40(<generated>)
	at org.springframework.data.rest.webmvc.config.RepositoryRestMvcConfiguration$$EnhancerBySpringCGLIB$$2cc48631$$FastClassBySpringCGLIB$$1e60d3fc.invoke(<generated>)
	at org.springframework.cglib.proxy.MethodProxy.invokeSuper(MethodProxy.java:228)
	at org.springframework.context.annotation.ConfigurationClassEnhancer$BeanMethodInterceptor.intercept(ConfigurationClassEnhancer.java:312)
	at org.springframework.data.rest.webmvc.config.RepositoryRestMvcConfiguration$$EnhancerBySpringCGLIB$$2cc48631.config(<generated>)
	at sun.reflect.NativeMethodAccessorImpl.invoke0(Native Method)
	at sun.reflect.NativeMethodAccessorImpl.invoke(NativeMethodAccessorImpl.java:39)
	at sun.reflect.DelegatingMethodAccessorImpl.invoke(DelegatingMethodAccessorImpl.java:25)
	at java.lang.reflect.Method.invoke(Method.java:597)
	at org.springframework.beans.factory.support.SimpleInstantiationStrategy.instantiate(SimpleInstantiationStrategy.java:166)
	... 153 more
Caused by: org.springframework.beans.factory.BeanDefinitionStoreException: Factory method [public org.springframework.data.repository.support.Repositories org.springframework.data.rest.webmvc.config.RepositoryRestMvcConfiguration.repositories()] threw exception; nested exception is org.springframework.beans.factory.UnsatisfiedDependencyException: Error creating bean with name 'mongoDBEnvironmentRepositoryImpl' defined in URL [jar:file:/C:/workspaces/denv/denv-server-mongodb/target/denv-server-mongodb-0.1.0.jar!/org/ssoup/denv/server/persistence/mongodb/repository/MongoDBEnvironmentRepositoryImpl.class]: Unsatisfied dependency expressed through constructor argument with index 1 of type [org.ssoup.denv.server.persistence.ApplicationConfigRepository]: : No qualifying bean of type [org.ssoup.denv.server.persistence.ApplicationConfigRepository] is defined: expected single matching bean but found 2: mongoDBImageRepository,mongoDBApplicationConfigRepository; nested exception is org.springframework.beans.factory.NoUniqueBeanDefinitionException: No qualifying bean of type [org.ssoup.denv.server.persistence.ApplicationConfigRepository] is defined: expected single matching bean but found 2: mongoDBImageRepository,mongoDBApplicationConfigRepository
	at org.springframework.beans.factory.support.SimpleInstantiationStrategy.instantiate(SimpleInstantiationStrategy.java:188)
	at org.springframework.beans.factory.support.ConstructorResolver.instantiateUsingFactoryMethod(ConstructorResolver.java:586)
	... 175 more
Caused by: org.springframework.beans.factory.UnsatisfiedDependencyException: Error creating bean with name 'mongoDBEnvironmentRepositoryImpl' defined in URL [jar:file:/C:/workspaces/denv/denv-server-mongodb/target/denv-server-mongodb-0.1.0.jar!/org/ssoup/denv/server/persistence/mongodb/repository/MongoDBEnvironmentRepositoryImpl.class]: Unsatisfied dependency expressed through constructor argument with index 1 of type [org.ssoup.denv.server.persistence.ApplicationConfigRepository]: : No qualifying bean of type [org.ssoup.denv.server.persistence.ApplicationConfigRepository] is defined: expected single matching bean but found 2: mongoDBImageRepository,mongoDBApplicationConfigRepository; nested exception is org.springframework.beans.factory.NoUniqueBeanDefinitionException: No qualifying bean of type [org.ssoup.denv.server.persistence.ApplicationConfigRepository] is defined: expected single matching bean but found 2: mongoDBImageRepository,mongoDBApplicationConfigRepository
	at org.springframework.beans.factory.support.ConstructorResolver.createArgumentArray(ConstructorResolver.java:747)
	at org.springframework.beans.factory.support.ConstructorResolver.autowireConstructor(ConstructorResolver.java:185)
	at org.springframework.beans.factory.support.AbstractAutowireCapableBeanFactory.autowireConstructor(AbstractAutowireCapableBeanFactory.java:1114)
	at org.springframework.beans.factory.support.AbstractAutowireCapableBeanFactory.createBeanInstance(AbstractAutowireCapableBeanFactory.java:1017)
	at org.springframework.beans.factory.support.AbstractAutowireCapableBeanFactory.doCreateBean(AbstractAutowireCapableBeanFactory.java:504)
	at org.springframework.beans.factory.support.AbstractAutowireCapableBeanFactory.createBean(AbstractAutowireCapableBeanFactory.java:475)
	at org.springframework.beans.factory.support.AbstractBeanFactory$1.getObject(AbstractBeanFactory.java:302)
	at org.springframework.beans.factory.support.DefaultSingletonBeanRegistry.getSingleton(DefaultSingletonBeanRegistry.java:228)
	at org.springframework.beans.factory.support.AbstractBeanFactory.doGetBean(AbstractBeanFactory.java:298)
	at org.springframework.beans.factory.support.AbstractBeanFactory.getBean(AbstractBeanFactory.java:193)
	at org.springframework.beans.factory.support.AbstractBeanFactory.doGetBean(AbstractBeanFactory.java:292)
	at org.springframework.beans.factory.support.AbstractBeanFactory.getBean(AbstractBeanFactory.java:198)
	at org.springframework.data.repository.support.Repositories.populateRepositoryFactoryInformation(Repositories.java:87)
	at org.springframework.data.repository.support.Repositories.<init>(Repositories.java:78)
	at org.springframework.data.rest.webmvc.config.RepositoryRestMvcConfiguration.repositories(RepositoryRestMvcConfiguration.java:146)
	at org.springframework.data.rest.webmvc.config.RepositoryRestMvcConfiguration$$EnhancerBySpringCGLIB$$2cc48631.CGLIB$repositories$2(<generated>)
	at org.springframework.data.rest.webmvc.config.RepositoryRestMvcConfiguration$$EnhancerBySpringCGLIB$$2cc48631$$FastClassBySpringCGLIB$$1e60d3fc.invoke(<generated>)
	at org.springframework.cglib.proxy.MethodProxy.invokeSuper(MethodProxy.java:228)
	at org.springframework.context.annotation.ConfigurationClassEnhancer$BeanMethodInterceptor.intercept(ConfigurationClassEnhancer.java:312)
	at org.springframework.data.rest.webmvc.config.RepositoryRestMvcConfiguration$$EnhancerBySpringCGLIB$$2cc48631.repositories(<generated>)
	at sun.reflect.NativeMethodAccessorImpl.invoke0(Native Method)
	at sun.reflect.NativeMethodAccessorImpl.invoke(NativeMethodAccessorImpl.java:39)
	at sun.reflect.DelegatingMethodAccessorImpl.invoke(DelegatingMethodAccessorImpl.java:25)
	at java.lang.reflect.Method.invoke(Method.java:597)
	at org.springframework.beans.factory.support.SimpleInstantiationStrategy.instantiate(SimpleInstantiationStrategy.java:166)
	... 176 more
Caused by: org.springframework.beans.factory.NoUniqueBeanDefinitionException: No qualifying bean of type [org.ssoup.denv.server.persistence.ApplicationConfigRepository] is defined: expected single matching bean but found 2: mongoDBImageRepository,mongoDBApplicationConfigRepository
	at org.springframework.beans.factory.support.DefaultListableBeanFactory.doResolveDependency(DefaultListableBeanFactory.java:970)
	at org.springframework.beans.factory.support.DefaultListableBeanFactory.resolveDependency(DefaultListableBeanFactory.java:858)
	at org.springframework.beans.factory.support.ConstructorResolver.resolveAutowiredArgument(ConstructorResolver.java:811)
	at org.springframework.beans.factory.support.ConstructorResolver.createArgumentArray(ConstructorResolver.java:739)
	... 200 more

