<?xml version="1.0" encoding="UTF-8" ?>
<testsuite failures="0" time="6.523" errors="2" skipped="0" tests="2" name="org.ssoup.denv.server.test.BasicTest">
  <properties>
[...]
</properties>
  <testcase time="4.457" classname="org.ssoup.denv.server.test.BasicTest" name="runPanamaxApp">
    <error message="Failed to load ApplicationContext" type="java.lang.IllegalStateException">java.lang.IllegalStateException: Failed to load ApplicationContext
	at org.springframework.test.context.CacheAwareContextLoaderDelegate.loadContext(CacheAwareContextLoaderDelegate.java:99)
	at org.springframework.test.context.DefaultTestContext.getApplicationContext(DefaultTestContext.java:101)
	at org.springframework.test.context.support.DependencyInjectionTestExecutionListener.injectDependencies(DependencyInjectionTestExecutionListener.java:109)
	at org.springframework.test.context.support.DependencyInjectionTestExecutionListener.prepareTestInstance(DependencyInjectionTestExecutionListener.java:75)
	at org.springframework.test.context.TestContextManager.prepareTestInstance(TestContextManager.java:331)
	at org.springframework.test.context.junit4.SpringJUnit4ClassRunner.createTest(SpringJUnit4ClassRunner.java:213)
	at org.springframework.test.context.junit4.SpringJUnit4ClassRunner$1.runReflectiveCall(SpringJUnit4ClassRunner.java:290)
	at org.junit.internal.runners.model.ReflectiveCallable.run(ReflectiveCallable.java:12)
	at org.springframework.test.context.junit4.SpringJUnit4ClassRunner.methodBlock(SpringJUnit4ClassRunner.java:292)
	at org.springframework.test.context.junit4.SpringJUnit4ClassRunner.runChild(SpringJUnit4ClassRunner.java:233)
	at org.springframework.test.context.junit4.SpringJUnit4ClassRunner.runChild(SpringJUnit4ClassRunner.java:87)
	at org.junit.runners.ParentRunner$3.run(ParentRunner.java:238)
	at org.junit.runners.ParentRunner$1.schedule(ParentRunner.java:63)
	at org.junit.runners.ParentRunner.runChildren(ParentRunner.java:236)
	at org.junit.runners.ParentRunner.access$000(ParentRunner.java:53)
	at org.junit.runners.ParentRunner$2.evaluate(ParentRunner.java:229)
	at org.springframework.test.context.junit4.statements.RunBeforeTestClassCallbacks.evaluate(RunBeforeTestClassCallbacks.java:61)
	at org.springframework.test.context.junit4.statements.RunAfterTestClassCallbacks.evaluate(RunAfterTestClassCallbacks.java:71)
	at org.junit.runners.ParentRunner.run(ParentRunner.java:309)
	at org.springframework.test.context.junit4.SpringJUnit4ClassRunner.run(SpringJUnit4ClassRunner.java:176)
	at org.apache.maven.surefire.junit4.JUnit4TestSet.execute(JUnit4TestSet.java:62)
	at org.apache.maven.surefire.suite.AbstractDirectoryTestSuite.executeTestSet(AbstractDirectoryTestSuite.java:140)
	at org.apache.maven.surefire.suite.AbstractDirectoryTestSuite.execute(AbstractDirectoryTestSuite.java:127)
	at org.apache.maven.surefire.Surefire.run(Surefire.java:177)
	at sun.reflect.NativeMethodAccessorImpl.invoke0(Native Method)
	at sun.reflect.NativeMethodAccessorImpl.invoke(NativeMethodAccessorImpl.java:39)
	at sun.reflect.DelegatingMethodAccessorImpl.invoke(DelegatingMethodAccessorImpl.java:25)
	at java.lang.reflect.Method.invoke(Method.java:597)
	at org.apache.maven.surefire.booter.SurefireBooter.runSuitesInProcess(SurefireBooter.java:345)
	at org.apache.maven.surefire.booter.SurefireBooter.main(SurefireBooter.java:1009)
Caused by: org.springframework.beans.factory.BeanCreationException: Error creating bean with name &apos;requestMappingHandlerMapping&apos; defined in class path resource [org/springframework/web/servlet/config/annotation/DelegatingWebMvcConfiguration.class]: Invocation of init method failed; nested exception is java.lang.IllegalStateException: Ambiguous mapping found. Cannot map &apos;appsConfigsController&apos; bean method 
public org.springframework.http.ResponseEntity&lt;java.lang.String&gt; org.ssoup.denv.server.api.v1.AppsConfigsController.getApplicationConfig(java.lang.String) throws org.ssoup.denv.server.exception.DenvException
to {[/api/v1/apps/configs],methods=[GET],params=[],headers=[],consumes=[],produces=[],custom=[]}: There is already &apos;appsConfigsController&apos; bean method
public org.springframework.http.ResponseEntity&lt;java.util.Collection&lt;java.lang.String&gt;&gt; org.ssoup.denv.server.api.v1.AppsConfigsController.listApplicationConfigNames() throws org.ssoup.denv.server.exception.DenvException mapped.
	at org.springframework.beans.factory.support.AbstractAutowireCapableBeanFactory.initializeBean(AbstractAutowireCapableBeanFactory.java:1553)
	at org.springframework.beans.factory.support.AbstractAutowireCapableBeanFactory.doCreateBean(AbstractAutowireCapableBeanFactory.java:539)
	at org.springframework.beans.factory.support.AbstractAutowireCapableBeanFactory.createBean(AbstractAutowireCapableBeanFactory.java:475)
	at org.springframework.beans.factory.support.AbstractBeanFactory$1.getObject(AbstractBeanFactory.java:302)
	at org.springframework.beans.factory.support.DefaultSingletonBeanRegistry.getSingleton(DefaultSingletonBeanRegistry.java:228)
	at org.springframework.beans.factory.support.AbstractBeanFactory.doGetBean(AbstractBeanFactory.java:298)
	at org.springframework.beans.factory.support.AbstractBeanFactory.getBean(AbstractBeanFactory.java:193)
	at org.springframework.beans.factory.support.DefaultListableBeanFactory.preInstantiateSingletons(DefaultListableBeanFactory.java:703)
	at org.springframework.context.support.AbstractApplicationContext.finishBeanFactoryInitialization(AbstractApplicationContext.java:760)
	at org.springframework.context.support.AbstractApplicationContext.refresh(AbstractApplicationContext.java:482)
	at org.springframework.boot.context.embedded.EmbeddedWebApplicationContext.refresh(EmbeddedWebApplicationContext.java:120)
	at org.springframework.boot.SpringApplication.refresh(SpringApplication.java:691)
	at org.springframework.boot.SpringApplication.run(SpringApplication.java:320)
	at org.springframework.boot.test.SpringApplicationContextLoader.loadContext(SpringApplicationContextLoader.java:107)
	at org.springframework.test.context.CacheAwareContextLoaderDelegate.loadContextInternal(CacheAwareContextLoaderDelegate.java:64)
	at org.springframework.test.context.CacheAwareContextLoaderDelegate.loadContext(CacheAwareContextLoaderDelegate.java:91)
	... 29 more
Caused by: java.lang.IllegalStateException: Ambiguous mapping found. Cannot map &apos;appsConfigsController&apos; bean method 
public org.springframework.http.ResponseEntity&lt;java.lang.String&gt; org.ssoup.denv.server.api.v1.AppsConfigsController.getApplicationConfig(java.lang.String) throws org.ssoup.denv.server.exception.DenvException
to {[/api/v1/apps/configs],methods=[GET],params=[],headers=[],consumes=[],produces=[],custom=[]}: There is already &apos;appsConfigsController&apos; bean method
public org.springframework.http.ResponseEntity&lt;java.util.Collection&lt;java.lang.String&gt;&gt; org.ssoup.denv.server.api.v1.AppsConfigsController.listApplicationConfigNames() throws org.ssoup.denv.server.exception.DenvException mapped.
	at org.springframework.web.servlet.handler.AbstractHandlerMethodMapping.registerHandlerMethod(AbstractHandlerMethodMapping.java:192)
	at org.springframework.web.servlet.handler.AbstractHandlerMethodMapping.detectHandlerMethods(AbstractHandlerMethodMapping.java:164)
	at org.springframework.web.servlet.handler.AbstractHandlerMethodMapping.initHandlerMethods(AbstractHandlerMethodMapping.java:124)
	at org.springframework.web.servlet.handler.AbstractHandlerMethodMapping.afterPropertiesSet(AbstractHandlerMethodMapping.java:103)
	at org.springframework.web.servlet.mvc.method.annotation.RequestMappingHandlerMapping.afterPropertiesSet(RequestMappingHandlerMapping.java:126)
	at org.springframework.beans.factory.support.AbstractAutowireCapableBeanFactory.invokeInitMethods(AbstractAutowireCapableBeanFactory.java:1612)
	at org.springframework.beans.factory.support.AbstractAutowireCapableBeanFactory.initializeBean(AbstractAutowireCapableBeanFactory.java:1549)
	... 44 more
</error>
    <system-out>2014-08-24 09:53:56.934 DEBUG   --- [           main] o.s.w.c.s.StandardServletEnvironment     : Adding [servletConfigInitParams] PropertySource with lowest search precedence
2014-08-24 09:53:56.934 DEBUG   --- [           main] o.s.w.c.s.StandardServletEnvironment     : Adding [servletContextInitParams] PropertySource with lowest search precedence
2014-08-24 09:53:56.937 DEBUG   --- [           main] o.s.w.c.s.StandardServletEnvironment     : Adding [jndiProperties] PropertySource with lowest search precedence
2014-08-24 09:53:56.938 DEBUG   --- [           main] o.s.w.c.s.StandardServletEnvironment     : Adding [systemProperties] PropertySource with lowest search precedence
2014-08-24 09:53:56.938 DEBUG   --- [           main] o.s.w.c.s.StandardServletEnvironment     : Adding [systemEnvironment] PropertySource with lowest search precedence
2014-08-24 09:53:56.938 DEBUG   --- [           main] o.s.w.c.s.StandardServletEnvironment     : Initialized StandardServletEnvironment with PropertySources [servletConfigInitParams,servletContextInitParams,jndiProperties,systemProperties,systemEnvironment]
2014-08-24 09:53:56.939 DEBUG   --- [           main] o.s.w.c.s.StandardServletEnvironment     : Adding [integrationTest] PropertySource with search precedence immediately lower than [systemEnvironment]

  .   ____          _            __ _ _
 /\\ / ___&apos;_ __ _ _(_)_ __  __ _ \ \ \ \
( ( )\___ | &apos;_ | &apos;_| | &apos;_ \/ _` | \ \ \ \
 \\/  ___)| |_)| | | | | || (_| |  ) ) ) )
  &apos;  |____| .__|_| |_|_| |_\__, | / / / /
 =========|_|==============|___/=/_/_/_/
 :: Spring Boot ::        (v1.1.4.RELEASE)

2014-08-24 09:53:57.119 DEBUG 11184 --- [           main] o.s.w.c.s.StandardServletEnvironment     : Adding [servletConfigInitParams] PropertySource with lowest search precedence
2014-08-24 09:53:57.119 DEBUG 11184 --- [           main] o.s.w.c.s.StandardServletEnvironment     : Adding [servletContextInitParams] PropertySource with lowest search precedence
2014-08-24 09:53:57.119 DEBUG 11184 --- [           main] o.s.w.c.s.StandardServletEnvironment     : Adding [jndiProperties] PropertySource with lowest search precedence
2014-08-24 09:53:57.120 DEBUG 11184 --- [           main] o.s.w.c.s.StandardServletEnvironment     : Adding [systemProperties] PropertySource with lowest search precedence
2014-08-24 09:53:57.120 DEBUG 11184 --- [           main] o.s.w.c.s.StandardServletEnvironment     : Adding [systemEnvironment] PropertySource with lowest search precedence
2014-08-24 09:53:57.120 DEBUG 11184 --- [           main] o.s.w.c.s.StandardServletEnvironment     : Initialized StandardServletEnvironment with PropertySources [servletConfigInitParams,servletContextInitParams,jndiProperties,systemProperties,systemEnvironment]
2014-08-24 09:53:57.148  INFO 11184 --- [           main] o.a.m.surefire.booter.SurefireBooter     : Starting SurefireBooter v2.4.3 on Alderai with PID 11184 (C:\Users\ALB\.m2\repository\org\apache\maven\surefire\surefire-booter\2.4.3\surefire-booter-2.4.3.jar started by ALB in C:\workspaces\denv\denv-server-integration-test)
2014-08-24 09:53:57.176  INFO 11184 --- [           main] ationConfigEmbeddedWebApplicationContext : Refreshing org.springframework.boot.context.embedded.AnnotationConfigEmbeddedWebApplicationContext@a53de4: startup date [Sun Aug 24 09:53:57 CEST 2014]; root of context hierarchy
2014-08-24 09:53:57.548 DEBUG 11184 --- [           main] o.s.w.c.s.StandardServletEnvironment     : Adding [class path resource [application.properties]] PropertySource with lowest search precedence
2014-08-24 09:53:57.655  INFO 11184 --- [           main] o.s.b.f.s.DefaultListableBeanFactory     : Overriding bean definition for bean &apos;beanNameViewResolver&apos;: replacing [Root bean: class [null]; scope=; abstract=false; lazyInit=false; autowireMode=3; dependencyCheck=0; autowireCandidate=true; primary=false; factoryBeanName=org.springframework.boot.autoconfigure.web.ErrorMvcAutoConfiguration$WhitelabelErrorViewConfiguration; factoryMethodName=beanNameViewResolver; initMethodName=null; destroyMethodName=(inferred); defined in class path resource [org/springframework/boot/autoconfigure/web/ErrorMvcAutoConfiguration$WhitelabelErrorViewConfiguration.class]] with [Root bean: class [null]; scope=; abstract=false; lazyInit=false; autowireMode=3; dependencyCheck=0; autowireCandidate=true; primary=false; factoryBeanName=org.springframework.boot.autoconfigure.web.WebMvcAutoConfiguration$WebMvcAutoConfigurationAdapter; factoryMethodName=beanNameViewResolver; initMethodName=null; destroyMethodName=(inferred); defined in class path resource [org/springframework/boot/autoconfigure/web/WebMvcAutoConfiguration$WebMvcAutoConfigurationAdapter.class]]
2014-08-24 09:53:58.287 DEBUG 11184 --- [           main] o.s.w.c.s.StandardServletEnvironment     : Removing [applicationConfigurationProperties] PropertySource
2014-08-24 09:53:58.288 DEBUG 11184 --- [           main] o.s.w.c.s.StandardServletEnvironment     : Removing [defaultProperties] PropertySource
2014-08-24 09:53:58.720  INFO 11184 --- [           main] .t.TomcatEmbeddedServletContainerFactory : Server initialized with port: 8080
2014-08-24 09:53:58.903  INFO 11184 --- [           main] o.apache.catalina.core.StandardService   : Starting service Tomcat
2014-08-24 09:53:58.904  INFO 11184 --- [           main] org.apache.catalina.core.StandardEngine  : Starting Servlet Engine: Apache Tomcat/7.0.54
2014-08-24 09:53:59.137  INFO 11184 --- [ost-startStop-1] o.a.c.c.C.[Tomcat].[localhost].[/]       : Initializing Spring embedded WebApplicationContext
2014-08-24 09:53:59.137 DEBUG 11184 --- [ost-startStop-1] o.s.web.context.ContextLoader            : Published root WebApplicationContext as ServletContext attribute with name [org.springframework.web.context.WebApplicationContext.ROOT]
2014-08-24 09:53:59.138  INFO 11184 --- [ost-startStop-1] o.s.web.context.ContextLoader            : Root WebApplicationContext: initialization completed in 1963 ms
2014-08-24 09:54:00.434  INFO 11184 --- [ost-startStop-1] o.s.b.a.e.mvc.EndpointHandlerMapping     : Mapped &quot;{[/env/{name:.*}],methods=[GET],params=[],headers=[],consumes=[],produces=[],custom=[]}&quot; onto public java.lang.Object org.springframework.boot.actuate.endpoint.mvc.EnvironmentMvcEndpoint.value(java.lang.String)
2014-08-24 09:54:00.434  INFO 11184 --- [ost-startStop-1] o.s.b.a.e.mvc.EndpointHandlerMapping     : Mapped &quot;{[/env],methods=[GET],params=[],headers=[],consumes=[],produces=[],custom=[]}&quot; onto public java.lang.Object org.springframework.boot.actuate.endpoint.mvc.EndpointMvcAdapter.invoke()
2014-08-24 09:54:00.435  INFO 11184 --- [ost-startStop-1] o.s.b.a.e.mvc.EndpointHandlerMapping     : Mapped &quot;{[/trace],methods=[GET],params=[],headers=[],consumes=[],produces=[],custom=[]}&quot; onto public java.lang.Object org.springframework.boot.actuate.endpoint.mvc.EndpointMvcAdapter.invoke()
2014-08-24 09:54:00.435  INFO 11184 --- [ost-startStop-1] o.s.b.a.e.mvc.EndpointHandlerMapping     : Mapped &quot;{[/autoconfig],methods=[GET],params=[],headers=[],consumes=[],produces=[],custom=[]}&quot; onto public java.lang.Object org.springframework.boot.actuate.endpoint.mvc.EndpointMvcAdapter.invoke()
2014-08-24 09:54:00.435  INFO 11184 --- [ost-startStop-1] o.s.b.a.e.mvc.EndpointHandlerMapping     : Mapped &quot;{[/dump],methods=[GET],params=[],headers=[],consumes=[],produces=[],custom=[]}&quot; onto public java.lang.Object org.springframework.boot.actuate.endpoint.mvc.EndpointMvcAdapter.invoke()
2014-08-24 09:54:00.436  INFO 11184 --- [ost-startStop-1] o.s.b.a.e.mvc.EndpointHandlerMapping     : Mapped &quot;{[/info],methods=[GET],params=[],headers=[],consumes=[],produces=[],custom=[]}&quot; onto public java.lang.Object org.springframework.boot.actuate.endpoint.mvc.EndpointMvcAdapter.invoke()
2014-08-24 09:54:00.436  INFO 11184 --- [ost-startStop-1] o.s.b.a.e.mvc.EndpointHandlerMapping     : Mapped &quot;{[/health],methods=[],params=[],headers=[],consumes=[],produces=[],custom=[]}&quot; onto public java.lang.Object org.springframework.boot.actuate.endpoint.mvc.HealthMvcEndpoint.invoke()
2014-08-24 09:54:00.436  INFO 11184 --- [ost-startStop-1] o.s.b.a.e.mvc.EndpointHandlerMapping     : Mapped &quot;{[/mappings],methods=[GET],params=[],headers=[],consumes=[],produces=[],custom=[]}&quot; onto public java.lang.Object org.springframework.boot.actuate.endpoint.mvc.EndpointMvcAdapter.invoke()
2014-08-24 09:54:00.437  INFO 11184 --- [ost-startStop-1] o.s.b.a.e.mvc.EndpointHandlerMapping     : Mapped &quot;{[/beans],methods=[GET],params=[],headers=[],consumes=[],produces=[],custom=[]}&quot; onto public java.lang.Object org.springframework.boot.actuate.endpoint.mvc.EndpointMvcAdapter.invoke()
2014-08-24 09:54:00.437  INFO 11184 --- [ost-startStop-1] o.s.b.a.e.mvc.EndpointHandlerMapping     : Mapped &quot;{[/metrics/{name:.*}],methods=[GET],params=[],headers=[],consumes=[],produces=[],custom=[]}&quot; onto public java.lang.Object org.springframework.boot.actuate.endpoint.mvc.MetricsMvcEndpoint.value(java.lang.String)
2014-08-24 09:54:00.437  INFO 11184 --- [ost-startStop-1] o.s.b.a.e.mvc.EndpointHandlerMapping     : Mapped &quot;{[/metrics],methods=[GET],params=[],headers=[],consumes=[],produces=[],custom=[]}&quot; onto public java.lang.Object org.springframework.boot.actuate.endpoint.mvc.EndpointMvcAdapter.invoke()
2014-08-24 09:54:00.438  INFO 11184 --- [ost-startStop-1] o.s.b.a.e.mvc.EndpointHandlerMapping     : Mapped &quot;{[/configprops],methods=[GET],params=[],headers=[],consumes=[],produces=[],custom=[]}&quot; onto public java.lang.Object org.springframework.boot.actuate.endpoint.mvc.EndpointMvcAdapter.invoke()
2014-08-24 09:54:00.528  INFO 11184 --- [ost-startStop-1] b.a.s.AuthenticationManagerConfiguration : 

Using default security password: 1cd3bf73-4111-45c7-bbc9-6de3f4b3017c


2014-08-24 09:54:00.569 DEBUG 11184 --- [ost-startStop-1] o.s.w.c.s.StandardServletEnvironment     : Adding [servletConfigInitParams] PropertySource with lowest search precedence
2014-08-24 09:54:00.569 DEBUG 11184 --- [ost-startStop-1] o.s.w.c.s.StandardServletEnvironment     : Adding [servletContextInitParams] PropertySource with lowest search precedence
2014-08-24 09:54:00.569 DEBUG 11184 --- [ost-startStop-1] o.s.w.c.s.StandardServletEnvironment     : Adding [jndiProperties] PropertySource with lowest search precedence
2014-08-24 09:54:00.569 DEBUG 11184 --- [ost-startStop-1] o.s.w.c.s.StandardServletEnvironment     : Adding [systemProperties] PropertySource with lowest search precedence
2014-08-24 09:54:00.569 DEBUG 11184 --- [ost-startStop-1] o.s.w.c.s.StandardServletEnvironment     : Adding [systemEnvironment] PropertySource with lowest search precedence
2014-08-24 09:54:00.570 DEBUG 11184 --- [ost-startStop-1] o.s.w.c.s.StandardServletEnvironment     : Initialized StandardServletEnvironment with PropertySources [servletConfigInitParams,servletContextInitParams,jndiProperties,systemProperties,systemEnvironment]
2014-08-24 09:54:00.577 DEBUG 11184 --- [ost-startStop-1] o.s.w.c.s.StandardServletEnvironment     : Adding [servletConfigInitParams] PropertySource with lowest search precedence
2014-08-24 09:54:00.577 DEBUG 11184 --- [ost-startStop-1] o.s.w.c.s.StandardServletEnvironment     : Adding [servletContextInitParams] PropertySource with lowest search precedence
2014-08-24 09:54:00.577 DEBUG 11184 --- [ost-startStop-1] o.s.w.c.s.StandardServletEnvironment     : Adding [jndiProperties] PropertySource with lowest search precedence
2014-08-24 09:54:00.578 DEBUG 11184 --- [ost-startStop-1] o.s.w.c.s.StandardServletEnvironment     : Adding [systemProperties] PropertySource with lowest search precedence
2014-08-24 09:54:00.578 DEBUG 11184 --- [ost-startStop-1] o.s.w.c.s.StandardServletEnvironment     : Adding [systemEnvironment] PropertySource with lowest search precedence
2014-08-24 09:54:00.578 DEBUG 11184 --- [ost-startStop-1] o.s.w.c.s.StandardServletEnvironment     : Initialized StandardServletEnvironment with PropertySources [servletConfigInitParams,servletContextInitParams,jndiProperties,systemProperties,systemEnvironment]
2014-08-24 09:54:00.579 DEBUG 11184 --- [ost-startStop-1] o.s.w.c.s.StandardServletEnvironment     : Adding [servletConfigInitParams] PropertySource with lowest search precedence
2014-08-24 09:54:00.579 DEBUG 11184 --- [ost-startStop-1] o.s.w.c.s.StandardServletEnvironment     : Adding [servletContextInitParams] PropertySource with lowest search precedence
2014-08-24 09:54:00.579 DEBUG 11184 --- [ost-startStop-1] o.s.w.c.s.StandardServletEnvironment     : Adding [jndiProperties] PropertySource with lowest search precedence
2014-08-24 09:54:00.579 DEBUG 11184 --- [ost-startStop-1] o.s.w.c.s.StandardServletEnvironment     : Adding [systemProperties] PropertySource with lowest search precedence
2014-08-24 09:54:00.580 DEBUG 11184 --- [ost-startStop-1] o.s.w.c.s.StandardServletEnvironment     : Adding [systemEnvironment] PropertySource with lowest search precedence
2014-08-24 09:54:00.580 DEBUG 11184 --- [ost-startStop-1] o.s.w.c.s.StandardServletEnvironment     : Initialized StandardServletEnvironment with PropertySources [servletConfigInitParams,servletContextInitParams,jndiProperties,systemProperties,systemEnvironment]
2014-08-24 09:54:00.597 DEBUG 11184 --- [ost-startStop-1] o.s.w.c.s.StandardServletEnvironment     : Adding [servletConfigInitParams] PropertySource with lowest search precedence
2014-08-24 09:54:00.597 DEBUG 11184 --- [ost-startStop-1] o.s.w.c.s.StandardServletEnvironment     : Adding [servletContextInitParams] PropertySource with lowest search precedence
2014-08-24 09:54:00.597 DEBUG 11184 --- [ost-startStop-1] o.s.w.c.s.StandardServletEnvironment     : Adding [jndiProperties] PropertySource with lowest search precedence
2014-08-24 09:54:00.598 DEBUG 11184 --- [ost-startStop-1] o.s.w.c.s.StandardServletEnvironment     : Adding [systemProperties] PropertySource with lowest search precedence
2014-08-24 09:54:00.598 DEBUG 11184 --- [ost-startStop-1] o.s.w.c.s.StandardServletEnvironment     : Adding [systemEnvironment] PropertySource with lowest search precedence
2014-08-24 09:54:00.598 DEBUG 11184 --- [ost-startStop-1] o.s.w.c.s.StandardServletEnvironment     : Initialized StandardServletEnvironment with PropertySources [servletConfigInitParams,servletContextInitParams,jndiProperties,systemProperties,systemEnvironment]
2014-08-24 09:54:00.598 DEBUG 11184 --- [ost-startStop-1] o.s.w.c.s.StandardServletEnvironment     : Adding [servletConfigInitParams] PropertySource with lowest search precedence
2014-08-24 09:54:00.598 DEBUG 11184 --- [ost-startStop-1] o.s.w.c.s.StandardServletEnvironment     : Adding [servletContextInitParams] PropertySource with lowest search precedence
2014-08-24 09:54:00.598 DEBUG 11184 --- [ost-startStop-1] o.s.w.c.s.StandardServletEnvironment     : Adding [jndiProperties] PropertySource with lowest search precedence
2014-08-24 09:54:00.599 DEBUG 11184 --- [ost-startStop-1] o.s.w.c.s.StandardServletEnvironment     : Adding [systemProperties] PropertySource with lowest search precedence
2014-08-24 09:54:00.599 DEBUG 11184 --- [ost-startStop-1] o.s.w.c.s.StandardServletEnvironment     : Adding [systemEnvironment] PropertySource with lowest search precedence
2014-08-24 09:54:00.599 DEBUG 11184 --- [ost-startStop-1] o.s.w.c.s.StandardServletEnvironment     : Initialized StandardServletEnvironment with PropertySources [servletConfigInitParams,servletContextInitParams,jndiProperties,systemProperties,systemEnvironment]
2014-08-24 09:54:00.599 DEBUG 11184 --- [ost-startStop-1] o.s.w.c.s.StandardServletEnvironment     : Adding [servletConfigInitParams] PropertySource with lowest search precedence
2014-08-24 09:54:00.599 DEBUG 11184 --- [ost-startStop-1] o.s.w.c.s.StandardServletEnvironment     : Adding [servletContextInitParams] PropertySource with lowest search precedence
2014-08-24 09:54:00.599 DEBUG 11184 --- [ost-startStop-1] o.s.w.c.s.StandardServletEnvironment     : Adding [jndiProperties] PropertySource with lowest search precedence
2014-08-24 09:54:00.600 DEBUG 11184 --- [ost-startStop-1] o.s.w.c.s.StandardServletEnvironment     : Adding [systemProperties] PropertySource with lowest search precedence
2014-08-24 09:54:00.600 DEBUG 11184 --- [ost-startStop-1] o.s.w.c.s.StandardServletEnvironment     : Adding [systemEnvironment] PropertySource with lowest search precedence
2014-08-24 09:54:00.600 DEBUG 11184 --- [ost-startStop-1] o.s.w.c.s.StandardServletEnvironment     : Initialized StandardServletEnvironment with PropertySources [servletConfigInitParams,servletContextInitParams,jndiProperties,systemProperties,systemEnvironment]
2014-08-24 09:54:00.602 DEBUG 11184 --- [ost-startStop-1] o.s.w.c.s.StandardServletEnvironment     : Adding [servletConfigInitParams] PropertySource with lowest search precedence
2014-08-24 09:54:00.602 DEBUG 11184 --- [ost-startStop-1] o.s.w.c.s.StandardServletEnvironment     : Adding [servletContextInitParams] PropertySource with lowest search precedence
2014-08-24 09:54:00.602 DEBUG 11184 --- [ost-startStop-1] o.s.w.c.s.StandardServletEnvironment     : Adding [jndiProperties] PropertySource with lowest search precedence
2014-08-24 09:54:00.602 DEBUG 11184 --- [ost-startStop-1] o.s.w.c.s.StandardServletEnvironment     : Adding [systemProperties] PropertySource with lowest search precedence
2014-08-24 09:54:00.602 DEBUG 11184 --- [ost-startStop-1] o.s.w.c.s.StandardServletEnvironment     : Adding [systemEnvironment] PropertySource with lowest search precedence
2014-08-24 09:54:00.602 DEBUG 11184 --- [ost-startStop-1] o.s.w.c.s.StandardServletEnvironment     : Initialized StandardServletEnvironment with PropertySources [servletConfigInitParams,servletContextInitParams,jndiProperties,systemProperties,systemEnvironment]
2014-08-24 09:54:00.604  INFO 11184 --- [ost-startStop-1] o.s.s.web.DefaultSecurityFilterChain     : Creating filter chain: Ant [pattern=&apos;/css/**&apos;], []
2014-08-24 09:54:00.604  INFO 11184 --- [ost-startStop-1] o.s.s.web.DefaultSecurityFilterChain     : Creating filter chain: Ant [pattern=&apos;/js/**&apos;], []
2014-08-24 09:54:00.604  INFO 11184 --- [ost-startStop-1] o.s.s.web.DefaultSecurityFilterChain     : Creating filter chain: Ant [pattern=&apos;/images/**&apos;], []
2014-08-24 09:54:00.604  INFO 11184 --- [ost-startStop-1] o.s.s.web.DefaultSecurityFilterChain     : Creating filter chain: Ant [pattern=&apos;/**/favicon.ico&apos;], []
2014-08-24 09:54:00.605  INFO 11184 --- [ost-startStop-1] o.s.s.web.DefaultSecurityFilterChain     : Creating filter chain: Ant [pattern=&apos;/info&apos;], []
2014-08-24 09:54:00.605  INFO 11184 --- [ost-startStop-1] o.s.s.web.DefaultSecurityFilterChain     : Creating filter chain: Ant [pattern=&apos;/health&apos;], []
2014-08-24 09:54:00.605  INFO 11184 --- [ost-startStop-1] o.s.s.web.DefaultSecurityFilterChain     : Creating filter chain: Ant [pattern=&apos;/error&apos;], []
2014-08-24 09:54:00.609 DEBUG 11184 --- [ost-startStop-1] o.s.w.c.s.StandardServletEnvironment     : Adding [servletConfigInitParams] PropertySource with lowest search precedence
2014-08-24 09:54:00.610 DEBUG 11184 --- [ost-startStop-1] o.s.w.c.s.StandardServletEnvironment     : Adding [servletContextInitParams] PropertySource with lowest search precedence
2014-08-24 09:54:00.610 DEBUG 11184 --- [ost-startStop-1] o.s.w.c.s.StandardServletEnvironment     : Adding [jndiProperties] PropertySource with lowest search precedence
2014-08-24 09:54:00.610 DEBUG 11184 --- [ost-startStop-1] o.s.w.c.s.StandardServletEnvironment     : Adding [systemProperties] PropertySource with lowest search precedence
2014-08-24 09:54:00.610 DEBUG 11184 --- [ost-startStop-1] o.s.w.c.s.StandardServletEnvironment     : Adding [systemEnvironment] PropertySource with lowest search precedence
2014-08-24 09:54:00.610 DEBUG 11184 --- [ost-startStop-1] o.s.w.c.s.StandardServletEnvironment     : Initialized StandardServletEnvironment with PropertySources [servletConfigInitParams,servletContextInitParams,jndiProperties,systemProperties,systemEnvironment]
2014-08-24 09:54:00.615 DEBUG 11184 --- [ost-startStop-1] o.s.w.c.s.StandardServletEnvironment     : Adding [servletConfigInitParams] PropertySource with lowest search precedence
2014-08-24 09:54:00.615 DEBUG 11184 --- [ost-startStop-1] o.s.w.c.s.StandardServletEnvironment     : Adding [servletContextInitParams] PropertySource with lowest search precedence
2014-08-24 09:54:00.615 DEBUG 11184 --- [ost-startStop-1] o.s.w.c.s.StandardServletEnvironment     : Adding [jndiProperties] PropertySource with lowest search precedence
2014-08-24 09:54:00.616 DEBUG 11184 --- [ost-startStop-1] o.s.w.c.s.StandardServletEnvironment     : Adding [systemProperties] PropertySource with lowest search precedence
2014-08-24 09:54:00.616 DEBUG 11184 --- [ost-startStop-1] o.s.w.c.s.StandardServletEnvironment     : Adding [systemEnvironment] PropertySource with lowest search precedence
2014-08-24 09:54:00.616 DEBUG 11184 --- [ost-startStop-1] o.s.w.c.s.StandardServletEnvironment     : Initialized StandardServletEnvironment with PropertySources [servletConfigInitParams,servletContextInitParams,jndiProperties,systemProperties,systemEnvironment]
2014-08-24 09:54:00.617 DEBUG 11184 --- [ost-startStop-1] o.s.w.c.s.StandardServletEnvironment     : Adding [servletConfigInitParams] PropertySource with lowest search precedence
2014-08-24 09:54:00.617 DEBUG 11184 --- [ost-startStop-1] o.s.w.c.s.StandardServletEnvironment     : Adding [servletContextInitParams] PropertySource with lowest search precedence
2014-08-24 09:54:00.617 DEBUG 11184 --- [ost-startStop-1] o.s.w.c.s.StandardServletEnvironment     : Adding [jndiProperties] PropertySource with lowest search precedence
2014-08-24 09:54:00.617 DEBUG 11184 --- [ost-startStop-1] o.s.w.c.s.StandardServletEnvironment     : Adding [systemProperties] PropertySource with lowest search precedence
2014-08-24 09:54:00.617 DEBUG 11184 --- [ost-startStop-1] o.s.w.c.s.StandardServletEnvironment     : Adding [systemEnvironment] PropertySource with lowest search precedence
2014-08-24 09:54:00.617 DEBUG 11184 --- [ost-startStop-1] o.s.w.c.s.StandardServletEnvironment     : Initialized StandardServletEnvironment with PropertySources [servletConfigInitParams,servletContextInitParams,jndiProperties,systemProperties,systemEnvironment]
2014-08-24 09:54:00.620 DEBUG 11184 --- [ost-startStop-1] o.s.w.c.s.StandardServletEnvironment     : Adding [servletConfigInitParams] PropertySource with lowest search precedence
2014-08-24 09:54:00.620 DEBUG 11184 --- [ost-startStop-1] o.s.w.c.s.StandardServletEnvironment     : Adding [servletContextInitParams] PropertySource with lowest search precedence
2014-08-24 09:54:00.620 DEBUG 11184 --- [ost-startStop-1] o.s.w.c.s.StandardServletEnvironment     : Adding [jndiProperties] PropertySource with lowest search precedence
2014-08-24 09:54:00.620 DEBUG 11184 --- [ost-startStop-1] o.s.w.c.s.StandardServletEnvironment     : Adding [systemProperties] PropertySource with lowest search precedence
2014-08-24 09:54:00.621 DEBUG 11184 --- [ost-startStop-1] o.s.w.c.s.StandardServletEnvironment     : Adding [systemEnvironment] PropertySource with lowest search precedence
2014-08-24 09:54:00.621 DEBUG 11184 --- [ost-startStop-1] o.s.w.c.s.StandardServletEnvironment     : Initialized StandardServletEnvironment with PropertySources [servletConfigInitParams,servletContextInitParams,jndiProperties,systemProperties,systemEnvironment]
2014-08-24 09:54:00.621 DEBUG 11184 --- [ost-startStop-1] o.s.w.c.s.StandardServletEnvironment     : Adding [servletConfigInitParams] PropertySource with lowest search precedence
2014-08-24 09:54:00.622 DEBUG 11184 --- [ost-startStop-1] o.s.w.c.s.StandardServletEnvironment     : Adding [servletContextInitParams] PropertySource with lowest search precedence
2014-08-24 09:54:00.622 DEBUG 11184 --- [ost-startStop-1] o.s.w.c.s.StandardServletEnvironment     : Adding [jndiProperties] PropertySource with lowest search precedence
2014-08-24 09:54:00.622 DEBUG 11184 --- [ost-startStop-1] o.s.w.c.s.StandardServletEnvironment     : Adding [systemProperties] PropertySource with lowest search precedence
2014-08-24 09:54:00.622 DEBUG 11184 --- [ost-startStop-1] o.s.w.c.s.StandardServletEnvironment     : Adding [systemEnvironment] PropertySource with lowest search precedence
2014-08-24 09:54:00.622 DEBUG 11184 --- [ost-startStop-1] o.s.w.c.s.StandardServletEnvironment     : Initialized StandardServletEnvironment with PropertySources [servletConfigInitParams,servletContextInitParams,jndiProperties,systemProperties,systemEnvironment]
2014-08-24 09:54:00.625 DEBUG 11184 --- [ost-startStop-1] o.s.w.c.s.StandardServletEnvironment     : Adding [servletConfigInitParams] PropertySource with lowest search precedence
2014-08-24 09:54:00.625 DEBUG 11184 --- [ost-startStop-1] o.s.w.c.s.StandardServletEnvironment     : Adding [servletContextInitParams] PropertySource with lowest search precedence
2014-08-24 09:54:00.625 DEBUG 11184 --- [ost-startStop-1] o.s.w.c.s.StandardServletEnvironment     : Adding [jndiProperties] PropertySource with lowest search precedence
2014-08-24 09:54:00.625 DEBUG 11184 --- [ost-startStop-1] o.s.w.c.s.StandardServletEnvironment     : Adding [systemProperties] PropertySource with lowest search precedence
2014-08-24 09:54:00.625 DEBUG 11184 --- [ost-startStop-1] o.s.w.c.s.StandardServletEnvironment     : Adding [systemEnvironment] PropertySource with lowest search precedence
2014-08-24 09:54:00.626 DEBUG 11184 --- [ost-startStop-1] o.s.w.c.s.StandardServletEnvironment     : Initialized StandardServletEnvironment with PropertySources [servletConfigInitParams,servletContextInitParams,jndiProperties,systemProperties,systemEnvironment]
2014-08-24 09:54:00.635 DEBUG 11184 --- [ost-startStop-1] o.s.w.c.s.StandardServletEnvironment     : Adding [servletConfigInitParams] PropertySource with lowest search precedence
2014-08-24 09:54:00.635 DEBUG 11184 --- [ost-startStop-1] o.s.w.c.s.StandardServletEnvironment     : Adding [servletContextInitParams] PropertySource with lowest search precedence
2014-08-24 09:54:00.635 DEBUG 11184 --- [ost-startStop-1] o.s.w.c.s.StandardServletEnvironment     : Adding [jndiProperties] PropertySource with lowest search precedence
2014-08-24 09:54:00.635 DEBUG 11184 --- [ost-startStop-1] o.s.w.c.s.StandardServletEnvironment     : Adding [systemProperties] PropertySource with lowest search precedence
2014-08-24 09:54:00.635 DEBUG 11184 --- [ost-startStop-1] o.s.w.c.s.StandardServletEnvironment     : Adding [systemEnvironment] PropertySource with lowest search precedence
2014-08-24 09:54:00.636 DEBUG 11184 --- [ost-startStop-1] o.s.w.c.s.StandardServletEnvironment     : Initialized StandardServletEnvironment with PropertySources [servletConfigInitParams,servletContextInitParams,jndiProperties,systemProperties,systemEnvironment]
2014-08-24 09:54:00.636  INFO 11184 --- [ost-startStop-1] o.s.s.web.DefaultSecurityFilterChain     : Creating filter chain: OrRequestMatcher [requestMatchers=[Ant [pattern=&apos;/env&apos;], Ant [pattern=&apos;/env/&apos;], Ant [pattern=&apos;/env.*&apos;], Ant [pattern=&apos;/trace&apos;], Ant [pattern=&apos;/trace/&apos;], Ant [pattern=&apos;/trace.*&apos;], Ant [pattern=&apos;/autoconfig&apos;], Ant [pattern=&apos;/autoconfig/&apos;], Ant [pattern=&apos;/autoconfig.*&apos;], Ant [pattern=&apos;/dump&apos;], Ant [pattern=&apos;/dump/&apos;], Ant [pattern=&apos;/dump.*&apos;], Ant [pattern=&apos;/mappings&apos;], Ant [pattern=&apos;/mappings/&apos;], Ant [pattern=&apos;/mappings.*&apos;], Ant [pattern=&apos;/beans&apos;], Ant [pattern=&apos;/beans/&apos;], Ant [pattern=&apos;/beans.*&apos;], Ant [pattern=&apos;/metrics&apos;], Ant [pattern=&apos;/metrics/&apos;], Ant [pattern=&apos;/metrics.*&apos;], Ant [pattern=&apos;/configprops&apos;], Ant [pattern=&apos;/configprops/&apos;], Ant [pattern=&apos;/configprops.*&apos;]]], [org.springframework.security.web.context.request.async.WebAsyncManagerIntegrationFilter@18e4a2e, org.springframework.security.web.context.SecurityContextPersistenceFilter@7a140f, org.springframework.security.web.header.HeaderWriterFilter@12ae2bc, org.springframework.security.web.authentication.logout.LogoutFilter@1e75e89, org.springframework.security.web.authentication.www.BasicAuthenticationFilter@128647a, org.springframework.security.web.savedrequest.RequestCacheAwareFilter@4f33c1, org.springframework.security.web.servletapi.SecurityContextHolderAwareRequestFilter@1079781, org.springframework.security.web.session.SessionManagementFilter@ce623f, org.springframework.security.web.access.ExceptionTranslationFilter@307c44, org.springframework.security.web.access.intercept.FilterSecurityInterceptor@ae2d66]
2014-08-24 09:54:00.637 DEBUG 11184 --- [ost-startStop-1] o.s.w.c.s.StandardServletEnvironment     : Adding [servletConfigInitParams] PropertySource with lowest search precedence
2014-08-24 09:54:00.637 DEBUG 11184 --- [ost-startStop-1] o.s.w.c.s.StandardServletEnvironment     : Adding [servletContextInitParams] PropertySource with lowest search precedence
2014-08-24 09:54:00.638 DEBUG 11184 --- [ost-startStop-1] o.s.w.c.s.StandardServletEnvironment     : Adding [jndiProperties] PropertySource with lowest search precedence
2014-08-24 09:54:00.638 DEBUG 11184 --- [ost-startStop-1] o.s.w.c.s.StandardServletEnvironment     : Adding [systemProperties] PropertySource with lowest search precedence
2014-08-24 09:54:00.638 DEBUG 11184 --- [ost-startStop-1] o.s.w.c.s.StandardServletEnvironment     : Adding [systemEnvironment] PropertySource with lowest search precedence
2014-08-24 09:54:00.638 DEBUG 11184 --- [ost-startStop-1] o.s.w.c.s.StandardServletEnvironment     : Initialized StandardServletEnvironment with PropertySources [servletConfigInitParams,servletContextInitParams,jndiProperties,systemProperties,systemEnvironment]
2014-08-24 09:54:00.641 DEBUG 11184 --- [ost-startStop-1] o.s.w.c.s.StandardServletEnvironment     : Adding [servletConfigInitParams] PropertySource with lowest search precedence
2014-08-24 09:54:00.642 DEBUG 11184 --- [ost-startStop-1] o.s.w.c.s.StandardServletEnvironment     : Adding [servletContextInitParams] PropertySource with lowest search precedence
2014-08-24 09:54:00.642 DEBUG 11184 --- [ost-startStop-1] o.s.w.c.s.StandardServletEnvironment     : Adding [jndiProperties] PropertySource with lowest search precedence
2014-08-24 09:54:00.642 DEBUG 11184 --- [ost-startStop-1] o.s.w.c.s.StandardServletEnvironment     : Adding [systemProperties] PropertySource with lowest search precedence
2014-08-24 09:54:00.642 DEBUG 11184 --- [ost-startStop-1] o.s.w.c.s.StandardServletEnvironment     : Adding [systemEnvironment] PropertySource with lowest search precedence
2014-08-24 09:54:00.642 DEBUG 11184 --- [ost-startStop-1] o.s.w.c.s.StandardServletEnvironment     : Initialized StandardServletEnvironment with PropertySources [servletConfigInitParams,servletContextInitParams,jndiProperties,systemProperties,systemEnvironment]
2014-08-24 09:54:00.643 DEBUG 11184 --- [ost-startStop-1] o.s.w.c.s.StandardServletEnvironment     : Adding [servletConfigInitParams] PropertySource with lowest search precedence
2014-08-24 09:54:00.644 DEBUG 11184 --- [ost-startStop-1] o.s.w.c.s.StandardServletEnvironment     : Adding [servletContextInitParams] PropertySource with lowest search precedence
2014-08-24 09:54:00.644 DEBUG 11184 --- [ost-startStop-1] o.s.w.c.s.StandardServletEnvironment     : Adding [jndiProperties] PropertySource with lowest search precedence
2014-08-24 09:54:00.644 DEBUG 11184 --- [ost-startStop-1] o.s.w.c.s.StandardServletEnvironment     : Adding [systemProperties] PropertySource with lowest search precedence
2014-08-24 09:54:00.644 DEBUG 11184 --- [ost-startStop-1] o.s.w.c.s.StandardServletEnvironment     : Adding [systemEnvironment] PropertySource with lowest search precedence
2014-08-24 09:54:00.645 DEBUG 11184 --- [ost-startStop-1] o.s.w.c.s.StandardServletEnvironment     : Initialized StandardServletEnvironment with PropertySources [servletConfigInitParams,servletContextInitParams,jndiProperties,systemProperties,systemEnvironment]
2014-08-24 09:54:00.646 DEBUG 11184 --- [ost-startStop-1] o.s.w.c.s.StandardServletEnvironment     : Adding [servletConfigInitParams] PropertySource with lowest search precedence
2014-08-24 09:54:00.646 DEBUG 11184 --- [ost-startStop-1] o.s.w.c.s.StandardServletEnvironment     : Adding [servletContextInitParams] PropertySource with lowest search precedence
2014-08-24 09:54:00.646 DEBUG 11184 --- [ost-startStop-1] o.s.w.c.s.StandardServletEnvironment     : Adding [jndiProperties] PropertySource with lowest search precedence
2014-08-24 09:54:00.646 DEBUG 11184 --- [ost-startStop-1] o.s.w.c.s.StandardServletEnvironment     : Adding [systemProperties] PropertySource with lowest search precedence
2014-08-24 09:54:00.646 DEBUG 11184 --- [ost-startStop-1] o.s.w.c.s.StandardServletEnvironment     : Adding [systemEnvironment] PropertySource with lowest search precedence
2014-08-24 09:54:00.646 DEBUG 11184 --- [ost-startStop-1] o.s.w.c.s.StandardServletEnvironment     : Initialized StandardServletEnvironment with PropertySources [servletConfigInitParams,servletContextInitParams,jndiProperties,systemProperties,systemEnvironment]
2014-08-24 09:54:00.647 DEBUG 11184 --- [ost-startStop-1] o.s.w.c.s.StandardServletEnvironment     : Adding [servletConfigInitParams] PropertySource with lowest search precedence
2014-08-24 09:54:00.648 DEBUG 11184 --- [ost-startStop-1] o.s.w.c.s.StandardServletEnvironment     : Adding [servletContextInitParams] PropertySource with lowest search precedence
2014-08-24 09:54:00.648 DEBUG 11184 --- [ost-startStop-1] o.s.w.c.s.StandardServletEnvironment     : Adding [jndiProperties] PropertySource with lowest search precedence
2014-08-24 09:54:00.648 DEBUG 11184 --- [ost-startStop-1] o.s.w.c.s.StandardServletEnvironment     : Adding [systemProperties] PropertySource with lowest search precedence
2014-08-24 09:54:00.649 DEBUG 11184 --- [ost-startStop-1] o.s.w.c.s.StandardServletEnvironment     : Adding [systemEnvironment] PropertySource with lowest search precedence
2014-08-24 09:54:00.649 DEBUG 11184 --- [ost-startStop-1] o.s.w.c.s.StandardServletEnvironment     : Initialized StandardServletEnvironment with PropertySources [servletConfigInitParams,servletContextInitParams,jndiProperties,systemProperties,systemEnvironment]
2014-08-24 09:54:00.649 DEBUG 11184 --- [ost-startStop-1] o.s.w.c.s.StandardServletEnvironment     : Adding [servletConfigInitParams] PropertySource with lowest search precedence
2014-08-24 09:54:00.649 DEBUG 11184 --- [ost-startStop-1] o.s.w.c.s.StandardServletEnvironment     : Adding [servletContextInitParams] PropertySource with lowest search precedence
2014-08-24 09:54:00.650 DEBUG 11184 --- [ost-startStop-1] o.s.w.c.s.StandardServletEnvironment     : Adding [jndiProperties] PropertySource with lowest search precedence
2014-08-24 09:54:00.650 DEBUG 11184 --- [ost-startStop-1] o.s.w.c.s.StandardServletEnvironment     : Adding [systemProperties] PropertySource with lowest search precedence
2014-08-24 09:54:00.650 DEBUG 11184 --- [ost-startStop-1] o.s.w.c.s.StandardServletEnvironment     : Adding [systemEnvironment] PropertySource with lowest search precedence
2014-08-24 09:54:00.650 DEBUG 11184 --- [ost-startStop-1] o.s.w.c.s.StandardServletEnvironment     : Initialized StandardServletEnvironment with PropertySources [servletConfigInitParams,servletContextInitParams,jndiProperties,systemProperties,systemEnvironment]
2014-08-24 09:54:00.651  INFO 11184 --- [ost-startStop-1] o.s.s.web.DefaultSecurityFilterChain     : Creating filter chain: org.springframework.security.web.util.matcher.AnyRequestMatcher@1, [org.springframework.security.web.context.request.async.WebAsyncManagerIntegrationFilter@d3199e, org.springframework.security.web.context.SecurityContextPersistenceFilter@d210ab, org.springframework.security.web.header.HeaderWriterFilter@120a48c, org.springframework.security.web.authentication.logout.LogoutFilter@1880b02, org.springframework.security.web.savedrequest.RequestCacheAwareFilter@1be3bb2, org.springframework.security.web.servletapi.SecurityContextHolderAwareRequestFilter@412f4b, org.springframework.security.web.authentication.AnonymousAuthenticationFilter@1370ce9, org.springframework.security.web.session.SessionManagementFilter@12ee2a, org.springframework.security.web.access.ExceptionTranslationFilter@ee644c, org.springframework.security.web.access.intercept.FilterSecurityInterceptor@fed6f7]
2014-08-24 09:54:00.652 DEBUG 11184 --- [ost-startStop-1] o.s.w.c.s.StandardServletEnvironment     : Adding [servletConfigInitParams] PropertySource with lowest search precedence
2014-08-24 09:54:00.652 DEBUG 11184 --- [ost-startStop-1] o.s.w.c.s.StandardServletEnvironment     : Adding [servletContextInitParams] PropertySource with lowest search precedence
2014-08-24 09:54:00.652 DEBUG 11184 --- [ost-startStop-1] o.s.w.c.s.StandardServletEnvironment     : Adding [jndiProperties] PropertySource with lowest search precedence
2014-08-24 09:54:00.652 DEBUG 11184 --- [ost-startStop-1] o.s.w.c.s.StandardServletEnvironment     : Adding [systemProperties] PropertySource with lowest search precedence
2014-08-24 09:54:00.652 DEBUG 11184 --- [ost-startStop-1] o.s.w.c.s.StandardServletEnvironment     : Adding [systemEnvironment] PropertySource with lowest search precedence
2014-08-24 09:54:00.652 DEBUG 11184 --- [ost-startStop-1] o.s.w.c.s.StandardServletEnvironment     : Initialized StandardServletEnvironment with PropertySources [servletConfigInitParams,servletContextInitParams,jndiProperties,systemProperties,systemEnvironment]
2014-08-24 09:54:00.663 DEBUG 11184 --- [ost-startStop-1] o.s.w.c.s.StandardServletEnvironment     : Adding [servletConfigInitParams] PropertySource with lowest search precedence
2014-08-24 09:54:00.664 DEBUG 11184 --- [ost-startStop-1] o.s.w.c.s.StandardServletEnvironment     : Adding [servletContextInitParams] PropertySource with lowest search precedence
2014-08-24 09:54:00.664 DEBUG 11184 --- [ost-startStop-1] o.s.w.c.s.StandardServletEnvironment     : Adding [jndiProperties] PropertySource with lowest search precedence
2014-08-24 09:54:00.664 DEBUG 11184 --- [ost-startStop-1] o.s.w.c.s.StandardServletEnvironment     : Adding [systemProperties] PropertySource with lowest search precedence
2014-08-24 09:54:00.664 DEBUG 11184 --- [ost-startStop-1] o.s.w.c.s.StandardServletEnvironment     : Adding [systemEnvironment] PropertySource with lowest search precedence
2014-08-24 09:54:00.664 DEBUG 11184 --- [ost-startStop-1] o.s.w.c.s.StandardServletEnvironment     : Initialized StandardServletEnvironment with PropertySources [servletConfigInitParams,servletContextInitParams,jndiProperties,systemProperties,systemEnvironment]
2014-08-24 09:54:00.680 DEBUG 11184 --- [ost-startStop-1] o.s.w.c.s.StandardServletEnvironment     : Adding [servletConfigInitParams] PropertySource with lowest search precedence
2014-08-24 09:54:00.680 DEBUG 11184 --- [ost-startStop-1] o.s.w.c.s.StandardServletEnvironment     : Adding [servletContextInitParams] PropertySource with lowest search precedence
2014-08-24 09:54:00.680 DEBUG 11184 --- [ost-startStop-1] o.s.w.c.s.StandardServletEnvironment     : Adding [jndiProperties] PropertySource with lowest search precedence
2014-08-24 09:54:00.680 DEBUG 11184 --- [ost-startStop-1] o.s.w.c.s.StandardServletEnvironment     : Adding [systemProperties] PropertySource with lowest search precedence
2014-08-24 09:54:00.680 DEBUG 11184 --- [ost-startStop-1] o.s.w.c.s.StandardServletEnvironment     : Adding [systemEnvironment] PropertySource with lowest search precedence
2014-08-24 09:54:00.681 DEBUG 11184 --- [ost-startStop-1] o.s.w.c.s.StandardServletEnvironment     : Initialized StandardServletEnvironment with PropertySources [servletConfigInitParams,servletContextInitParams,jndiProperties,systemProperties,systemEnvironment]
2014-08-24 09:54:00.713 DEBUG 11184 --- [ost-startStop-1] o.s.w.c.s.StandardServletEnvironment     : Adding [servletConfigInitParams] PropertySource with lowest search precedence
2014-08-24 09:54:00.713 DEBUG 11184 --- [ost-startStop-1] o.s.w.c.s.StandardServletEnvironment     : Adding [servletContextInitParams] PropertySource with lowest search precedence
2014-08-24 09:54:00.714 DEBUG 11184 --- [ost-startStop-1] o.s.w.c.s.StandardServletEnvironment     : Adding [jndiProperties] PropertySource with lowest search precedence
2014-08-24 09:54:00.714 DEBUG 11184 --- [ost-startStop-1] o.s.w.c.s.StandardServletEnvironment     : Adding [systemProperties] PropertySource with lowest search precedence
2014-08-24 09:54:00.714 DEBUG 11184 --- [ost-startStop-1] o.s.w.c.s.StandardServletEnvironment     : Adding [systemEnvironment] PropertySource with lowest search precedence
2014-08-24 09:54:00.714 DEBUG 11184 --- [ost-startStop-1] o.s.w.c.s.StandardServletEnvironment     : Initialized StandardServletEnvironment with PropertySources [servletConfigInitParams,servletContextInitParams,jndiProperties,systemProperties,systemEnvironment]
2014-08-24 09:54:00.737 DEBUG 11184 --- [ost-startStop-1] o.s.w.c.s.StandardServletEnvironment     : Adding [servletConfigInitParams] PropertySource with lowest search precedence
2014-08-24 09:54:00.737 DEBUG 11184 --- [ost-startStop-1] o.s.w.c.s.StandardServletEnvironment     : Adding [servletContextInitParams] PropertySource with lowest search precedence
2014-08-24 09:54:00.737 DEBUG 11184 --- [ost-startStop-1] o.s.w.c.s.StandardServletEnvironment     : Adding [jndiProperties] PropertySource with lowest search precedence
2014-08-24 09:54:00.737 DEBUG 11184 --- [ost-startStop-1] o.s.w.c.s.StandardServletEnvironment     : Adding [systemProperties] PropertySource with lowest search precedence
2014-08-24 09:54:00.737 DEBUG 11184 --- [ost-startStop-1] o.s.w.c.s.StandardServletEnvironment     : Adding [systemEnvironment] PropertySource with lowest search precedence
2014-08-24 09:54:00.738 DEBUG 11184 --- [ost-startStop-1] o.s.w.c.s.StandardServletEnvironment     : Initialized StandardServletEnvironment with PropertySources [servletConfigInitParams,servletContextInitParams,jndiProperties,systemProperties,systemEnvironment]
2014-08-24 09:54:00.779  INFO 11184 --- [ost-startStop-1] o.s.b.c.e.ServletRegistrationBean        : Mapping servlet: &apos;dispatcherServlet&apos; to [/]
2014-08-24 09:54:00.781  INFO 11184 --- [ost-startStop-1] o.s.b.c.embedded.FilterRegistrationBean  : Mapping filter: &apos;metricFilter&apos; to: [/*]
2014-08-24 09:54:00.782  INFO 11184 --- [ost-startStop-1] o.s.b.c.embedded.FilterRegistrationBean  : Mapping filter: &apos;springSecurityFilterChain&apos; to: [/*]
2014-08-24 09:54:00.782  INFO 11184 --- [ost-startStop-1] o.s.b.c.embedded.FilterRegistrationBean  : Mapping filter: &apos;hiddenHttpMethodFilter&apos; to: [/*]
2014-08-24 09:54:00.782  INFO 11184 --- [ost-startStop-1] o.s.b.c.embedded.FilterRegistrationBean  : Mapping filter: &apos;applicationContextIdFilter&apos; to: [/*]
2014-08-24 09:54:00.782  INFO 11184 --- [ost-startStop-1] o.s.b.c.embedded.FilterRegistrationBean  : Mapping filter: &apos;webRequestLoggingFilter&apos; to: [/*]
2014-08-24 09:54:00.799 DEBUG 11184 --- [ost-startStop-1] o.s.web.filter.HiddenHttpMethodFilter    : Initializing filter &apos;hiddenHttpMethodFilter&apos;
2014-08-24 09:54:00.800 DEBUG 11184 --- [ost-startStop-1] o.s.web.filter.HiddenHttpMethodFilter    : Filter &apos;hiddenHttpMethodFilter&apos; configured successfully
2014-08-24 09:54:00.802 DEBUG 11184 --- [           main] o.s.w.c.s.StandardServletEnvironment     : Replacing [servletContextInitParams] PropertySource with [servletContextInitParams]
2014-08-24 09:54:00.912  INFO 11184 --- [           main] o.s.w.s.handler.SimpleUrlHandlerMapping  : Mapped URL path [/**/favicon.ico] onto handler of type [class org.springframework.web.servlet.resource.ResourceHttpRequestHandler]
2014-08-24 09:54:00.929 DEBUG 11184 --- [           main] s.w.s.m.m.a.RequestMappingHandlerMapping : Looking for request mappings in application context: org.springframework.boot.context.embedded.AnnotationConfigEmbeddedWebApplicationContext@a53de4: startup date [Sun Aug 24 09:53:57 CEST 2014]; root of context hierarchy
2014-08-24 09:54:00.931  INFO 11184 --- [           main] s.w.s.m.m.a.RequestMappingHandlerMapping : Mapped &quot;{[/api/v1/apps/configs],methods=[POST],params=[],headers=[],consumes=[],produces=[],custom=[]}&quot; onto public org.springframework.http.ResponseEntity&lt;java.lang.String&gt; org.ssoup.denv.server.api.v1.AppsConfigsController.createApplicationFromFigConfiguration(java.lang.String) throws org.ssoup.denv.server.exception.DenvException
2014-08-24 09:54:00.931  INFO 11184 --- [           main] s.w.s.m.m.a.RequestMappingHandlerMapping : Mapped &quot;{[/api/v1/apps/configs],methods=[GET],params=[],headers=[],consumes=[],produces=[],custom=[]}&quot; onto public org.springframework.http.ResponseEntity&lt;java.util.Collection&lt;java.lang.String&gt;&gt; org.ssoup.denv.server.api.v1.AppsConfigsController.listApplicationConfigNames() throws org.ssoup.denv.server.exception.DenvException
2014-08-24 09:54:00.935  INFO 11184 --- [           main] o.apache.catalina.core.StandardService   : Stopping service Tomcat
2014-08-24 09:54:00.943  INFO 11184 --- [           main] .b.l.ClasspathLoggingApplicationListener : Application failed to start with classpath: [file:/C:/Users/ALB/AppData/Local/Temp/surefirebooter4053896958435887882.jar]
2014-08-24 09:54:00.943  INFO 11184 --- [           main] utoConfigurationReportLoggingInitializer : 

Error starting ApplicationContext. To display the auto-configuration report enabled debug logging (start with --debug)


2014-08-24 09:54:00.947 ERROR 11184 --- [           main] o.s.boot.SpringApplication               : Application startup failed

org.springframework.beans.factory.BeanCreationException: Error creating bean with name &apos;requestMappingHandlerMapping&apos; defined in class path resource [org/springframework/web/servlet/config/annotation/DelegatingWebMvcConfiguration.class]: Invocation of init method failed; nested exception is java.lang.IllegalStateException: Ambiguous mapping found. Cannot map &apos;appsConfigsController&apos; bean method 
public org.springframework.http.ResponseEntity&lt;java.lang.String&gt; org.ssoup.denv.server.api.v1.AppsConfigsController.getApplicationConfig(java.lang.String) throws org.ssoup.denv.server.exception.DenvException
to {[/api/v1/apps/configs],methods=[GET],params=[],headers=[],consumes=[],produces=[],custom=[]}: There is already &apos;appsConfigsController&apos; bean method
public org.springframework.http.ResponseEntity&lt;java.util.Collection&lt;java.lang.String&gt;&gt; org.ssoup.denv.server.api.v1.AppsConfigsController.listApplicationConfigNames() throws org.ssoup.denv.server.exception.DenvException mapped.
	at org.springframework.beans.factory.support.AbstractAutowireCapableBeanFactory.initializeBean(AbstractAutowireCapableBeanFactory.java:1553)
	at org.springframework.beans.factory.support.AbstractAutowireCapableBeanFactory.doCreateBean(AbstractAutowireCapableBeanFactory.java:539)
	at org.springframework.beans.factory.support.AbstractAutowireCapableBeanFactory.createBean(AbstractAutowireCapableBeanFactory.java:475)
	at org.springframework.beans.factory.support.AbstractBeanFactory$1.getObject(AbstractBeanFactory.java:302)
	at org.springframework.beans.factory.support.DefaultSingletonBeanRegistry.getSingleton(DefaultSingletonBeanRegistry.java:228)
	at org.springframework.beans.factory.support.AbstractBeanFactory.doGetBean(AbstractBeanFactory.java:298)
	at org.springframework.beans.factory.support.AbstractBeanFactory.getBean(AbstractBeanFactory.java:193)
	at org.springframework.beans.factory.support.DefaultListableBeanFactory.preInstantiateSingletons(DefaultListableBeanFactory.java:703)
	at org.springframework.context.support.AbstractApplicationContext.finishBeanFactoryInitialization(AbstractApplicationContext.java:760)
	at org.springframework.context.support.AbstractApplicationContext.refresh(AbstractApplicationContext.java:482)
	at org.springframework.boot.context.embedded.EmbeddedWebApplicationContext.refresh(EmbeddedWebApplicationContext.java:120)
	at org.springframework.boot.SpringApplication.refresh(SpringApplication.java:691)
	at org.springframework.boot.SpringApplication.run(SpringApplication.java:320)
	at org.springframework.boot.test.SpringApplicationContextLoader.loadContext(SpringApplicationContextLoader.java:107)
	at org.springframework.test.context.CacheAwareContextLoaderDelegate.loadContextInternal(CacheAwareContextLoaderDelegate.java:64)
	at org.springframework.test.context.CacheAwareContextLoaderDelegate.loadContext(CacheAwareContextLoaderDelegate.java:91)
	at org.springframework.test.context.DefaultTestContext.getApplicationContext(DefaultTestContext.java:101)
	at org.springframework.test.context.support.DependencyInjectionTestExecutionListener.injectDependencies(DependencyInjectionTestExecutionListener.java:109)
	at org.springframework.test.context.support.DependencyInjectionTestExecutionListener.prepareTestInstance(DependencyInjectionTestExecutionListener.java:75)
	at org.springframework.test.context.TestContextManager.prepareTestInstance(TestContextManager.java:331)
	at org.springframework.test.context.junit4.SpringJUnit4ClassRunner.createTest(SpringJUnit4ClassRunner.java:213)
	at org.springframework.test.context.junit4.SpringJUnit4ClassRunner$1.runReflectiveCall(SpringJUnit4ClassRunner.java:290)
	at org.junit.internal.runners.model.ReflectiveCallable.run(ReflectiveCallable.java:12)
	at org.springframework.test.context.junit4.SpringJUnit4ClassRunner.methodBlock(SpringJUnit4ClassRunner.java:292)
	at org.springframework.test.context.junit4.SpringJUnit4ClassRunner.runChild(SpringJUnit4ClassRunner.java:233)
	at org.springframework.test.context.junit4.SpringJUnit4ClassRunner.runChild(SpringJUnit4ClassRunner.java:87)
	at org.junit.runners.ParentRunner$3.run(ParentRunner.java:238)
	at org.junit.runners.ParentRunner$1.schedule(ParentRunner.java:63)
	at org.junit.runners.ParentRunner.runChildren(ParentRunner.java:236)
	at org.junit.runners.ParentRunner.access$000(ParentRunner.java:53)
	at org.junit.runners.ParentRunner$2.evaluate(ParentRunner.java:229)
	at org.springframework.test.context.junit4.statements.RunBeforeTestClassCallbacks.evaluate(RunBeforeTestClassCallbacks.java:61)
	at org.springframework.test.context.junit4.statements.RunAfterTestClassCallbacks.evaluate(RunAfterTestClassCallbacks.java:71)
	at org.junit.runners.ParentRunner.run(ParentRunner.java:309)
	at org.springframework.test.context.junit4.SpringJUnit4ClassRunner.run(SpringJUnit4ClassRunner.java:176)
	at org.apache.maven.surefire.junit4.JUnit4TestSet.execute(JUnit4TestSet.java:62)
	at org.apache.maven.surefire.suite.AbstractDirectoryTestSuite.executeTestSet(AbstractDirectoryTestSuite.java:140)
	at org.apache.maven.surefire.suite.AbstractDirectoryTestSuite.execute(AbstractDirectoryTestSuite.java:127)
	at org.apache.maven.surefire.Surefire.run(Surefire.java:177)
	at sun.reflect.NativeMethodAccessorImpl.invoke0(Native Method)
	at sun.reflect.NativeMethodAccessorImpl.invoke(NativeMethodAccessorImpl.java:39)
	at sun.reflect.DelegatingMethodAccessorImpl.invoke(DelegatingMethodAccessorImpl.java:25)
	at java.lang.reflect.Method.invoke(Method.java:597)
	at org.apache.maven.surefire.booter.SurefireBooter.runSuitesInProcess(SurefireBooter.java:345)
	at org.apache.maven.surefire.booter.SurefireBooter.main(SurefireBooter.java:1009)
Caused by: java.lang.IllegalStateException: Ambiguous mapping found. Cannot map &apos;appsConfigsController&apos; bean method 
public org.springframework.http.ResponseEntity&lt;java.lang.String&gt; org.ssoup.denv.server.api.v1.AppsConfigsController.getApplicationConfig(java.lang.String) throws org.ssoup.denv.server.exception.DenvException
to {[/api/v1/apps/configs],methods=[GET],params=[],headers=[],consumes=[],produces=[],custom=[]}: There is already &apos;appsConfigsController&apos; bean method
public org.springframework.http.ResponseEntity&lt;java.util.Collection&lt;java.lang.String&gt;&gt; org.ssoup.denv.server.api.v1.AppsConfigsController.listApplicationConfigNames() throws org.ssoup.denv.server.exception.DenvException mapped.
	at org.springframework.web.servlet.handler.AbstractHandlerMethodMapping.registerHandlerMethod(AbstractHandlerMethodMapping.java:192)
	at org.springframework.web.servlet.handler.AbstractHandlerMethodMapping.detectHandlerMethods(AbstractHandlerMethodMapping.java:164)
	at org.springframework.web.servlet.handler.AbstractHandlerMethodMapping.initHandlerMethods(AbstractHandlerMethodMapping.java:124)
	at org.springframework.web.servlet.handler.AbstractHandlerMethodMapping.afterPropertiesSet(AbstractHandlerMethodMapping.java:103)
	at org.springframework.web.servlet.mvc.method.annotation.RequestMappingHandlerMapping.afterPropertiesSet(RequestMappingHandlerMapping.java:126)
	at org.springframework.beans.factory.support.AbstractAutowireCapableBeanFactory.invokeInitMethods(AbstractAutowireCapableBeanFactory.java:1612)
	at org.springframework.beans.factory.support.AbstractAutowireCapableBeanFactory.initializeBean(AbstractAutowireCapableBeanFactory.java:1549)
	... 44 common frames omitted

2014-08-24 09:54:00.949 ERROR 11184 --- [           main] o.s.test.context.TestContextManager      : Caught exception while allowing TestExecutionListener [org.springframework.test.context.support.DependencyInjectionTestExecutionListener@1b4d679] to prepare test instance [org.ssoup.denv.server.test.BasicTest@16ca3d5]

java.lang.IllegalStateException: Failed to load ApplicationContext
	at org.springframework.test.context.CacheAwareContextLoaderDelegate.loadContext(CacheAwareContextLoaderDelegate.java:99)
	at org.springframework.test.context.DefaultTestContext.getApplicationContext(DefaultTestContext.java:101)
	at org.springframework.test.context.support.DependencyInjectionTestExecutionListener.injectDependencies(DependencyInjectionTestExecutionListener.java:109)
	at org.springframework.test.context.support.DependencyInjectionTestExecutionListener.prepareTestInstance(DependencyInjectionTestExecutionListener.java:75)
	at org.springframework.test.context.TestContextManager.prepareTestInstance(TestContextManager.java:331)
	at org.springframework.test.context.junit4.SpringJUnit4ClassRunner.createTest(SpringJUnit4ClassRunner.java:213)
	at org.springframework.test.context.junit4.SpringJUnit4ClassRunner$1.runReflectiveCall(SpringJUnit4ClassRunner.java:290)
	at org.junit.internal.runners.model.ReflectiveCallable.run(ReflectiveCallable.java:12)
	at org.springframework.test.context.junit4.SpringJUnit4ClassRunner.methodBlock(SpringJUnit4ClassRunner.java:292)
	at org.springframework.test.context.junit4.SpringJUnit4ClassRunner.runChild(SpringJUnit4ClassRunner.java:233)
	at org.springframework.test.context.junit4.SpringJUnit4ClassRunner.runChild(SpringJUnit4ClassRunner.java:87)
	at org.junit.runners.ParentRunner$3.run(ParentRunner.java:238)
	at org.junit.runners.ParentRunner$1.schedule(ParentRunner.java:63)
	at org.junit.runners.ParentRunner.runChildren(ParentRunner.java:236)
	at org.junit.runners.ParentRunner.access$000(ParentRunner.java:53)
	at org.junit.runners.ParentRunner$2.evaluate(ParentRunner.java:229)
	at org.springframework.test.context.junit4.statements.RunBeforeTestClassCallbacks.evaluate(RunBeforeTestClassCallbacks.java:61)
	at org.springframework.test.context.junit4.statements.RunAfterTestClassCallbacks.evaluate(RunAfterTestClassCallbacks.java:71)
	at org.junit.runners.ParentRunner.run(ParentRunner.java:309)
	at org.springframework.test.context.junit4.SpringJUnit4ClassRunner.run(SpringJUnit4ClassRunner.java:176)
	at org.apache.maven.surefire.junit4.JUnit4TestSet.execute(JUnit4TestSet.java:62)
	at org.apache.maven.surefire.suite.AbstractDirectoryTestSuite.executeTestSet(AbstractDirectoryTestSuite.java:140)
	at org.apache.maven.surefire.suite.AbstractDirectoryTestSuite.execute(AbstractDirectoryTestSuite.java:127)
	at org.apache.maven.surefire.Surefire.run(Surefire.java:177)
	at sun.reflect.NativeMethodAccessorImpl.invoke0(Native Method)
	at sun.reflect.NativeMethodAccessorImpl.invoke(NativeMethodAccessorImpl.java:39)
	at sun.reflect.DelegatingMethodAccessorImpl.invoke(DelegatingMethodAccessorImpl.java:25)
	at java.lang.reflect.Method.invoke(Method.java:597)
	at org.apache.maven.surefire.booter.SurefireBooter.runSuitesInProcess(SurefireBooter.java:345)
	at org.apache.maven.surefire.booter.SurefireBooter.main(SurefireBooter.java:1009)
Caused by: org.springframework.beans.factory.BeanCreationException: Error creating bean with name &apos;requestMappingHandlerMapping&apos; defined in class path resource [org/springframework/web/servlet/config/annotation/DelegatingWebMvcConfiguration.class]: Invocation of init method failed; nested exception is java.lang.IllegalStateException: Ambiguous mapping found. Cannot map &apos;appsConfigsController&apos; bean method 
public org.springframework.http.ResponseEntity&lt;java.lang.String&gt; org.ssoup.denv.server.api.v1.AppsConfigsController.getApplicationConfig(java.lang.String) throws org.ssoup.denv.server.exception.DenvException
to {[/api/v1/apps/configs],methods=[GET],params=[],headers=[],consumes=[],produces=[],custom=[]}: There is already &apos;appsConfigsController&apos; bean method
public org.springframework.http.ResponseEntity&lt;java.util.Collection&lt;java.lang.String&gt;&gt; org.ssoup.denv.server.api.v1.AppsConfigsController.listApplicationConfigNames() throws org.ssoup.denv.server.exception.DenvException mapped.
	at org.springframework.beans.factory.support.AbstractAutowireCapableBeanFactory.initializeBean(AbstractAutowireCapableBeanFactory.java:1553)
	at org.springframework.beans.factory.support.AbstractAutowireCapableBeanFactory.doCreateBean(AbstractAutowireCapableBeanFactory.java:539)
	at org.springframework.beans.factory.support.AbstractAutowireCapableBeanFactory.createBean(AbstractAutowireCapableBeanFactory.java:475)
	at org.springframework.beans.factory.support.AbstractBeanFactory$1.getObject(AbstractBeanFactory.java:302)
	at org.springframework.beans.factory.support.DefaultSingletonBeanRegistry.getSingleton(DefaultSingletonBeanRegistry.java:228)
	at org.springframework.beans.factory.support.AbstractBeanFactory.doGetBean(AbstractBeanFactory.java:298)
	at org.springframework.beans.factory.support.AbstractBeanFactory.getBean(AbstractBeanFactory.java:193)
	at org.springframework.beans.factory.support.DefaultListableBeanFactory.preInstantiateSingletons(DefaultListableBeanFactory.java:703)
	at org.springframework.context.support.AbstractApplicationContext.finishBeanFactoryInitialization(AbstractApplicationContext.java:760)
	at org.springframework.context.support.AbstractApplicationContext.refresh(AbstractApplicationContext.java:482)
	at org.springframework.boot.context.embedded.EmbeddedWebApplicationContext.refresh(EmbeddedWebApplicationContext.java:120)
	at org.springframework.boot.SpringApplication.refresh(SpringApplication.java:691)
	at org.springframework.boot.SpringApplication.run(SpringApplication.java:320)
	at org.springframework.boot.test.SpringApplicationContextLoader.loadContext(SpringApplicationContextLoader.java:107)
	at org.springframework.test.context.CacheAwareContextLoaderDelegate.loadContextInternal(CacheAwareContextLoaderDelegate.java:64)
	at org.springframework.test.context.CacheAwareContextLoaderDelegate.loadContext(CacheAwareContextLoaderDelegate.java:91)
	... 29 common frames omitted
Caused by: java.lang.IllegalStateException: Ambiguous mapping found. Cannot map &apos;appsConfigsController&apos; bean method 
public org.springframework.http.ResponseEntity&lt;java.lang.String&gt; org.ssoup.denv.server.api.v1.AppsConfigsController.getApplicationConfig(java.lang.String) throws org.ssoup.denv.server.exception.DenvException
to {[/api/v1/apps/configs],methods=[GET],params=[],headers=[],consumes=[],produces=[],custom=[]}: There is already &apos;appsConfigsController&apos; bean method
public org.springframework.http.ResponseEntity&lt;java.util.Collection&lt;java.lang.String&gt;&gt; org.ssoup.denv.server.api.v1.AppsConfigsController.listApplicationConfigNames() throws org.ssoup.denv.server.exception.DenvException mapped.
	at org.springframework.web.servlet.handler.AbstractHandlerMethodMapping.registerHandlerMethod(AbstractHandlerMethodMapping.java:192)
	at org.springframework.web.servlet.handler.AbstractHandlerMethodMapping.detectHandlerMethods(AbstractHandlerMethodMapping.java:164)
	at org.springframework.web.servlet.handler.AbstractHandlerMethodMapping.initHandlerMethods(AbstractHandlerMethodMapping.java:124)
	at org.springframework.web.servlet.handler.AbstractHandlerMethodMapping.afterPropertiesSet(AbstractHandlerMethodMapping.java:103)
	at org.springframework.web.servlet.mvc.method.annotation.RequestMappingHandlerMapping.afterPropertiesSet(RequestMappingHandlerMapping.java:126)
	at org.springframework.beans.factory.support.AbstractAutowireCapableBeanFactory.invokeInitMethods(AbstractAutowireCapableBeanFactory.java:1612)
	at org.springframework.beans.factory.support.AbstractAutowireCapableBeanFactory.initializeBean(AbstractAutowireCapableBeanFactory.java:1549)
	... 44 common frames omitted

</system-out>
  </testcase>
  <testcase time="2.051" classname="org.ssoup.denv.server.test.BasicTest" name="runFigApp">
    <error message="Failed to load ApplicationContext" type="java.lang.IllegalStateException">java.lang.IllegalStateException: Failed to load ApplicationContext
	at org.springframework.test.context.CacheAwareContextLoaderDelegate.loadContext(CacheAwareContextLoaderDelegate.java:99)
	at org.springframework.test.context.DefaultTestContext.getApplicationContext(DefaultTestContext.java:101)
	at org.springframework.test.context.support.DependencyInjectionTestExecutionListener.injectDependencies(DependencyInjectionTestExecutionListener.java:109)
	at org.springframework.test.context.support.DependencyInjectionTestExecutionListener.prepareTestInstance(DependencyInjectionTestExecutionListener.java:75)
	at org.springframework.test.context.TestContextManager.prepareTestInstance(TestContextManager.java:331)
	at org.springframework.test.context.junit4.SpringJUnit4ClassRunner.createTest(SpringJUnit4ClassRunner.java:213)
	at org.springframework.test.context.junit4.SpringJUnit4ClassRunner$1.runReflectiveCall(SpringJUnit4ClassRunner.java:290)
	at org.junit.internal.runners.model.ReflectiveCallable.run(ReflectiveCallable.java:12)
	at org.springframework.test.context.junit4.SpringJUnit4ClassRunner.methodBlock(SpringJUnit4ClassRunner.java:292)
	at org.springframework.test.context.junit4.SpringJUnit4ClassRunner.runChild(SpringJUnit4ClassRunner.java:233)
	at org.springframework.test.context.junit4.SpringJUnit4ClassRunner.runChild(SpringJUnit4ClassRunner.java:87)
	at org.junit.runners.ParentRunner$3.run(ParentRunner.java:238)
	at org.junit.runners.ParentRunner$1.schedule(ParentRunner.java:63)
	at org.junit.runners.ParentRunner.runChildren(ParentRunner.java:236)
	at org.junit.runners.ParentRunner.access$000(ParentRunner.java:53)
	at org.junit.runners.ParentRunner$2.evaluate(ParentRunner.java:229)
	at org.springframework.test.context.junit4.statements.RunBeforeTestClassCallbacks.evaluate(RunBeforeTestClassCallbacks.java:61)
	at org.springframework.test.context.junit4.statements.RunAfterTestClassCallbacks.evaluate(RunAfterTestClassCallbacks.java:71)
	at org.junit.runners.ParentRunner.run(ParentRunner.java:309)
	at org.springframework.test.context.junit4.SpringJUnit4ClassRunner.run(SpringJUnit4ClassRunner.java:176)
	at org.apache.maven.surefire.junit4.JUnit4TestSet.execute(JUnit4TestSet.java:62)
	at org.apache.maven.surefire.suite.AbstractDirectoryTestSuite.executeTestSet(AbstractDirectoryTestSuite.java:140)
	at org.apache.maven.surefire.suite.AbstractDirectoryTestSuite.execute(AbstractDirectoryTestSuite.java:127)
	at org.apache.maven.surefire.Surefire.run(Surefire.java:177)
	at sun.reflect.NativeMethodAccessorImpl.invoke0(Native Method)
	at sun.reflect.NativeMethodAccessorImpl.invoke(NativeMethodAccessorImpl.java:39)
	at sun.reflect.DelegatingMethodAccessorImpl.invoke(DelegatingMethodAccessorImpl.java:25)
	at java.lang.reflect.Method.invoke(Method.java:597)
	at org.apache.maven.surefire.booter.SurefireBooter.runSuitesInProcess(SurefireBooter.java:345)
	at org.apache.maven.surefire.booter.SurefireBooter.main(SurefireBooter.java:1009)
Caused by: org.springframework.beans.factory.BeanCreationException: Error creating bean with name &apos;requestMappingHandlerMapping&apos; defined in class path resource [org/springframework/web/servlet/config/annotation/DelegatingWebMvcConfiguration.class]: Invocation of init method failed; nested exception is java.lang.IllegalStateException: Ambiguous mapping found. Cannot map &apos;appsConfigsController&apos; bean method 
public org.springframework.http.ResponseEntity&lt;java.lang.String&gt; org.ssoup.denv.server.api.v1.AppsConfigsController.getApplicationConfig(java.lang.String) throws org.ssoup.denv.server.exception.DenvException
to {[/api/v1/apps/configs],methods=[GET],params=[],headers=[],consumes=[],produces=[],custom=[]}: There is already &apos;appsConfigsController&apos; bean method
public org.springframework.http.ResponseEntity&lt;java.util.Collection&lt;java.lang.String&gt;&gt; org.ssoup.denv.server.api.v1.AppsConfigsController.listApplicationConfigNames() throws org.ssoup.denv.server.exception.DenvException mapped.
	at org.springframework.beans.factory.support.AbstractAutowireCapableBeanFactory.initializeBean(AbstractAutowireCapableBeanFactory.java:1553)
	at org.springframework.beans.factory.support.AbstractAutowireCapableBeanFactory.doCreateBean(AbstractAutowireCapableBeanFactory.java:539)
	at org.springframework.beans.factory.support.AbstractAutowireCapableBeanFactory.createBean(AbstractAutowireCapableBeanFactory.java:475)
	at org.springframework.beans.factory.support.AbstractBeanFactory$1.getObject(AbstractBeanFactory.java:302)
	at org.springframework.beans.factory.support.DefaultSingletonBeanRegistry.getSingleton(DefaultSingletonBeanRegistry.java:228)
	at org.springframework.beans.factory.support.AbstractBeanFactory.doGetBean(AbstractBeanFactory.java:298)
	at org.springframework.beans.factory.support.AbstractBeanFactory.getBean(AbstractBeanFactory.java:193)
	at org.springframework.beans.factory.support.DefaultListableBeanFactory.preInstantiateSingletons(DefaultListableBeanFactory.java:703)
	at org.springframework.context.support.AbstractApplicationContext.finishBeanFactoryInitialization(AbstractApplicationContext.java:760)
	at org.springframework.context.support.AbstractApplicationContext.refresh(AbstractApplicationContext.java:482)
	at org.springframework.boot.context.embedded.EmbeddedWebApplicationContext.refresh(EmbeddedWebApplicationContext.java:120)
	at org.springframework.boot.SpringApplication.refresh(SpringApplication.java:691)
	at org.springframework.boot.SpringApplication.run(SpringApplication.java:320)
	at org.springframework.boot.test.SpringApplicationContextLoader.loadContext(SpringApplicationContextLoader.java:107)
	at org.springframework.test.context.CacheAwareContextLoaderDelegate.loadContextInternal(CacheAwareContextLoaderDelegate.java:64)
	at org.springframework.test.context.CacheAwareContextLoaderDelegate.loadContext(CacheAwareContextLoaderDelegate.java:91)
	... 29 more
Caused by: java.lang.IllegalStateException: Ambiguous mapping found. Cannot map &apos;appsConfigsController&apos; bean method 
public org.springframework.http.ResponseEntity&lt;java.lang.String&gt; org.ssoup.denv.server.api.v1.AppsConfigsController.getApplicationConfig(java.lang.String) throws org.ssoup.denv.server.exception.DenvException
to {[/api/v1/apps/configs],methods=[GET],params=[],headers=[],consumes=[],produces=[],custom=[]}: There is already &apos;appsConfigsController&apos; bean method
public org.springframework.http.ResponseEntity&lt;java.util.Collection&lt;java.lang.String&gt;&gt; org.ssoup.denv.server.api.v1.AppsConfigsController.listApplicationConfigNames() throws org.ssoup.denv.server.exception.DenvException mapped.
	at org.springframework.web.servlet.handler.AbstractHandlerMethodMapping.registerHandlerMethod(AbstractHandlerMethodMapping.java:192)
	at org.springframework.web.servlet.handler.AbstractHandlerMethodMapping.detectHandlerMethods(AbstractHandlerMethodMapping.java:164)
	at org.springframework.web.servlet.handler.AbstractHandlerMethodMapping.initHandlerMethods(AbstractHandlerMethodMapping.java:124)
	at org.springframework.web.servlet.handler.AbstractHandlerMethodMapping.afterPropertiesSet(AbstractHandlerMethodMapping.java:103)
	at org.springframework.web.servlet.mvc.method.annotation.RequestMappingHandlerMapping.afterPropertiesSet(RequestMappingHandlerMapping.java:126)
	at org.springframework.beans.factory.support.AbstractAutowireCapableBeanFactory.invokeInitMethods(AbstractAutowireCapableBeanFactory.java:1612)
	at org.springframework.beans.factory.support.AbstractAutowireCapableBeanFactory.initializeBean(AbstractAutowireCapableBeanFactory.java:1549)
	... 44 more
</error>
    <system-out>2014-08-24 09:54:00.971 DEBUG 11184 --- [           main] o.s.w.c.s.StandardServletEnvironment     : Adding [servletConfigInitParams] PropertySource with lowest search precedence
2014-08-24 09:54:00.984 DEBUG 11184 --- [           main] o.s.w.c.s.StandardServletEnvironment     : Adding [servletContextInitParams] PropertySource with lowest search precedence
2014-08-24 09:54:00.984 DEBUG 11184 --- [           main] o.s.w.c.s.StandardServletEnvironment     : Adding [jndiProperties] PropertySource with lowest search precedence
2014-08-24 09:54:00.985 DEBUG 11184 --- [           main] o.s.w.c.s.StandardServletEnvironment     : Adding [systemProperties] PropertySource with lowest search precedence
2014-08-24 09:54:00.985 DEBUG 11184 --- [           main] o.s.w.c.s.StandardServletEnvironment     : Adding [systemEnvironment] PropertySource with lowest search precedence
2014-08-24 09:54:00.985 DEBUG 11184 --- [           main] o.s.w.c.s.StandardServletEnvironment     : Initialized StandardServletEnvironment with PropertySources [servletConfigInitParams,servletContextInitParams,jndiProperties,systemProperties,systemEnvironment]
2014-08-24 09:54:00.985 DEBUG 11184 --- [           main] o.s.w.c.s.StandardServletEnvironment     : Adding [integrationTest] PropertySource with search precedence immediately lower than [systemEnvironment]

  .   ____          _            __ _ _
 /\\ / ___&apos;_ __ _ _(_)_ __  __ _ \ \ \ \
( ( )\___ | &apos;_ | &apos;_| | &apos;_ \/ _` | \ \ \ \
 \\/  ___)| |_)| | | | | || (_| |  ) ) ) )
  &apos;  |____| .__|_| |_|_| |_\__, | / / / /
 =========|_|==============|___/=/_/_/_/
 :: Spring Boot ::        (v1.1.4.RELEASE)

2014-08-24 09:54:01.043 DEBUG 11184 --- [           main] o.s.w.c.s.StandardServletEnvironment     : Adding [servletConfigInitParams] PropertySource with lowest search precedence
2014-08-24 09:54:01.043 DEBUG 11184 --- [           main] o.s.w.c.s.StandardServletEnvironment     : Adding [servletContextInitParams] PropertySource with lowest search precedence
2014-08-24 09:54:01.043 DEBUG 11184 --- [           main] o.s.w.c.s.StandardServletEnvironment     : Adding [jndiProperties] PropertySource with lowest search precedence
2014-08-24 09:54:01.043 DEBUG 11184 --- [           main] o.s.w.c.s.StandardServletEnvironment     : Adding [systemProperties] PropertySource with lowest search precedence
2014-08-24 09:54:01.043 DEBUG 11184 --- [           main] o.s.w.c.s.StandardServletEnvironment     : Adding [systemEnvironment] PropertySource with lowest search precedence
[...]
2014-08-24 09:54:02.886 DEBUG 11184 --- [ost-startStop-1] o.s.w.c.s.StandardServletEnvironment     : Adding [jndiProperties] PropertySource with lowest search precedence
2014-08-24 09:54:02.886 DEBUG 11184 --- [ost-startStop-1] o.s.w.c.s.StandardServletEnvironment     : Adding [systemProperties] PropertySource with lowest search precedence
2014-08-24 09:54:02.887 DEBUG 11184 --- [ost-startStop-1] o.s.w.c.s.StandardServletEnvironment     : Adding [systemEnvironment] PropertySource with lowest search precedence
2014-08-24 09:54:02.887 DEBUG 11184 --- [ost-startStop-1] o.s.w.c.s.StandardServletEnvironment     : Initialized StandardServletEnvironment with PropertySources [servletConfigInitParams,servletContextInitParams,jndiProperties,systemProperties,systemEnvironment]
2014-08-24 09:54:02.918  INFO 11184 --- [ost-startStop-1] o.s.b.c.e.ServletRegistrationBean        : Mapping servlet: &apos;dispatcherServlet&apos; to [/]
2014-08-24 09:54:02.919  INFO 11184 --- [ost-startStop-1] o.s.b.c.embedded.FilterRegistrationBean  : Mapping filter: &apos;metricFilter&apos; to: [/*]
2014-08-24 09:54:02.919  INFO 11184 --- [ost-startStop-1] o.s.b.c.embedded.FilterRegistrationBean  : Mapping filter: &apos;springSecurityFilterChain&apos; to: [/*]
2014-08-24 09:54:02.919  INFO 11184 --- [ost-startStop-1] o.s.b.c.embedded.FilterRegistrationBean  : Mapping filter: &apos;hiddenHttpMethodFilter&apos; to: [/*]
2014-08-24 09:54:02.919  INFO 11184 --- [ost-startStop-1] o.s.b.c.embedded.FilterRegistrationBean  : Mapping filter: &apos;applicationContextIdFilter&apos; to: [/*]
2014-08-24 09:54:02.919  INFO 11184 --- [ost-startStop-1] o.s.b.c.embedded.FilterRegistrationBean  : Mapping filter: &apos;webRequestLoggingFilter&apos; to: [/*]
2014-08-24 09:54:02.921 DEBUG 11184 --- [ost-startStop-1] o.s.web.filter.HiddenHttpMethodFilter    : Initializing filter &apos;hiddenHttpMethodFilter&apos;
2014-08-24 09:54:02.921 DEBUG 11184 --- [ost-startStop-1] o.s.web.filter.HiddenHttpMethodFilter    : Filter &apos;hiddenHttpMethodFilter&apos; configured successfully
2014-08-24 09:54:02.922 DEBUG 11184 --- [           main] o.s.w.c.s.StandardServletEnvironment     : Replacing [servletContextInitParams] PropertySource with [servletContextInitParams]
2014-08-24 09:54:02.956  INFO 11184 --- [           main] o.s.w.s.handler.SimpleUrlHandlerMapping  : Mapped URL path [/**/favicon.ico] onto handler of type [class org.springframework.web.servlet.resource.ResourceHttpRequestHandler]
2014-08-24 09:54:02.992 DEBUG 11184 --- [           main] s.w.s.m.m.a.RequestMappingHandlerMapping : Looking for request mappings in application context: org.springframework.boot.context.embedded.AnnotationConfigEmbeddedWebApplicationContext@1593ce6: startup date [Sun Aug 24 09:54:01 CEST 2014]; root of context hierarchy
2014-08-24 09:54:02.993  INFO 11184 --- [           main] s.w.s.m.m.a.RequestMappingHandlerMapping : Mapped &quot;{[/api/v1/apps/configs],methods=[POST],params=[],headers=[],consumes=[],produces=[],custom=[]}&quot; onto public org.springframework.http.ResponseEntity&lt;java.lang.String&gt; org.ssoup.denv.server.api.v1.AppsConfigsController.createApplicationFromFigConfiguration(java.lang.String) throws org.ssoup.denv.server.exception.DenvException
2014-08-24 09:54:02.993  INFO 11184 --- [           main] s.w.s.m.m.a.RequestMappingHandlerMapping : Mapped &quot;{[/api/v1/apps/configs],methods=[GET],params=[],headers=[],consumes=[],produces=[],custom=[]}&quot; onto public org.springframework.http.ResponseEntity&lt;java.util.Collection&lt;java.lang.String&gt;&gt; org.ssoup.denv.server.api.v1.AppsConfigsController.listApplicationConfigNames() throws org.ssoup.denv.server.exception.DenvException
2014-08-24 09:54:02.995  INFO 11184 --- [           main] o.apache.catalina.core.StandardService   : Stopping service Tomcat
2014-08-24 09:54:02.998  INFO 11184 --- [           main] .b.l.ClasspathLoggingApplicationListener : Application failed to start with classpath: [file:/C:/Users/ALB/AppData/Local/Temp/surefirebooter4053896958435887882.jar]
2014-08-24 09:54:02.999  INFO 11184 --- [           main] utoConfigurationReportLoggingInitializer : 

Error starting ApplicationContext. To display the auto-configuration report enabled debug logging (start with --debug)


2014-08-24 09:54:03.000 ERROR 11184 --- [           main] o.s.boot.SpringApplication               : Application startup failed

org.springframework.beans.factory.BeanCreationException: Error creating bean with name &apos;requestMappingHandlerMapping&apos; defined in class path resource [org/springframework/web/servlet/config/annotation/DelegatingWebMvcConfiguration.class]: Invocation of init method failed; nested exception is java.lang.IllegalStateException: Ambiguous mapping found. Cannot map &apos;appsConfigsController&apos; bean method 
public org.springframework.http.ResponseEntity&lt;java.lang.String&gt; org.ssoup.denv.server.api.v1.AppsConfigsController.getApplicationConfig(java.lang.String) throws org.ssoup.denv.server.exception.DenvException
to {[/api/v1/apps/configs],methods=[GET],params=[],headers=[],consumes=[],produces=[],custom=[]}: There is already &apos;appsConfigsController&apos; bean method
public org.springframework.http.ResponseEntity&lt;java.util.Collection&lt;java.lang.String&gt;&gt; org.ssoup.denv.server.api.v1.AppsConfigsController.listApplicationConfigNames() throws org.ssoup.denv.server.exception.DenvException mapped.
	at org.springframework.beans.factory.support.AbstractAutowireCapableBeanFactory.initializeBean(AbstractAutowireCapableBeanFactory.java:1553)
	at org.springframework.beans.factory.support.AbstractAutowireCapableBeanFactory.doCreateBean(AbstractAutowireCapableBeanFactory.java:539)
	at org.springframework.beans.factory.support.AbstractAutowireCapableBeanFactory.createBean(AbstractAutowireCapableBeanFactory.java:475)
	at org.springframework.beans.factory.support.AbstractBeanFactory$1.getObject(AbstractBeanFactory.java:302)
	at org.springframework.beans.factory.support.DefaultSingletonBeanRegistry.getSingleton(DefaultSingletonBeanRegistry.java:228)
	at org.springframework.beans.factory.support.AbstractBeanFactory.doGetBean(AbstractBeanFactory.java:298)
	at org.springframework.beans.factory.support.AbstractBeanFactory.getBean(AbstractBeanFactory.java:193)
	at org.springframework.beans.factory.support.DefaultListableBeanFactory.preInstantiateSingletons(DefaultListableBeanFactory.java:703)
	at org.springframework.context.support.AbstractApplicationContext.finishBeanFactoryInitialization(AbstractApplicationContext.java:760)
	at org.springframework.context.support.AbstractApplicationContext.refresh(AbstractApplicationContext.java:482)
	at org.springframework.boot.context.embedded.EmbeddedWebApplicationContext.refresh(EmbeddedWebApplicationContext.java:120)
	at org.springframework.boot.SpringApplication.refresh(SpringApplication.java:691)
	at org.springframework.boot.SpringApplication.run(SpringApplication.java:320)
	at org.springframework.boot.test.SpringApplicationContextLoader.loadContext(SpringApplicationContextLoader.java:107)
	at org.springframework.test.context.CacheAwareContextLoaderDelegate.loadContextInternal(CacheAwareContextLoaderDelegate.java:64)
	at org.springframework.test.context.CacheAwareContextLoaderDelegate.loadContext(CacheAwareContextLoaderDelegate.java:91)
	at org.springframework.test.context.DefaultTestContext.getApplicationContext(DefaultTestContext.java:101)
	at org.springframework.test.context.support.DependencyInjectionTestExecutionListener.injectDependencies(DependencyInjectionTestExecutionListener.java:109)
	at org.springframework.test.context.support.DependencyInjectionTestExecutionListener.prepareTestInstance(DependencyInjectionTestExecutionListener.java:75)
	at org.springframework.test.context.TestContextManager.prepareTestInstance(TestContextManager.java:331)
	at org.springframework.test.context.junit4.SpringJUnit4ClassRunner.createTest(SpringJUnit4ClassRunner.java:213)
	at org.springframework.test.context.junit4.SpringJUnit4ClassRunner$1.runReflectiveCall(SpringJUnit4ClassRunner.java:290)
	at org.junit.internal.runners.model.ReflectiveCallable.run(ReflectiveCallable.java:12)
	at org.springframework.test.context.junit4.SpringJUnit4ClassRunner.methodBlock(SpringJUnit4ClassRunner.java:292)
	at org.springframework.test.context.junit4.SpringJUnit4ClassRunner.runChild(SpringJUnit4ClassRunner.java:233)
	at org.springframework.test.context.junit4.SpringJUnit4ClassRunner.runChild(SpringJUnit4ClassRunner.java:87)
	at org.junit.runners.ParentRunner$3.run(ParentRunner.java:238)
	at org.junit.runners.ParentRunner$1.schedule(ParentRunner.java:63)
	at org.junit.runners.ParentRunner.runChildren(ParentRunner.java:236)
	at org.junit.runners.ParentRunner.access$000(ParentRunner.java:53)
	at org.junit.runners.ParentRunner$2.evaluate(ParentRunner.java:229)
	at org.springframework.test.context.junit4.statements.RunBeforeTestClassCallbacks.evaluate(RunBeforeTestClassCallbacks.java:61)
	at org.springframework.test.context.junit4.statements.RunAfterTestClassCallbacks.evaluate(RunAfterTestClassCallbacks.java:71)
	at org.junit.runners.ParentRunner.run(ParentRunner.java:309)
	at org.springframework.test.context.junit4.SpringJUnit4ClassRunner.run(SpringJUnit4ClassRunner.java:176)
	at org.apache.maven.surefire.junit4.JUnit4TestSet.execute(JUnit4TestSet.java:62)
	at org.apache.maven.surefire.suite.AbstractDirectoryTestSuite.executeTestSet(AbstractDirectoryTestSuite.java:140)
	at org.apache.maven.surefire.suite.AbstractDirectoryTestSuite.execute(AbstractDirectoryTestSuite.java:127)
	at org.apache.maven.surefire.Surefire.run(Surefire.java:177)
	at sun.reflect.NativeMethodAccessorImpl.invoke0(Native Method)
	at sun.reflect.NativeMethodAccessorImpl.invoke(NativeMethodAccessorImpl.java:39)
	at sun.reflect.DelegatingMethodAccessorImpl.invoke(DelegatingMethodAccessorImpl.java:25)
	at java.lang.reflect.Method.invoke(Method.java:597)
	at org.apache.maven.surefire.booter.SurefireBooter.runSuitesInProcess(SurefireBooter.java:345)
	at org.apache.maven.surefire.booter.SurefireBooter.main(SurefireBooter.java:1009)
Caused by: java.lang.IllegalStateException: Ambiguous mapping found. Cannot map &apos;appsConfigsController&apos; bean method 
public org.springframework.http.ResponseEntity&lt;java.lang.String&gt; org.ssoup.denv.server.api.v1.AppsConfigsController.getApplicationConfig(java.lang.String) throws org.ssoup.denv.server.exception.DenvException
to {[/api/v1/apps/configs],methods=[GET],params=[],headers=[],consumes=[],produces=[],custom=[]}: There is already &apos;appsConfigsController&apos; bean method
public org.springframework.http.ResponseEntity&lt;java.util.Collection&lt;java.lang.String&gt;&gt; org.ssoup.denv.server.api.v1.AppsConfigsController.listApplicationConfigNames() throws org.ssoup.denv.server.exception.DenvException mapped.
	at org.springframework.web.servlet.handler.AbstractHandlerMethodMapping.registerHandlerMethod(AbstractHandlerMethodMapping.java:192)
	at org.springframework.web.servlet.handler.AbstractHandlerMethodMapping.detectHandlerMethods(AbstractHandlerMethodMapping.java:164)
	at org.springframework.web.servlet.handler.AbstractHandlerMethodMapping.initHandlerMethods(AbstractHandlerMethodMapping.java:124)
	at org.springframework.web.servlet.handler.AbstractHandlerMethodMapping.afterPropertiesSet(AbstractHandlerMethodMapping.java:103)
	at org.springframework.web.servlet.mvc.method.annotation.RequestMappingHandlerMapping.afterPropertiesSet(RequestMappingHandlerMapping.java:126)
	at org.springframework.beans.factory.support.AbstractAutowireCapableBeanFactory.invokeInitMethods(AbstractAutowireCapableBeanFactory.java:1612)
	at org.springframework.beans.factory.support.AbstractAutowireCapableBeanFactory.initializeBean(AbstractAutowireCapableBeanFactory.java:1549)
	... 44 common frames omitted

2014-08-24 09:54:03.003 ERROR 11184 --- [           main] o.s.test.context.TestContextManager      : Caught exception while allowing TestExecutionListener [org.springframework.test.context.support.DependencyInjectionTestExecutionListener@1b4d679] to prepare test instance [org.ssoup.denv.server.test.BasicTest@10014f0]

java.lang.IllegalStateException: Failed to load ApplicationContext
	at org.springframework.test.context.CacheAwareContextLoaderDelegate.loadContext(CacheAwareContextLoaderDelegate.java:99)
	at org.springframework.test.context.DefaultTestContext.getApplicationContext(DefaultTestContext.java:101)
	at org.springframework.test.context.support.DependencyInjectionTestExecutionListener.injectDependencies(DependencyInjectionTestExecutionListener.java:109)
	at org.springframework.test.context.support.DependencyInjectionTestExecutionListener.prepareTestInstance(DependencyInjectionTestExecutionListener.java:75)
	at org.springframework.test.context.TestContextManager.prepareTestInstance(TestContextManager.java:331)
	at org.springframework.test.context.junit4.SpringJUnit4ClassRunner.createTest(SpringJUnit4ClassRunner.java:213)
	at org.springframework.test.context.junit4.SpringJUnit4ClassRunner$1.runReflectiveCall(SpringJUnit4ClassRunner.java:290)
	at org.junit.internal.runners.model.ReflectiveCallable.run(ReflectiveCallable.java:12)
	at org.springframework.test.context.junit4.SpringJUnit4ClassRunner.methodBlock(SpringJUnit4ClassRunner.java:292)
	at org.springframework.test.context.junit4.SpringJUnit4ClassRunner.runChild(SpringJUnit4ClassRunner.java:233)
	at org.springframework.test.context.junit4.SpringJUnit4ClassRunner.runChild(SpringJUnit4ClassRunner.java:87)
	at org.junit.runners.ParentRunner$3.run(ParentRunner.java:238)
	at org.junit.runners.ParentRunner$1.schedule(ParentRunner.java:63)
	at org.junit.runners.ParentRunner.runChildren(ParentRunner.java:236)
	at org.junit.runners.ParentRunner.access$000(ParentRunner.java:53)
	at org.junit.runners.ParentRunner$2.evaluate(ParentRunner.java:229)
	at org.springframework.test.context.junit4.statements.RunBeforeTestClassCallbacks.evaluate(RunBeforeTestClassCallbacks.java:61)
	at org.springframework.test.context.junit4.statements.RunAfterTestClassCallbacks.evaluate(RunAfterTestClassCallbacks.java:71)
	at org.junit.runners.ParentRunner.run(ParentRunner.java:309)
	at org.springframework.test.context.junit4.SpringJUnit4ClassRunner.run(SpringJUnit4ClassRunner.java:176)
	at org.apache.maven.surefire.junit4.JUnit4TestSet.execute(JUnit4TestSet.java:62)
	at org.apache.maven.surefire.suite.AbstractDirectoryTestSuite.executeTestSet(AbstractDirectoryTestSuite.java:140)
	at org.apache.maven.surefire.suite.AbstractDirectoryTestSuite.execute(AbstractDirectoryTestSuite.java:127)
	at org.apache.maven.surefire.Surefire.run(Surefire.java:177)
	at sun.reflect.NativeMethodAccessorImpl.invoke0(Native Method)
	at sun.reflect.NativeMethodAccessorImpl.invoke(NativeMethodAccessorImpl.java:39)
	at sun.reflect.DelegatingMethodAccessorImpl.invoke(DelegatingMethodAccessorImpl.java:25)
	at java.lang.reflect.Method.invoke(Method.java:597)
	at org.apache.maven.surefire.booter.SurefireBooter.runSuitesInProcess(SurefireBooter.java:345)
	at org.apache.maven.surefire.booter.SurefireBooter.main(SurefireBooter.java:1009)
Caused by: org.springframework.beans.factory.BeanCreationException: Error creating bean with name &apos;requestMappingHandlerMapping&apos; defined in class path resource [org/springframework/web/servlet/config/annotation/DelegatingWebMvcConfiguration.class]: Invocation of init method failed; nested exception is java.lang.IllegalStateException: Ambiguous mapping found. Cannot map &apos;appsConfigsController&apos; bean method 
public org.springframework.http.ResponseEntity&lt;java.lang.String&gt; org.ssoup.denv.server.api.v1.AppsConfigsController.getApplicationConfig(java.lang.String) throws org.ssoup.denv.server.exception.DenvException
to {[/api/v1/apps/configs],methods=[GET],params=[],headers=[],consumes=[],produces=[],custom=[]}: There is already &apos;appsConfigsController&apos; bean method
public org.springframework.http.ResponseEntity&lt;java.util.Collection&lt;java.lang.String&gt;&gt; org.ssoup.denv.server.api.v1.AppsConfigsController.listApplicationConfigNames() throws org.ssoup.denv.server.exception.DenvException mapped.
	at org.springframework.beans.factory.support.AbstractAutowireCapableBeanFactory.initializeBean(AbstractAutowireCapableBeanFactory.java:1553)
	at org.springframework.beans.factory.support.AbstractAutowireCapableBeanFactory.doCreateBean(AbstractAutowireCapableBeanFactory.java:539)
	at org.springframework.beans.factory.support.AbstractAutowireCapableBeanFactory.createBean(AbstractAutowireCapableBeanFactory.java:475)
	at org.springframework.beans.factory.support.AbstractBeanFactory$1.getObject(AbstractBeanFactory.java:302)
	at org.springframework.beans.factory.support.DefaultSingletonBeanRegistry.getSingleton(DefaultSingletonBeanRegistry.java:228)
	at org.springframework.beans.factory.support.AbstractBeanFactory.doGetBean(AbstractBeanFactory.java:298)
	at org.springframework.beans.factory.support.AbstractBeanFactory.getBean(AbstractBeanFactory.java:193)
	at org.springframework.beans.factory.support.DefaultListableBeanFactory.preInstantiateSingletons(DefaultListableBeanFactory.java:703)
	at org.springframework.context.support.AbstractApplicationContext.finishBeanFactoryInitialization(AbstractApplicationContext.java:760)
	at org.springframework.context.support.AbstractApplicationContext.refresh(AbstractApplicationContext.java:482)
	at org.springframework.boot.context.embedded.EmbeddedWebApplicationContext.refresh(EmbeddedWebApplicationContext.java:120)
	at org.springframework.boot.SpringApplication.refresh(SpringApplication.java:691)
	at org.springframework.boot.SpringApplication.run(SpringApplication.java:320)
	at org.springframework.boot.test.SpringApplicationContextLoader.loadContext(SpringApplicationContextLoader.java:107)
	at org.springframework.test.context.CacheAwareContextLoaderDelegate.loadContextInternal(CacheAwareContextLoaderDelegate.java:64)
	at org.springframework.test.context.CacheAwareContextLoaderDelegate.loadContext(CacheAwareContextLoaderDelegate.java:91)
	... 29 common frames omitted
Caused by: java.lang.IllegalStateException: Ambiguous mapping found. Cannot map &apos;appsConfigsController&apos; bean method 
public org.springframework.http.ResponseEntity&lt;java.lang.String&gt; org.ssoup.denv.server.api.v1.AppsConfigsController.getApplicationConfig(java.lang.String) throws org.ssoup.denv.server.exception.DenvException
to {[/api/v1/apps/configs],methods=[GET],params=[],headers=[],consumes=[],produces=[],custom=[]}: There is already &apos;appsConfigsController&apos; bean method
public org.springframework.http.ResponseEntity&lt;java.util.Collection&lt;java.lang.String&gt;&gt; org.ssoup.denv.server.api.v1.AppsConfigsController.listApplicationConfigNames() throws org.ssoup.denv.server.exception.DenvException mapped.
	at org.springframework.web.servlet.handler.AbstractHandlerMethodMapping.registerHandlerMethod(AbstractHandlerMethodMapping.java:192)
	at org.springframework.web.servlet.handler.AbstractHandlerMethodMapping.detectHandlerMethods(AbstractHandlerMethodMapping.java:164)
	at org.springframework.web.servlet.handler.AbstractHandlerMethodMapping.initHandlerMethods(AbstractHandlerMethodMapping.java:124)
	at org.springframework.web.servlet.handler.AbstractHandlerMethodMapping.afterPropertiesSet(AbstractHandlerMethodMapping.java:103)
	at org.springframework.web.servlet.mvc.method.annotation.RequestMappingHandlerMapping.afterPropertiesSet(RequestMappingHandlerMapping.java:126)
	at org.springframework.beans.factory.support.AbstractAutowireCapableBeanFactory.invokeInitMethods(AbstractAutowireCapableBeanFactory.java:1612)
	at org.springframework.beans.factory.support.AbstractAutowireCapableBeanFactory.initializeBean(AbstractAutowireCapableBeanFactory.java:1549)
	... 44 common frames omitted

</system-out>
  </testcase>
</testsuite>